<?xml version="1.0" encoding="UTF-8"?>
<testsuites name="Customer Portal" time="284" tests="10" failures="5" errors="0">
   <testsuite name="Customer Portal" tests="10" failures="5" errors="0" time="284" timestamp="2018-06-05 12:00:05" hostname="Neethu.v - Neethu-v.Bridgeglobal.local" id="Test Suites/Customer Portal">
      <properties>
         <property name="deviceName" value=""/>
         <property name="devicePlatform" value=""/>
         <property name="logFolder" value="E:\\Ahus-Katalon-Git\\Reports\\Customer Portal\\20180605_114807"/>
         <property name="logFiles" value="E:\\Ahus-Katalon-Git\\Reports\\Customer Portal\\20180605_114807\\execution0.log"/>
         <property name="attachments" value="E:\\Ahus-Katalon-Git\\Reports\\Customer Portal\\20180605_114807\\1528180325266.png, E:\\Ahus-Katalon-Git\\Reports\\Customer Portal\\20180605_114807\\1528180360670.png, E:\\Ahus-Katalon-Git\\Reports\\Customer Portal\\20180605_114807\\1528180396020.png, E:\\Ahus-Katalon-Git\\Reports\\Customer Portal\\20180605_114807\\1528180431731.png, E:\\Ahus-Katalon-Git\\Reports\\Customer Portal\\20180605_114807\\1528180467184.png"/>
         <property name="hostName" value="Neethu.v - Neethu-v.Bridgeglobal.local"/>
         <property name="os" value="Windows 10 64bit"/>
         <property name="katalonVersion" value="5.4.2.1"/>
         <property name="browser" value="Firefox 56.0"/>
         <property name="hostAddress" value="172.16.12.47"/>
         <property name="sessionId" value="1ebf2dd0-ad55-4bab-bbe9-538d98166a16"/>
         <property name="seleniumVersion" value="3.7.1"/>
         <property name="proxyInformation" value="ProxyInformation{proxyOption=NO_PROXY, proxyServerType=HTTP, password=, proxyServerAddress=, proxyServerPort=0}"/>
         <property name="platform" value="Windows 10"/>
      </properties>
      <testcase name="Test Cases/Clear cache" classname="Test Cases/Clear cache" status="PASSED">
         <system-out><![CDATA[2018-06-05 12:00:05 - [TEST_CASE][PASSED] - Test Cases/Clear cache: Test Cases/Clear cache

2018-06-05 12:00:05 - [TEST_STEP][PASSED] - deleteAllCookies: Delete all cookies successfully

2018-06-05 12:00:05 - [MESSAGE][WARNING] - Cannot delete cookies because browser is closed

2018-06-05 12:00:05 - [MESSAGE][PASSED] - Delete all cookies successfully]]></system-out>
         <system-err><![CDATA[]]></system-err>
      </testcase>
      <testcase name="Test Cases/Start page" classname="Test Cases/Start page" status="PASSED">
         <system-out><![CDATA[2018-06-05 12:00:05 - [TEST_CASE][PASSED] - Test Cases/Start page: Test Cases/Start page

2018-06-05 12:00:06 - [TEST_STEP][PASSED] - openBrowser: Browser is opened with url: ''

2018-06-05 12:00:16 - [MESSAGE][PASSED] - Browser is opened with url: ''

2018-06-05 12:00:16 - [TEST_STEP][PASSED] - maximizeWindow: Current window maximized

2018-06-05 12:00:16 - [MESSAGE][PASSED] - Current window maximized

2018-06-05 12:00:16 - [TEST_STEP][PASSED] - navigateToUrl: Navigate to 'http://ahusonline.utv.derome.se/' successfully

2018-06-05 12:00:29 - [MESSAGE][PASSED] - Navigate to 'http://ahusonline.utv.derome.se/' successfully

2018-06-05 12:00:29 - [TEST_STEP][PASSED] - waitForElementVisible: Object 'Object Repository/Element in start page' is visible

2018-06-05 12:00:29 - [MESSAGE][PASSED] - Object 'Object Repository/Element in start page' is visible

2018-06-05 12:00:29 - [TEST_STEP][PASSED] - click: Object: 'Object Repository/Customer registration from HB/Close - strt page popup' is clicked on

2018-06-05 12:00:29 - [MESSAGE][PASSED] - Object: 'Object Repository/Customer registration from HB/Close - strt page popup' is clicked on]]></system-out>
         <system-err><![CDATA[]]></system-err>
      </testcase>
      <testcase name="Test Cases/Customer-Login" classname="Test Cases/Customer-Login" status="PASSED">
         <system-out><![CDATA[2018-06-05 12:00:29 - [TEST_CASE][PASSED] - Test Cases/Customer-Login: Test Cases/Customer-Login

2018-06-05 12:00:29 - [TEST_STEP][PASSED] - click: Object: 'Object Repository/Customer registration from HB/a_Login' is clicked on

2018-06-05 12:00:31 - [MESSAGE][PASSED] - Object: 'Object Repository/Customer registration from HB/a_Login' is clicked on

2018-06-05 12:00:31 - [TEST_STEP][PASSED] - setText: Text 'test@spara.com' is set on object 'Object Repository/Login-username'

2018-06-05 12:00:33 - [MESSAGE][PASSED] - Text 'test@spara.com' is set on object 'Object Repository/Login-username'

2018-06-05 12:00:33 - [TEST_STEP][PASSED] - setText: Text '1234' is set on object 'Object Repository/Login-password'

2018-06-05 12:00:34 - [MESSAGE][PASSED] - Text '1234' is set on object 'Object Repository/Login-password'

2018-06-05 12:00:34 - [TEST_STEP][PASSED] - click: Object: 'Object Repository/button_Logga in' is clicked on

2018-06-05 12:00:34 - [MESSAGE][PASSED] - Object: 'Object Repository/button_Logga in' is clicked on

2018-06-05 12:00:34 - [TEST_STEP][PASSED] - waitForPageLoad: Wait for page load successfully

2018-06-05 12:00:34 - [MESSAGE][PASSED] - Wait for page load successfully]]></system-out>
         <system-err><![CDATA[]]></system-err>
      </testcase>
      <testcase name="Test Cases/Move to Start Page" classname="Test Cases/Move to Start Page" status="PASSED">
         <system-out><![CDATA[2018-06-05 12:00:34 - [TEST_CASE][PASSED] - Test Cases/Move to Start Page: Test Cases/Move to Start Page

2018-06-05 12:00:34 - [TEST_STEP][PASSED] - click: Object: 'Object Repository/Move to home page from logged in' is clicked on

2018-06-05 12:00:34 - [MESSAGE][PASSED] - Object: 'Object Repository/Move to home page from logged in' is clicked on

2018-06-05 12:00:34 - [TEST_STEP][PASSED] - waitForElementVisible: Web element with id: 'Object Repository/Element after login from start page' located by 'By.xpath: //form[@class='login-box']//a' not found

2018-06-05 12:01:08 - [MESSAGE][WARNING] - Web element with id: 'Object Repository/Element after login from start page' located by 'By.xpath: //form[@class='login-box']//a' not found]]></system-out>
         <system-err><![CDATA[]]></system-err>
      </testcase>
      <testcase name="Test Cases/Municipality dropdown field-start page" classname="Test Cases/Municipality dropdown field-start page" status="PASSED">
         <system-out><![CDATA[2018-06-05 12:01:08 - [TEST_CASE][PASSED] - Test Cases/Municipality dropdown field-start page: Test Cases/Municipality dropdown field-start page

2018-06-05 12:01:08 - [TEST_STEP][PASSED] - click: Object: 'Object Repository/Start page elements/Municipality select field' is clicked on

2018-06-05 12:01:09 - [MESSAGE][PASSED] - Object: 'Object Repository/Start page elements/Municipality select field' is clicked on]]></system-out>
         <system-err><![CDATA[]]></system-err>
      </testcase>
      <testcase name="Test Cases/Select Municiplality from Start page" classname="Test Cases/Select Municiplality from Start page" status="PASSED">
         <system-out><![CDATA[2018-06-05 12:01:09 - [TEST_CASE][PASSED] - Test Cases/Select Municiplality from Start page: Test Cases/Select Municiplality from Start page

2018-06-05 12:01:09 - [TEST_STEP][PASSED] - click: Object: 'Object Repository/Start page elements/Select Municipality-start page' is clicked on

2018-06-05 12:01:09 - [MESSAGE][PASSED] - Object: 'Object Repository/Start page elements/Select Municipality-start page' is clicked on

2018-06-05 12:01:09 - [TEST_STEP][PASSED] - getText: Text of object 'Object Repository/Start page elements/Select Municipality-start page' is: 'Ale'

2018-06-05 12:01:16 - [MESSAGE][PASSED] - Text of object 'Object Repository/Start page elements/Select Municipality-start page' is: 'Ale']]></system-out>
         <system-err><![CDATA[]]></system-err>
      </testcase>
      <testcase name="Test Cases/Select House From House Listing Page - HB" classname="Test Cases/Select House From House Listing Page - HB" status="PASSED">
         <system-out><![CDATA[2018-06-05 12:01:16 - [TEST_CASE][PASSED] - Test Cases/Select House From House Listing Page - HB: Test Cases/Select House From House Listing Page - HB

2018-06-05 12:01:16 - [TEST_STEP][PASSED] - click: Object: 'Object Repository/House Listing Page/Select House from House listing' is clicked on

2018-06-05 12:01:27 - [MESSAGE][PASSED] - Object: 'Object Repository/House Listing Page/Select House from House listing' is clicked on]]></system-out>
         <system-err><![CDATA[]]></system-err>
      </testcase>
      <testcase name="Test Cases/Make Changes in Configuration - Customer" classname="Test Cases/Make Changes in Configuration - Customer" status="PASSED">
         <system-out><![CDATA[2018-06-05 12:01:27 - [TEST_CASE][PASSED] - Test Cases/Make Changes in Configuration - Customer: Test Cases/Make Changes in Configuration - Customer

2018-06-05 12:01:27 - [TEST_STEP][PASSED] - click: Object: 'Object Repository/Make Changes in Configuration/Configuration change - utvandiga val' is clicked on

2018-06-05 12:01:28 - [MESSAGE][PASSED] - Object: 'Object Repository/Make Changes in Configuration/Configuration change - utvandiga val' is clicked on

2018-06-05 12:01:28 - [TEST_STEP][PASSED] - getText: Text of object 'Object Repository/Make Changes in Configuration/Configuration change - utvandiga val' is: 'VINDSKIVOR OCH FODER'

2018-06-05 12:01:30 - [MESSAGE][PASSED] - Text of object 'Object Repository/Make Changes in Configuration/Configuration change - utvandiga val' is: 'VINDSKIVOR OCH FODER'

2018-06-05 12:01:30 - [TEST_STEP][PASSED] - click: Object: 'Object Repository/Make Changes in Configuration/Select products from categories' is clicked on

2018-06-05 12:01:30 - [MESSAGE][PASSED] - Object: 'Object Repository/Make Changes in Configuration/Select products from categories' is clicked on

2018-06-05 12:01:30 - [TEST_STEP][PASSED] - getText: Text of object 'Object Repository/Make Changes in Configuration/Select products from categories' is: ''

2018-06-05 12:01:30 - [MESSAGE][PASSED] - Text of object 'Object Repository/Make Changes in Configuration/Select products from categories' is: '']]></system-out>
         <system-err><![CDATA[]]></system-err>
      </testcase>
      <testcase name="Test Cases/Save Configuration" classname="Test Cases/Save Configuration" status="FAILED">
         <failure type="FAILED" message="Unable to click on object 'Object Repository/Save Configuration/span_Spara' (Root cause: com.kms.katalon.core.webui.exception.WebElementNotFoundException: Web element with id: 'Object Repository/Save Configuration/span_Spara' located by 'By.xpath: //span[contains(.,'Spara')]' not found)"/>
         <system-out><![CDATA[2018-06-05 12:01:30 - [TEST_CASE][FAILED] - Test Cases/Save Configuration: Test Cases/Save Configuration FAILED because (of) Unable to click on object 'Object Repository/Save Configuration/span_Spara' (Root cause: com.kms.katalon.core.webui.exception.WebElementNotFoundException: Web element with id: 'Object Repository/Save Configuration/span_Spara' located by 'By.xpath: //span[contains(.,'Spara')]' not found)

2018-06-05 12:01:30 - [TEST_STEP][PASSED] - waitForPageLoad: Wait for page load successfully

2018-06-05 12:01:30 - [MESSAGE][PASSED] - Wait for page load successfully

2018-06-05 12:01:30 - [TEST_STEP][PASSED] - getText: Text of object 'Object Repository/Save Configuration/Get text From Save Configuration' is: 'Byggsats,'

2018-06-05 12:01:31 - [MESSAGE][PASSED] - Text of object 'Object Repository/Save Configuration/Get text From Save Configuration' is: 'Byggsats,'

2018-06-05 12:01:31 - [TEST_STEP][FAILED] - click: Unable to click on object 'Object Repository/Save Configuration/span_Spara' (Root cause: com.kms.katalon.core.webui.exception.WebElementNotFoundException: Web element with id: 'Object Repository/Save Configuration/span_Spara' located by 'By.xpath: //span[contains(.,'Spara')]' not found)

2018-06-05 12:02:06 - [MESSAGE][FAILED] - Unable to click on object 'Object Repository/Save Configuration/span_Spara' (Root cause: com.kms.katalon.core.webui.exception.WebElementNotFoundException: Web element with id: 'Object Repository/Save Configuration/span_Spara' located by 'By.xpath: //span[contains(.,'Spara')]' not found)
[[ATTACHMENT|E:\\Ahus-Katalon-Git\\Reports\\Customer Portal\\20180605_114807\\1528180325266.png]]]]></system-out>
         <system-err><![CDATA[2018-06-05 12:01:30 - [TEST_CASE][FAILED] - Test Cases/Save Configuration: Test Cases/Save Configuration FAILED because (of) Unable to click on object 'Object Repository/Save Configuration/span_Spara' (Root cause: com.kms.katalon.core.webui.exception.WebElementNotFoundException: Web element with id: 'Object Repository/Save Configuration/span_Spara' located by 'By.xpath: //span[contains(.,'Spara')]' not found)]]></system-err>
      </testcase>
      <testcase name="Test Cases/Navigation to Offert Popup" classname="Test Cases/Navigation to Offert Popup" status="FAILED">
         <failure type="FAILED" message="Unable to click on object 'Object Repository/Move to Offert Popup/Offert Button Click - Offert Popup' (Root cause: com.kms.katalon.core.webui.exception.WebElementNotFoundException: Web element with id: 'Object Repository/Move to Offert Popup/Offert Button Click - Offert Popup' located by 'By.xpath: //a[(text() = 'Offert' or . = 'Offert')]' not found)"/>
         <system-out><![CDATA[2018-06-05 12:02:06 - [TEST_CASE][FAILED] - Test Cases/Navigation to Offert Popup: Test Cases/Navigation to Offert Popup FAILED because (of) Unable to click on object 'Object Repository/Move to Offert Popup/Offert Button Click - Offert Popup' (Root cause: com.kms.katalon.core.webui.exception.WebElementNotFoundException: Web element with id: 'Object Repository/Move to Offert Popup/Offert Button Click - Offert Popup' located by 'By.xpath: //a[(text() = 'Offert' or . = 'Offert')]' not found)

2018-06-05 12:02:06 - [TEST_STEP][FAILED] - click: Unable to click on object 'Object Repository/Move to Offert Popup/Offert Button Click - Offert Popup' (Root cause: com.kms.katalon.core.webui.exception.WebElementNotFoundException: Web element with id: 'Object Repository/Move to Offert Popup/Offert Button Click - Offert Popup' located by 'By.xpath: //a[(text() = 'Offert' or . = 'Offert')]' not found)

2018-06-05 12:02:41 - [MESSAGE][FAILED] - Unable to click on object 'Object Repository/Move to Offert Popup/Offert Button Click - Offert Popup' (Root cause: com.kms.katalon.core.webui.exception.WebElementNotFoundException: Web element with id: 'Object Repository/Move to Offert Popup/Offert Button Click - Offert Popup' located by 'By.xpath: //a[(text() = 'Offert' or . = 'Offert')]' not found)
[[ATTACHMENT|E:\\Ahus-Katalon-Git\\Reports\\Customer Portal\\20180605_114807\\1528180360670.png]]]]></system-out>
         <system-err><![CDATA[2018-06-05 12:02:06 - [TEST_CASE][FAILED] - Test Cases/Navigation to Offert Popup: Test Cases/Navigation to Offert Popup FAILED because (of) Unable to click on object 'Object Repository/Move to Offert Popup/Offert Button Click - Offert Popup' (Root cause: com.kms.katalon.core.webui.exception.WebElementNotFoundException: Web element with id: 'Object Repository/Move to Offert Popup/Offert Button Click - Offert Popup' located by 'By.xpath: //a[(text() = 'Offert' or . = 'Offert')]' not found)]]></system-err>
      </testcase>
      <testcase name="Test Cases/Fill into Offert Form" classname="Test Cases/Fill into Offert Form" status="FAILED">
         <failure type="FAILED" message="Unable to click on object 'Object Repository/Fill Offert From/Construction Type RadioButton' (Root cause: com.kms.katalon.core.webui.exception.WebElementNotFoundException: Web element with id: 'Object Repository/Fill Offert From/Construction Type RadioButton' located by 'By.xpath: //input[@ng-reflect-value=&quot;Totalentreprenad&quot;]' not found)"/>
         <system-out><![CDATA[2018-06-05 12:02:41 - [TEST_CASE][FAILED] - Test Cases/Fill into Offert Form: Test Cases/Fill into Offert Form FAILED because (of) Unable to click on object 'Object Repository/Fill Offert From/Construction Type RadioButton' (Root cause: com.kms.katalon.core.webui.exception.WebElementNotFoundException: Web element with id: 'Object Repository/Fill Offert From/Construction Type RadioButton' located by 'By.xpath: //input[@ng-reflect-value="Totalentreprenad"]' not found)

2018-06-05 12:02:42 - [TEST_STEP][FAILED] - click: Unable to click on object 'Object Repository/Fill Offert From/Construction Type RadioButton' (Root cause: com.kms.katalon.core.webui.exception.WebElementNotFoundException: Web element with id: 'Object Repository/Fill Offert From/Construction Type RadioButton' located by 'By.xpath: //input[@ng-reflect-value="Totalentreprenad"]' not found)

2018-06-05 12:03:17 - [MESSAGE][FAILED] - Unable to click on object 'Object Repository/Fill Offert From/Construction Type RadioButton' (Root cause: com.kms.katalon.core.webui.exception.WebElementNotFoundException: Web element with id: 'Object Repository/Fill Offert From/Construction Type RadioButton' located by 'By.xpath: //input[@ng-reflect-value="Totalentreprenad"]' not found)
[[ATTACHMENT|E:\\Ahus-Katalon-Git\\Reports\\Customer Portal\\20180605_114807\\1528180396020.png]]]]></system-out>
         <system-err><![CDATA[2018-06-05 12:02:41 - [TEST_CASE][FAILED] - Test Cases/Fill into Offert Form: Test Cases/Fill into Offert Form FAILED because (of) Unable to click on object 'Object Repository/Fill Offert From/Construction Type RadioButton' (Root cause: com.kms.katalon.core.webui.exception.WebElementNotFoundException: Web element with id: 'Object Repository/Fill Offert From/Construction Type RadioButton' located by 'By.xpath: //input[@ng-reflect-value="Totalentreprenad"]' not found)]]></system-err>
      </testcase>
      <testcase name="Test Cases/Accept OFFERTFORFRAGAN popup" classname="Test Cases/Accept OFFERTFORFRAGAN popup" status="FAILED">
         <failure type="FAILED" message="Unable to click on object 'Object Repository/OFFERTFORFRAGAN Popup/Okay Button From OFFERTFORFRAGAN Popup' (Root cause: com.kms.katalon.core.webui.exception.WebElementNotFoundException: Web element with id: 'Object Repository/OFFERTFORFRAGAN Popup/Okay Button From OFFERTFORFRAGAN Popup' located by 'By.xpath: //a[(text() = 'Ok' or . = 'Ok')]' not found)"/>
         <system-out><![CDATA[2018-06-05 12:03:17 - [TEST_CASE][FAILED] - Test Cases/Accept OFFERTFORFRAGAN popup: Test Cases/Accept OFFERTFORFRAGAN popup FAILED because (of) Unable to click on object 'Object Repository/OFFERTFORFRAGAN Popup/Okay Button From OFFERTFORFRAGAN Popup' (Root cause: com.kms.katalon.core.webui.exception.WebElementNotFoundException: Web element with id: 'Object Repository/OFFERTFORFRAGAN Popup/Okay Button From OFFERTFORFRAGAN Popup' located by 'By.xpath: //a[(text() = 'Ok' or . = 'Ok')]' not found)

2018-06-05 12:03:17 - [TEST_STEP][FAILED] - click: Unable to click on object 'Object Repository/OFFERTFORFRAGAN Popup/Okay Button From OFFERTFORFRAGAN Popup' (Root cause: com.kms.katalon.core.webui.exception.WebElementNotFoundException: Web element with id: 'Object Repository/OFFERTFORFRAGAN Popup/Okay Button From OFFERTFORFRAGAN Popup' located by 'By.xpath: //a[(text() = 'Ok' or . = 'Ok')]' not found)

2018-06-05 12:03:53 - [MESSAGE][FAILED] - Unable to click on object 'Object Repository/OFFERTFORFRAGAN Popup/Okay Button From OFFERTFORFRAGAN Popup' (Root cause: com.kms.katalon.core.webui.exception.WebElementNotFoundException: Web element with id: 'Object Repository/OFFERTFORFRAGAN Popup/Okay Button From OFFERTFORFRAGAN Popup' located by 'By.xpath: //a[(text() = 'Ok' or . = 'Ok')]' not found)
[[ATTACHMENT|E:\\Ahus-Katalon-Git\\Reports\\Customer Portal\\20180605_114807\\1528180431731.png]]]]></system-out>
         <system-err><![CDATA[2018-06-05 12:03:17 - [TEST_CASE][FAILED] - Test Cases/Accept OFFERTFORFRAGAN popup: Test Cases/Accept OFFERTFORFRAGAN popup FAILED because (of) Unable to click on object 'Object Repository/OFFERTFORFRAGAN Popup/Okay Button From OFFERTFORFRAGAN Popup' (Root cause: com.kms.katalon.core.webui.exception.WebElementNotFoundException: Web element with id: 'Object Repository/OFFERTFORFRAGAN Popup/Okay Button From OFFERTFORFRAGAN Popup' located by 'By.xpath: //a[(text() = 'Ok' or . = 'Ok')]' not found)]]></system-err>
      </testcase>
      <testcase name="Test Cases/Move to Compilation Page" classname="Test Cases/Move to Compilation Page" status="FAILED">
         <failure type="FAILED" message="Unable to scroll to object 'Object Repository/Click on Visa Offertforfragan/Click on Button_Visa offertfrfrgan' (Root cause: com.kms.katalon.core.webui.exception.WebElementNotFoundException: Web element with id: 'Object Repository/Click on Visa Offertforfragan/Click on Button_Visa offertfrfrgan' located by 'By.xpath: //button[@type = 'submit' and (text() = 'Visa offertförfrågan' or . = 'Visa offertförfrågan')]' not found)"/>
         <system-out><![CDATA[2018-06-05 12:03:53 - [TEST_CASE][FAILED] - Test Cases/Move to Compilation Page: Test Cases/Move to Compilation Page FAILED because (of) Unable to scroll to object 'Object Repository/Click on Visa Offertforfragan/Click on Button_Visa offertfrfrgan' (Root cause: com.kms.katalon.core.webui.exception.WebElementNotFoundException: Web element with id: 'Object Repository/Click on Visa Offertforfragan/Click on Button_Visa offertfrfrgan' located by 'By.xpath: //button[@type = 'submit' and (text() = 'Visa offertförfrågan' or . = 'Visa offertförfrågan')]' not found)

2018-06-05 12:03:53 - [TEST_STEP][FAILED] - scrollToElement: Unable to scroll to object 'Object Repository/Click on Visa Offertforfragan/Click on Button_Visa offertfrfrgan' (Root cause: com.kms.katalon.core.webui.exception.WebElementNotFoundException: Web element with id: 'Object Repository/Click on Visa Offertforfragan/Click on Button_Visa offertfrfrgan' located by 'By.xpath: //button[@type = 'submit' and (text() = 'Visa offertförfrågan' or . = 'Visa offertförfrågan')]' not found)

2018-06-05 12:04:28 - [MESSAGE][FAILED] - Unable to scroll to object 'Object Repository/Click on Visa Offertforfragan/Click on Button_Visa offertfrfrgan' (Root cause: com.kms.katalon.core.webui.exception.WebElementNotFoundException: Web element with id: 'Object Repository/Click on Visa Offertforfragan/Click on Button_Visa offertfrfrgan' located by 'By.xpath: //button[@type = 'submit' and (text() = 'Visa offertförfrågan' or . = 'Visa offertförfrågan')]' not found)
[[ATTACHMENT|E:\\Ahus-Katalon-Git\\Reports\\Customer Portal\\20180605_114807\\1528180467184.png]]]]></system-out>
         <system-err><![CDATA[2018-06-05 12:03:53 - [TEST_CASE][FAILED] - Test Cases/Move to Compilation Page: Test Cases/Move to Compilation Page FAILED because (of) Unable to scroll to object 'Object Repository/Click on Visa Offertforfragan/Click on Button_Visa offertfrfrgan' (Root cause: com.kms.katalon.core.webui.exception.WebElementNotFoundException: Web element with id: 'Object Repository/Click on Visa Offertforfragan/Click on Button_Visa offertfrfrgan' located by 'By.xpath: //button[@type = 'submit' and (text() = 'Visa offertförfrågan' or . = 'Visa offertförfrågan')]' not found)]]></system-err>
      </testcase>
      <testcase name="Test Cases/Visit Seller Portal" classname="Test Cases/Visit Seller Portal" status="PASSED">
         <system-out><![CDATA[2018-06-05 12:04:28 - [TEST_CASE][PASSED] - Test Cases/Visit Seller Portal: Test Cases/Visit Seller Portal

2018-06-05 12:04:28 - [TEST_STEP][PASSED] - openBrowser: Browser is opened with url: 'http://ahusonline.utv.derome.se/salj-portal'

2018-06-05 12:04:28 - [MESSAGE][WARNING] - A browser is already opened. Closing browser and opening a new one

2018-06-05 12:04:42 - [MESSAGE][PASSED] - Browser is opened with url: 'http://ahusonline.utv.derome.se/salj-portal'

2018-06-05 12:04:42 - [TEST_STEP][PASSED] - maximizeWindow: Current window maximized

2018-06-05 12:04:43 - [MESSAGE][PASSED] - Current window maximized]]></system-out>
         <system-err><![CDATA[]]></system-err>
      </testcase>
      <testcase name="Test Cases/Seller Login" classname="Test Cases/Seller Login" status="PASSED">
         <system-out><![CDATA[2018-06-05 12:04:43 - [TEST_CASE][PASSED] - Test Cases/Seller Login: Test Cases/Seller Login

2018-06-05 12:04:43 - [TEST_STEP][PASSED] - click: Object: 'Object Repository/Login as Seller/Seller Login - Username' is clicked on

2018-06-05 12:04:43 - [MESSAGE][PASSED] - Object: 'Object Repository/Login as Seller/Seller Login - Username' is clicked on

2018-06-05 12:04:43 - [TEST_STEP][PASSED] - sendKeys: Keys 'neethuv' sent to object: 'Object Repository/Login as Seller/Seller Login - Username'

2018-06-05 12:04:43 - [MESSAGE][PASSED] - Keys 'neethuv' sent to object: 'Object Repository/Login as Seller/Seller Login - Username'

2018-06-05 12:04:43 - [TEST_STEP][PASSED] - click: Object: 'Object Repository/Login as Seller/Seller Login - Password' is clicked on

2018-06-05 12:04:44 - [MESSAGE][PASSED] - Object: 'Object Repository/Login as Seller/Seller Login - Password' is clicked on

2018-06-05 12:04:44 - [TEST_STEP][PASSED] - sendKeys: Keys 'Test12345' sent to object: 'Object Repository/Login as Seller/Seller Login - Password'

2018-06-05 12:04:44 - [MESSAGE][PASSED] - Keys 'Test12345' sent to object: 'Object Repository/Login as Seller/Seller Login - Password'

2018-06-05 12:04:44 - [TEST_STEP][PASSED] - click: Object: 'Object Repository/Login as Seller/Login Button' is clicked on

2018-06-05 12:04:50 - [MESSAGE][PASSED] - Object: 'Object Repository/Login as Seller/Login Button' is clicked on

2018-06-05 12:04:50 - [TEST_STEP][PASSED] - waitForPageLoad: Wait for page load successfully

2018-06-05 12:04:50 - [MESSAGE][PASSED] - Wait for page load successfully]]></system-out>
         <system-err><![CDATA[]]></system-err>
      </testcase>
      <system-out><![CDATA[2018-06-05 12:00:05 - [TEST_SUITE][FAILED] - Customer Portal: Test Cases/Save Configuration FAILED because (of) Unable to click on object 'Object Repository/Save Configuration/span_Spara' (Root cause: com.kms.katalon.core.webui.exception.WebElementNotFoundException: Web element with id: 'Object Repository/Save Configuration/span_Spara' located by 'By.xpath: //span[contains(.,'Spara')]' not found)]]></system-out>
      <system-err><![CDATA[2018-06-05 12:00:05 - [TEST_SUITE][FAILED] - Customer Portal: Test Cases/Save Configuration FAILED because (of) Unable to click on object 'Object Repository/Save Configuration/span_Spara' (Root cause: com.kms.katalon.core.webui.exception.WebElementNotFoundException: Web element with id: 'Object Repository/Save Configuration/span_Spara' located by 'By.xpath: //span[contains(.,'Spara')]' not found)]]></system-err>
   </testsuite>
</testsuites>
