<?xml version="1.0" encoding="UTF-8"?>
<testsuites name="Customer Portal" time="336" tests="5" failures="10" errors="0">
   <testsuite name="Customer Portal" tests="5" failures="10" errors="0" time="336" timestamp="2018-06-04 14:19:32" hostname="Neethu.v - Neethu-v.Bridgeglobal.local" id="Test Suites/Customer Portal">
      <properties>
         <property name="deviceName" value=""/>
         <property name="devicePlatform" value=""/>
         <property name="logFolder" value="E:\\Ahus-Katalon-Git\\Reports\\Customer Portal\\20180604_141409"/>
         <property name="logFiles" value="E:\\Ahus-Katalon-Git\\Reports\\Customer Portal\\20180604_141409\\execution0.log"/>
         <property name="attachments" value="E:\\Ahus-Katalon-Git\\Reports\\Customer Portal\\20180604_141409\\1528102210591.png, E:\\Ahus-Katalon-Git\\Reports\\Customer Portal\\20180604_141409\\1528102243681.png, E:\\Ahus-Katalon-Git\\Reports\\Customer Portal\\20180604_141409\\1528102277824.png, E:\\Ahus-Katalon-Git\\Reports\\Customer Portal\\20180604_141409\\1528102311928.png, E:\\Ahus-Katalon-Git\\Reports\\Customer Portal\\20180604_141409\\1528102345663.png, E:\\Ahus-Katalon-Git\\Reports\\Customer Portal\\20180604_141409\\1528102379569.png, E:\\Ahus-Katalon-Git\\Reports\\Customer Portal\\20180604_141409\\1528102413935.png, E:\\Ahus-Katalon-Git\\Reports\\Customer Portal\\20180604_141409\\1528102447988.png, E:\\Ahus-Katalon-Git\\Reports\\Customer Portal\\20180604_141409\\1528102449404.png, E:\\Ahus-Katalon-Git\\Reports\\Customer Portal\\20180604_141409\\1528102484231.png"/>
         <property name="hostName" value="Neethu.v - Neethu-v.Bridgeglobal.local"/>
         <property name="os" value="Windows 10 64bit"/>
         <property name="katalonVersion" value="5.4.2.1"/>
         <property name="browser" value="Firefox 56.0"/>
         <property name="hostAddress" value="172.16.12.46"/>
         <property name="sessionId" value="9179c805-695c-4327-baa4-4041075b6946"/>
         <property name="seleniumVersion" value="3.7.1"/>
         <property name="proxyInformation" value="ProxyInformation{proxyOption=NO_PROXY, proxyServerType=HTTP, password=, proxyServerAddress=, proxyServerPort=0}"/>
         <property name="platform" value="Windows 10"/>
      </properties>
      <testcase name="Test Cases/Clear cache" classname="Test Cases/Clear cache" status="PASSED">
         <system-out><![CDATA[2018-06-04 14:19:32 - [TEST_CASE][PASSED] - Test Cases/Clear cache: Test Cases/Clear cache

2018-06-04 14:19:32 - [TEST_STEP][PASSED] - deleteAllCookies: Delete all cookies successfully

2018-06-04 14:19:33 - [MESSAGE][WARNING] - Cannot delete cookies because browser is closed

2018-06-04 14:19:33 - [MESSAGE][PASSED] - Delete all cookies successfully]]></system-out>
         <system-err><![CDATA[]]></system-err>
      </testcase>
      <testcase name="Test Cases/Start page" classname="Test Cases/Start page" status="PASSED">
         <system-out><![CDATA[2018-06-04 14:19:33 - [TEST_CASE][PASSED] - Test Cases/Start page: Test Cases/Start page

2018-06-04 14:19:33 - [TEST_STEP][PASSED] - openBrowser: Browser is opened with url: ''

2018-06-04 14:19:45 - [MESSAGE][PASSED] - Browser is opened with url: ''

2018-06-04 14:19:45 - [TEST_STEP][PASSED] - maximizeWindow: Current window maximized

2018-06-04 14:19:45 - [MESSAGE][PASSED] - Current window maximized

2018-06-04 14:19:45 - [TEST_STEP][PASSED] - navigateToUrl: Navigate to 'http://ahusonline.utv.derome.se/' successfully

2018-06-04 14:20:02 - [MESSAGE][PASSED] - Navigate to 'http://ahusonline.utv.derome.se/' successfully

2018-06-04 14:20:02 - [TEST_STEP][PASSED] - waitForElementVisible: Object 'Object Repository/Element in start page' is visible

2018-06-04 14:20:02 - [MESSAGE][PASSED] - Object 'Object Repository/Element in start page' is visible

2018-06-04 14:20:02 - [TEST_STEP][PASSED] - click: Object: 'Object Repository/Customer registration from HB/Close - strt page popup' is clicked on

2018-06-04 14:20:03 - [MESSAGE][PASSED] - Object: 'Object Repository/Customer registration from HB/Close - strt page popup' is clicked on]]></system-out>
         <system-err><![CDATA[]]></system-err>
      </testcase>
      <testcase name="Test Cases/Customer-Login" classname="Test Cases/Customer-Login" status="PASSED">
         <system-out><![CDATA[2018-06-04 14:20:03 - [TEST_CASE][PASSED] - Test Cases/Customer-Login: Test Cases/Customer-Login

2018-06-04 14:20:03 - [TEST_STEP][PASSED] - click: Object: 'Object Repository/Customer registration from HB/a_Login' is clicked on

2018-06-04 14:20:04 - [MESSAGE][PASSED] - Object: 'Object Repository/Customer registration from HB/a_Login' is clicked on

2018-06-04 14:20:04 - [TEST_STEP][PASSED] - setText: Text 'test@spara.com' is set on object 'Object Repository/Login-username'

2018-06-04 14:20:07 - [MESSAGE][PASSED] - Text 'test@spara.com' is set on object 'Object Repository/Login-username'

2018-06-04 14:20:07 - [TEST_STEP][PASSED] - setText: Text '1234' is set on object 'Object Repository/Login-password'

2018-06-04 14:20:08 - [MESSAGE][PASSED] - Text '1234' is set on object 'Object Repository/Login-password'

2018-06-04 14:20:08 - [TEST_STEP][PASSED] - click: Object: 'Object Repository/button_Logga in' is clicked on

2018-06-04 14:20:08 - [MESSAGE][PASSED] - Object: 'Object Repository/button_Logga in' is clicked on

2018-06-04 14:20:08 - [TEST_STEP][PASSED] - waitForPageLoad: Wait for page load successfully

2018-06-04 14:20:08 - [MESSAGE][PASSED] - Wait for page load successfully]]></system-out>
         <system-err><![CDATA[]]></system-err>
      </testcase>
      <testcase name="Test Cases/Move to Start Page" classname="Test Cases/Move to Start Page" status="FAILED">
         <failure type="FAILED" message="Unable to click on object 'Object Repository/Move to home page from logged in' (Root cause: org.openqa.selenium.StaleElementReferenceException: Element not found in the cache - perhaps the page has changed since it was looked up
Command duration or timeout: 0 milliseconds)"/>
         <system-out><![CDATA[2018-06-04 14:20:08 - [TEST_CASE][FAILED] - Test Cases/Move to Start Page: Test Cases/Move to Start Page FAILED because (of) Unable to click on object 'Object Repository/Move to home page from logged in' (Root cause: org.openqa.selenium.StaleElementReferenceException: Element not found in the cache - perhaps the page has changed since it was looked up
Command duration or timeout: 0 milliseconds)

2018-06-04 14:20:08 - [TEST_STEP][FAILED] - click: Unable to click on object 'Object Repository/Move to home page from logged in' (Root cause: org.openqa.selenium.StaleElementReferenceException: Element not found in the cache - perhaps the page has changed since it was looked up
Command duration or timeout: 0 milliseconds)

2018-06-04 14:20:11 - [MESSAGE][FAILED] - Unable to click on object 'Object Repository/Move to home page from logged in' (Root cause: org.openqa.selenium.StaleElementReferenceException: Element not found in the cache - perhaps the page has changed since it was looked up
Command duration or timeout: 0 milliseconds)
[[ATTACHMENT|E:\\Ahus-Katalon-Git\\Reports\\Customer Portal\\20180604_141409\\1528102210591.png]]]]></system-out>
         <system-err><![CDATA[2018-06-04 14:20:08 - [TEST_CASE][FAILED] - Test Cases/Move to Start Page: Test Cases/Move to Start Page FAILED because (of) Unable to click on object 'Object Repository/Move to home page from logged in' (Root cause: org.openqa.selenium.StaleElementReferenceException: Element not found in the cache - perhaps the page has changed since it was looked up
Command duration or timeout: 0 milliseconds)]]></system-err>
      </testcase>
      <testcase name="Test Cases/Municipality dropdown field-start page" classname="Test Cases/Municipality dropdown field-start page" status="FAILED">
         <failure type="FAILED" message="Unable to click on object 'Object Repository/Start page elements/Municipality select field' (Root cause: com.kms.katalon.core.webui.exception.WebElementNotFoundException: Web element with id: 'Object Repository/Start page elements/Municipality select field' located by 'By.xpath: //select[@data-required-text='Du behöver välja kommun/område för att fortsätta']' not found)"/>
         <system-out><![CDATA[2018-06-04 14:20:11 - [TEST_CASE][FAILED] - Test Cases/Municipality dropdown field-start page: Test Cases/Municipality dropdown field-start page FAILED because (of) Unable to click on object 'Object Repository/Start page elements/Municipality select field' (Root cause: com.kms.katalon.core.webui.exception.WebElementNotFoundException: Web element with id: 'Object Repository/Start page elements/Municipality select field' located by 'By.xpath: //select[@data-required-text='Du behöver välja kommun/område för att fortsätta']' not found)

2018-06-04 14:20:11 - [TEST_STEP][FAILED] - click: Unable to click on object 'Object Repository/Start page elements/Municipality select field' (Root cause: com.kms.katalon.core.webui.exception.WebElementNotFoundException: Web element with id: 'Object Repository/Start page elements/Municipality select field' located by 'By.xpath: //select[@data-required-text='Du behöver välja kommun/område för att fortsätta']' not found)

2018-06-04 14:20:44 - [MESSAGE][FAILED] - Unable to click on object 'Object Repository/Start page elements/Municipality select field' (Root cause: com.kms.katalon.core.webui.exception.WebElementNotFoundException: Web element with id: 'Object Repository/Start page elements/Municipality select field' located by 'By.xpath: //select[@data-required-text='Du behöver välja kommun/område för att fortsätta']' not found)
[[ATTACHMENT|E:\\Ahus-Katalon-Git\\Reports\\Customer Portal\\20180604_141409\\1528102243681.png]]]]></system-out>
         <system-err><![CDATA[2018-06-04 14:20:11 - [TEST_CASE][FAILED] - Test Cases/Municipality dropdown field-start page: Test Cases/Municipality dropdown field-start page FAILED because (of) Unable to click on object 'Object Repository/Start page elements/Municipality select field' (Root cause: com.kms.katalon.core.webui.exception.WebElementNotFoundException: Web element with id: 'Object Repository/Start page elements/Municipality select field' located by 'By.xpath: //select[@data-required-text='Du behöver välja kommun/område för att fortsätta']' not found)]]></system-err>
      </testcase>
      <testcase name="Test Cases/Select Municiplality from Start page" classname="Test Cases/Select Municiplality from Start page" status="FAILED">
         <failure type="FAILED" message="Unable to click on object 'Object Repository/Start page elements/Select Municipality-start page' (Root cause: com.kms.katalon.core.webui.exception.WebElementNotFoundException: Web element with id: 'Object Repository/Start page elements/Select Municipality-start page' located by 'By.xpath: //option[@value='7670aa51-d0b7-4c72-82a5-3f414da5c895|Ale|1']' not found)"/>
         <system-out><![CDATA[2018-06-04 14:20:44 - [TEST_CASE][FAILED] - Test Cases/Select Municiplality from Start page: Test Cases/Select Municiplality from Start page FAILED because (of) Unable to click on object 'Object Repository/Start page elements/Select Municipality-start page' (Root cause: com.kms.katalon.core.webui.exception.WebElementNotFoundException: Web element with id: 'Object Repository/Start page elements/Select Municipality-start page' located by 'By.xpath: //option[@value='7670aa51-d0b7-4c72-82a5-3f414da5c895|Ale|1']' not found)

2018-06-04 14:20:45 - [TEST_STEP][FAILED] - click: Unable to click on object 'Object Repository/Start page elements/Select Municipality-start page' (Root cause: com.kms.katalon.core.webui.exception.WebElementNotFoundException: Web element with id: 'Object Repository/Start page elements/Select Municipality-start page' located by 'By.xpath: //option[@value='7670aa51-d0b7-4c72-82a5-3f414da5c895|Ale|1']' not found)

2018-06-04 14:21:19 - [MESSAGE][FAILED] - Unable to click on object 'Object Repository/Start page elements/Select Municipality-start page' (Root cause: com.kms.katalon.core.webui.exception.WebElementNotFoundException: Web element with id: 'Object Repository/Start page elements/Select Municipality-start page' located by 'By.xpath: //option[@value='7670aa51-d0b7-4c72-82a5-3f414da5c895|Ale|1']' not found)
[[ATTACHMENT|E:\\Ahus-Katalon-Git\\Reports\\Customer Portal\\20180604_141409\\1528102277824.png]]]]></system-out>
         <system-err><![CDATA[2018-06-04 14:20:44 - [TEST_CASE][FAILED] - Test Cases/Select Municiplality from Start page: Test Cases/Select Municiplality from Start page FAILED because (of) Unable to click on object 'Object Repository/Start page elements/Select Municipality-start page' (Root cause: com.kms.katalon.core.webui.exception.WebElementNotFoundException: Web element with id: 'Object Repository/Start page elements/Select Municipality-start page' located by 'By.xpath: //option[@value='7670aa51-d0b7-4c72-82a5-3f414da5c895|Ale|1']' not found)]]></system-err>
      </testcase>
      <testcase name="Test Cases/Select House From House Listing Page - HB" classname="Test Cases/Select House From House Listing Page - HB" status="FAILED">
         <failure type="FAILED" message="Unable to click on object 'Object Repository/House Listing Page/Select House from House listing' (Root cause: com.kms.katalon.core.webui.exception.WebElementNotFoundException: Web element with id: 'Object Repository/House Listing Page/Select House from House listing' located by 'By.xpath: //input[@type = 'submit']' not found)"/>
         <system-out><![CDATA[2018-06-04 14:21:19 - [TEST_CASE][FAILED] - Test Cases/Select House From House Listing Page - HB: Test Cases/Select House From House Listing Page - HB FAILED because (of) Unable to click on object 'Object Repository/House Listing Page/Select House from House listing' (Root cause: com.kms.katalon.core.webui.exception.WebElementNotFoundException: Web element with id: 'Object Repository/House Listing Page/Select House from House listing' located by 'By.xpath: //input[@type = 'submit']' not found)

2018-06-04 14:21:19 - [TEST_STEP][FAILED] - click: Unable to click on object 'Object Repository/House Listing Page/Select House from House listing' (Root cause: com.kms.katalon.core.webui.exception.WebElementNotFoundException: Web element with id: 'Object Repository/House Listing Page/Select House from House listing' located by 'By.xpath: //input[@type = 'submit']' not found)

2018-06-04 14:21:53 - [MESSAGE][FAILED] - Unable to click on object 'Object Repository/House Listing Page/Select House from House listing' (Root cause: com.kms.katalon.core.webui.exception.WebElementNotFoundException: Web element with id: 'Object Repository/House Listing Page/Select House from House listing' located by 'By.xpath: //input[@type = 'submit']' not found)
[[ATTACHMENT|E:\\Ahus-Katalon-Git\\Reports\\Customer Portal\\20180604_141409\\1528102311928.png]]]]></system-out>
         <system-err><![CDATA[2018-06-04 14:21:19 - [TEST_CASE][FAILED] - Test Cases/Select House From House Listing Page - HB: Test Cases/Select House From House Listing Page - HB FAILED because (of) Unable to click on object 'Object Repository/House Listing Page/Select House from House listing' (Root cause: com.kms.katalon.core.webui.exception.WebElementNotFoundException: Web element with id: 'Object Repository/House Listing Page/Select House from House listing' located by 'By.xpath: //input[@type = 'submit']' not found)]]></system-err>
      </testcase>
      <testcase name="Test Cases/Make Changes in Configuration - Customer" classname="Test Cases/Make Changes in Configuration - Customer" status="FAILED">
         <failure type="FAILED" message="Unable to click on object 'Object Repository/Make Changes in Configuration/Configuration change - utvandiga val' (Root cause: com.kms.katalon.core.webui.exception.WebElementNotFoundException: Web element with id: 'Object Repository/Make Changes in Configuration/Configuration change - utvandiga val' located by 'By.xpath: //span[contains(.,'         Vindskivor och foder              ')]' not found)"/>
         <system-out><![CDATA[2018-06-04 14:21:53 - [TEST_CASE][FAILED] - Test Cases/Make Changes in Configuration - Customer: Test Cases/Make Changes in Configuration - Customer FAILED because (of) Unable to click on object 'Object Repository/Make Changes in Configuration/Configuration change - utvandiga val' (Root cause: com.kms.katalon.core.webui.exception.WebElementNotFoundException: Web element with id: 'Object Repository/Make Changes in Configuration/Configuration change - utvandiga val' located by 'By.xpath: //span[contains(.,'         Vindskivor och foder              ')]' not found)

2018-06-04 14:21:53 - [TEST_STEP][FAILED] - click: Unable to click on object 'Object Repository/Make Changes in Configuration/Configuration change - utvandiga val' (Root cause: com.kms.katalon.core.webui.exception.WebElementNotFoundException: Web element with id: 'Object Repository/Make Changes in Configuration/Configuration change - utvandiga val' located by 'By.xpath: //span[contains(.,'         Vindskivor och foder              ')]' not found)

2018-06-04 14:22:26 - [MESSAGE][FAILED] - Unable to click on object 'Object Repository/Make Changes in Configuration/Configuration change - utvandiga val' (Root cause: com.kms.katalon.core.webui.exception.WebElementNotFoundException: Web element with id: 'Object Repository/Make Changes in Configuration/Configuration change - utvandiga val' located by 'By.xpath: //span[contains(.,'         Vindskivor och foder              ')]' not found)
[[ATTACHMENT|E:\\Ahus-Katalon-Git\\Reports\\Customer Portal\\20180604_141409\\1528102345663.png]]]]></system-out>
         <system-err><![CDATA[2018-06-04 14:21:53 - [TEST_CASE][FAILED] - Test Cases/Make Changes in Configuration - Customer: Test Cases/Make Changes in Configuration - Customer FAILED because (of) Unable to click on object 'Object Repository/Make Changes in Configuration/Configuration change - utvandiga val' (Root cause: com.kms.katalon.core.webui.exception.WebElementNotFoundException: Web element with id: 'Object Repository/Make Changes in Configuration/Configuration change - utvandiga val' located by 'By.xpath: //span[contains(.,'         Vindskivor och foder              ')]' not found)]]></system-err>
      </testcase>
      <testcase name="Test Cases/Save Configuration" classname="Test Cases/Save Configuration" status="FAILED">
         <failure type="FAILED" message="Unable to get text of object 'Object Repository/Save Configuration/Get text From Save Configuration' (Root cause: com.kms.katalon.core.webui.exception.WebElementNotFoundException: Web element with id: 'Object Repository/Save Configuration/Get text From Save Configuration' located by 'By.xpath: //pricebox//div[@class=&quot;pricebox-info inline&quot;]' not found)"/>
         <system-out><![CDATA[2018-06-04 14:22:26 - [TEST_CASE][FAILED] - Test Cases/Save Configuration: Test Cases/Save Configuration FAILED because (of) Unable to get text of object 'Object Repository/Save Configuration/Get text From Save Configuration' (Root cause: com.kms.katalon.core.webui.exception.WebElementNotFoundException: Web element with id: 'Object Repository/Save Configuration/Get text From Save Configuration' located by 'By.xpath: //pricebox//div[@class="pricebox-info inline"]' not found)

2018-06-04 14:22:26 - [TEST_STEP][PASSED] - waitForPageLoad: Wait for page load successfully

2018-06-04 14:22:26 - [MESSAGE][PASSED] - Wait for page load successfully

2018-06-04 14:22:26 - [TEST_STEP][FAILED] - getText: Unable to get text of object 'Object Repository/Save Configuration/Get text From Save Configuration' (Root cause: com.kms.katalon.core.webui.exception.WebElementNotFoundException: Web element with id: 'Object Repository/Save Configuration/Get text From Save Configuration' located by 'By.xpath: //pricebox//div[@class="pricebox-info inline"]' not found)

2018-06-04 14:23:00 - [MESSAGE][FAILED] - Unable to get text of object 'Object Repository/Save Configuration/Get text From Save Configuration' (Root cause: com.kms.katalon.core.webui.exception.WebElementNotFoundException: Web element with id: 'Object Repository/Save Configuration/Get text From Save Configuration' located by 'By.xpath: //pricebox//div[@class="pricebox-info inline"]' not found)
[[ATTACHMENT|E:\\Ahus-Katalon-Git\\Reports\\Customer Portal\\20180604_141409\\1528102379569.png]]]]></system-out>
         <system-err><![CDATA[2018-06-04 14:22:26 - [TEST_CASE][FAILED] - Test Cases/Save Configuration: Test Cases/Save Configuration FAILED because (of) Unable to get text of object 'Object Repository/Save Configuration/Get text From Save Configuration' (Root cause: com.kms.katalon.core.webui.exception.WebElementNotFoundException: Web element with id: 'Object Repository/Save Configuration/Get text From Save Configuration' located by 'By.xpath: //pricebox//div[@class="pricebox-info inline"]' not found)]]></system-err>
      </testcase>
      <testcase name="Test Cases/Navigation to Offert Popup" classname="Test Cases/Navigation to Offert Popup" status="FAILED">
         <failure type="FAILED" message="Unable to click on object 'Object Repository/Move to Offert Popup/Offert Button Click - Offert Popup' (Root cause: com.kms.katalon.core.webui.exception.WebElementNotFoundException: Web element with id: 'Object Repository/Move to Offert Popup/Offert Button Click - Offert Popup' located by 'By.xpath: //a[(text() = 'Offert' or . = 'Offert')]' not found)"/>
         <system-out><![CDATA[2018-06-04 14:23:00 - [TEST_CASE][FAILED] - Test Cases/Navigation to Offert Popup: Test Cases/Navigation to Offert Popup FAILED because (of) Unable to click on object 'Object Repository/Move to Offert Popup/Offert Button Click - Offert Popup' (Root cause: com.kms.katalon.core.webui.exception.WebElementNotFoundException: Web element with id: 'Object Repository/Move to Offert Popup/Offert Button Click - Offert Popup' located by 'By.xpath: //a[(text() = 'Offert' or . = 'Offert')]' not found)

2018-06-04 14:23:00 - [TEST_STEP][FAILED] - click: Unable to click on object 'Object Repository/Move to Offert Popup/Offert Button Click - Offert Popup' (Root cause: com.kms.katalon.core.webui.exception.WebElementNotFoundException: Web element with id: 'Object Repository/Move to Offert Popup/Offert Button Click - Offert Popup' located by 'By.xpath: //a[(text() = 'Offert' or . = 'Offert')]' not found)

2018-06-04 14:23:35 - [MESSAGE][FAILED] - Unable to click on object 'Object Repository/Move to Offert Popup/Offert Button Click - Offert Popup' (Root cause: com.kms.katalon.core.webui.exception.WebElementNotFoundException: Web element with id: 'Object Repository/Move to Offert Popup/Offert Button Click - Offert Popup' located by 'By.xpath: //a[(text() = 'Offert' or . = 'Offert')]' not found)
[[ATTACHMENT|E:\\Ahus-Katalon-Git\\Reports\\Customer Portal\\20180604_141409\\1528102413935.png]]]]></system-out>
         <system-err><![CDATA[2018-06-04 14:23:00 - [TEST_CASE][FAILED] - Test Cases/Navigation to Offert Popup: Test Cases/Navigation to Offert Popup FAILED because (of) Unable to click on object 'Object Repository/Move to Offert Popup/Offert Button Click - Offert Popup' (Root cause: com.kms.katalon.core.webui.exception.WebElementNotFoundException: Web element with id: 'Object Repository/Move to Offert Popup/Offert Button Click - Offert Popup' located by 'By.xpath: //a[(text() = 'Offert' or . = 'Offert')]' not found)]]></system-err>
      </testcase>
      <testcase name="Test Cases/Fill into Offert Form" classname="Test Cases/Fill into Offert Form" status="FAILED">
         <failure type="FAILED" message="Unable to click on object 'Object Repository/Fill Offert From/Construction Type RadioButton' (Root cause: com.kms.katalon.core.webui.exception.WebElementNotFoundException: Web element with id: 'Object Repository/Fill Offert From/Construction Type RadioButton' located by 'By.xpath: //input[@ng-reflect-value=&quot;Totalentreprenad&quot;]' not found)"/>
         <system-out><![CDATA[2018-06-04 14:23:35 - [TEST_CASE][FAILED] - Test Cases/Fill into Offert Form: Test Cases/Fill into Offert Form FAILED because (of) Unable to click on object 'Object Repository/Fill Offert From/Construction Type RadioButton' (Root cause: com.kms.katalon.core.webui.exception.WebElementNotFoundException: Web element with id: 'Object Repository/Fill Offert From/Construction Type RadioButton' located by 'By.xpath: //input[@ng-reflect-value="Totalentreprenad"]' not found)

2018-06-04 14:23:35 - [TEST_STEP][FAILED] - click: Unable to click on object 'Object Repository/Fill Offert From/Construction Type RadioButton' (Root cause: com.kms.katalon.core.webui.exception.WebElementNotFoundException: Web element with id: 'Object Repository/Fill Offert From/Construction Type RadioButton' located by 'By.xpath: //input[@ng-reflect-value="Totalentreprenad"]' not found)

2018-06-04 14:24:09 - [MESSAGE][FAILED] - Unable to click on object 'Object Repository/Fill Offert From/Construction Type RadioButton' (Root cause: com.kms.katalon.core.webui.exception.WebElementNotFoundException: Web element with id: 'Object Repository/Fill Offert From/Construction Type RadioButton' located by 'By.xpath: //input[@ng-reflect-value="Totalentreprenad"]' not found)
[[ATTACHMENT|E:\\Ahus-Katalon-Git\\Reports\\Customer Portal\\20180604_141409\\1528102447988.png]]]]></system-out>
         <system-err><![CDATA[2018-06-04 14:23:35 - [TEST_CASE][FAILED] - Test Cases/Fill into Offert Form: Test Cases/Fill into Offert Form FAILED because (of) Unable to click on object 'Object Repository/Fill Offert From/Construction Type RadioButton' (Root cause: com.kms.katalon.core.webui.exception.WebElementNotFoundException: Web element with id: 'Object Repository/Fill Offert From/Construction Type RadioButton' located by 'By.xpath: //input[@ng-reflect-value="Totalentreprenad"]' not found)]]></system-err>
      </testcase>
      <testcase name="Test Cases/Accept OFFERTFORFRAGAN popup" classname="Test Cases/Accept OFFERTFORFRAGAN popup" status="FAILED">
         <failure type="FAILED" message="Unable to click on object 'Object Repository/OFFERTFORFRAGAN Popup/Okay Button From OFFERTFORFRAGAN Popup' (Root cause: org.openqa.selenium.ElementNotVisibleException: Element is not currently visible and so may not be interacted with
Command duration or timeout: 0 milliseconds)"/>
         <system-out><![CDATA[2018-06-04 14:24:09 - [TEST_CASE][FAILED] - Test Cases/Accept OFFERTFORFRAGAN popup: Test Cases/Accept OFFERTFORFRAGAN popup FAILED because (of) Unable to click on object 'Object Repository/OFFERTFORFRAGAN Popup/Okay Button From OFFERTFORFRAGAN Popup' (Root cause: org.openqa.selenium.ElementNotVisibleException: Element is not currently visible and so may not be interacted with
Command duration or timeout: 0 milliseconds)

2018-06-04 14:24:09 - [TEST_STEP][FAILED] - click: Unable to click on object 'Object Repository/OFFERTFORFRAGAN Popup/Okay Button From OFFERTFORFRAGAN Popup' (Root cause: org.openqa.selenium.ElementNotVisibleException: Element is not currently visible and so may not be interacted with
Command duration or timeout: 0 milliseconds)

2018-06-04 14:24:10 - [MESSAGE][FAILED] - Unable to click on object 'Object Repository/OFFERTFORFRAGAN Popup/Okay Button From OFFERTFORFRAGAN Popup' (Root cause: org.openqa.selenium.ElementNotVisibleException: Element is not currently visible and so may not be interacted with
Command duration or timeout: 0 milliseconds)
[[ATTACHMENT|E:\\Ahus-Katalon-Git\\Reports\\Customer Portal\\20180604_141409\\1528102449404.png]]]]></system-out>
         <system-err><![CDATA[2018-06-04 14:24:09 - [TEST_CASE][FAILED] - Test Cases/Accept OFFERTFORFRAGAN popup: Test Cases/Accept OFFERTFORFRAGAN popup FAILED because (of) Unable to click on object 'Object Repository/OFFERTFORFRAGAN Popup/Okay Button From OFFERTFORFRAGAN Popup' (Root cause: org.openqa.selenium.ElementNotVisibleException: Element is not currently visible and so may not be interacted with
Command duration or timeout: 0 milliseconds)]]></system-err>
      </testcase>
      <testcase name="Test Cases/Move to Compilation Page" classname="Test Cases/Move to Compilation Page" status="FAILED">
         <failure type="FAILED" message="Unable to scroll to object 'Object Repository/Click on Visa Offertforfragan/Click on Button_Visa offertfrfrgan' (Root cause: com.kms.katalon.core.webui.exception.WebElementNotFoundException: Web element with id: 'Object Repository/Click on Visa Offertforfragan/Click on Button_Visa offertfrfrgan' located by 'By.xpath: //button[@type = 'submit' and (text() = 'Visa offertförfrågan' or . = 'Visa offertförfrågan')]' not found)"/>
         <system-out><![CDATA[2018-06-04 14:24:10 - [TEST_CASE][FAILED] - Test Cases/Move to Compilation Page: Test Cases/Move to Compilation Page FAILED because (of) Unable to scroll to object 'Object Repository/Click on Visa Offertforfragan/Click on Button_Visa offertfrfrgan' (Root cause: com.kms.katalon.core.webui.exception.WebElementNotFoundException: Web element with id: 'Object Repository/Click on Visa Offertforfragan/Click on Button_Visa offertfrfrgan' located by 'By.xpath: //button[@type = 'submit' and (text() = 'Visa offertförfrågan' or . = 'Visa offertförfrågan')]' not found)

2018-06-04 14:24:10 - [TEST_STEP][FAILED] - scrollToElement: Unable to scroll to object 'Object Repository/Click on Visa Offertforfragan/Click on Button_Visa offertfrfrgan' (Root cause: com.kms.katalon.core.webui.exception.WebElementNotFoundException: Web element with id: 'Object Repository/Click on Visa Offertforfragan/Click on Button_Visa offertfrfrgan' located by 'By.xpath: //button[@type = 'submit' and (text() = 'Visa offertförfrågan' or . = 'Visa offertförfrågan')]' not found)

2018-06-04 14:24:45 - [MESSAGE][FAILED] - Unable to scroll to object 'Object Repository/Click on Visa Offertforfragan/Click on Button_Visa offertfrfrgan' (Root cause: com.kms.katalon.core.webui.exception.WebElementNotFoundException: Web element with id: 'Object Repository/Click on Visa Offertforfragan/Click on Button_Visa offertfrfrgan' located by 'By.xpath: //button[@type = 'submit' and (text() = 'Visa offertförfrågan' or . = 'Visa offertförfrågan')]' not found)
[[ATTACHMENT|E:\\Ahus-Katalon-Git\\Reports\\Customer Portal\\20180604_141409\\1528102484231.png]]]]></system-out>
         <system-err><![CDATA[2018-06-04 14:24:10 - [TEST_CASE][FAILED] - Test Cases/Move to Compilation Page: Test Cases/Move to Compilation Page FAILED because (of) Unable to scroll to object 'Object Repository/Click on Visa Offertforfragan/Click on Button_Visa offertfrfrgan' (Root cause: com.kms.katalon.core.webui.exception.WebElementNotFoundException: Web element with id: 'Object Repository/Click on Visa Offertforfragan/Click on Button_Visa offertfrfrgan' located by 'By.xpath: //button[@type = 'submit' and (text() = 'Visa offertförfrågan' or . = 'Visa offertförfrågan')]' not found)]]></system-err>
      </testcase>
      <testcase name="Test Cases/Visit Seller Portal" classname="Test Cases/Visit Seller Portal" status="PASSED">
         <system-out><![CDATA[2018-06-04 14:24:45 - [TEST_CASE][PASSED] - Test Cases/Visit Seller Portal: Test Cases/Visit Seller Portal

2018-06-04 14:24:45 - [TEST_STEP][PASSED] - openBrowser: Browser is opened with url: 'http://ahusonline.utv.derome.se/salj-portal'

2018-06-04 14:24:45 - [MESSAGE][WARNING] - A browser is already opened. Closing browser and opening a new one

2018-06-04 14:25:00 - [MESSAGE][PASSED] - Browser is opened with url: 'http://ahusonline.utv.derome.se/salj-portal'

2018-06-04 14:25:00 - [TEST_STEP][PASSED] - maximizeWindow: Current window maximized

2018-06-04 14:25:00 - [MESSAGE][PASSED] - Current window maximized]]></system-out>
         <system-err><![CDATA[]]></system-err>
      </testcase>
      <testcase name="Test Cases/Seller Login" classname="Test Cases/Seller Login" status="PASSED">
         <system-out><![CDATA[2018-06-04 14:25:00 - [TEST_CASE][PASSED] - Test Cases/Seller Login: Test Cases/Seller Login

2018-06-04 14:25:00 - [TEST_STEP][PASSED] - click: Object: 'Object Repository/Login as Seller/Seller Login - Username' is clicked on

2018-06-04 14:25:01 - [MESSAGE][PASSED] - Object: 'Object Repository/Login as Seller/Seller Login - Username' is clicked on

2018-06-04 14:25:01 - [TEST_STEP][PASSED] - sendKeys: Keys 'neethuv' sent to object: 'Object Repository/Login as Seller/Seller Login - Username'

2018-06-04 14:25:01 - [MESSAGE][PASSED] - Keys 'neethuv' sent to object: 'Object Repository/Login as Seller/Seller Login - Username'

2018-06-04 14:25:01 - [TEST_STEP][PASSED] - click: Object: 'Object Repository/Login as Seller/Seller Login - Password' is clicked on

2018-06-04 14:25:01 - [MESSAGE][PASSED] - Object: 'Object Repository/Login as Seller/Seller Login - Password' is clicked on

2018-06-04 14:25:01 - [TEST_STEP][PASSED] - sendKeys: Keys 'Test12345' sent to object: 'Object Repository/Login as Seller/Seller Login - Password'

2018-06-04 14:25:01 - [MESSAGE][PASSED] - Keys 'Test12345' sent to object: 'Object Repository/Login as Seller/Seller Login - Password'

2018-06-04 14:25:01 - [TEST_STEP][PASSED] - click: Object: 'Object Repository/Login as Seller/Login Button' is clicked on

2018-06-04 14:25:09 - [MESSAGE][PASSED] - Object: 'Object Repository/Login as Seller/Login Button' is clicked on

2018-06-04 14:25:09 - [TEST_STEP][PASSED] - waitForPageLoad: Wait for page load successfully

2018-06-04 14:25:09 - [MESSAGE][PASSED] - Wait for page load successfully]]></system-out>
         <system-err><![CDATA[]]></system-err>
      </testcase>
      <system-out><![CDATA[2018-06-04 14:19:32 - [TEST_SUITE][FAILED] - Customer Portal: Test Cases/Move to Start Page FAILED because (of) Unable to click on object 'Object Repository/Move to home page from logged in' (Root cause: org.openqa.selenium.StaleElementReferenceException: Element not found in the cache - perhaps the page has changed since it was looked up
Command duration or timeout: 0 milliseconds)]]></system-out>
      <system-err><![CDATA[2018-06-04 14:19:32 - [TEST_SUITE][FAILED] - Customer Portal: Test Cases/Move to Start Page FAILED because (of) Unable to click on object 'Object Repository/Move to home page from logged in' (Root cause: org.openqa.selenium.StaleElementReferenceException: Element not found in the cache - perhaps the page has changed since it was looked up
Command duration or timeout: 0 milliseconds)]]></system-err>
   </testsuite>
</testsuites>
