<?xml version="1.0" encoding="UTF-8"?>
<testsuites name="Customer Portal" time="331" tests="9" failures="6" errors="0">
   <testsuite name="Customer Portal" tests="9" failures="6" errors="0" time="331" timestamp="2018-06-04 12:37:45" hostname="Neethu.v - Neethu-v.Bridgeglobal.local" id="Test Suites/Customer Portal">
      <properties>
         <property name="deviceName" value=""/>
         <property name="devicePlatform" value=""/>
         <property name="logFolder" value="E:\\Ahus-Katalon-Git\\Reports\\Customer Portal\\20180604_122518"/>
         <property name="logFiles" value="E:\\Ahus-Katalon-Git\\Reports\\Customer Portal\\20180604_122518\\execution0.log"/>
         <property name="attachments" value="E:\\Ahus-Katalon-Git\\Reports\\Customer Portal\\20180604_122518\\1528096192889.png, E:\\Ahus-Katalon-Git\\Reports\\Customer Portal\\20180604_122518\\1528096230185.png, E:\\Ahus-Katalon-Git\\Reports\\Customer Portal\\20180604_122518\\1528096264975.png, E:\\Ahus-Katalon-Git\\Reports\\Customer Portal\\20180604_122518\\1528096300178.png, E:\\Ahus-Katalon-Git\\Reports\\Customer Portal\\20180604_122518\\1528096335445.png, E:\\Ahus-Katalon-Git\\Reports\\Customer Portal\\20180604_122518\\1528096370537.png"/>
         <property name="hostName" value="Neethu.v - Neethu-v.Bridgeglobal.local"/>
         <property name="os" value="Windows 10 64bit"/>
         <property name="katalonVersion" value="5.4.2.1"/>
         <property name="browser" value="Firefox 56.0"/>
         <property name="hostAddress" value="172.16.12.46"/>
         <property name="sessionId" value="c99d2bcb-9b0d-4440-b6ea-df9d38dc8cf3"/>
         <property name="seleniumVersion" value="3.7.1"/>
         <property name="proxyInformation" value="ProxyInformation{proxyOption=NO_PROXY, proxyServerType=HTTP, password=, proxyServerAddress=, proxyServerPort=0}"/>
         <property name="platform" value="Windows 10"/>
      </properties>
      <testcase name="Test Cases/Clear cache" classname="Test Cases/Clear cache" status="PASSED">
         <system-out><![CDATA[2018-06-04 12:37:45 - [TEST_CASE][PASSED] - Test Cases/Clear cache: Test Cases/Clear cache

2018-06-04 12:37:45 - [TEST_STEP][PASSED] - deleteAllCookies: Delete all cookies successfully

2018-06-04 12:37:46 - [MESSAGE][WARNING] - Cannot delete cookies because browser is closed

2018-06-04 12:37:46 - [MESSAGE][PASSED] - Delete all cookies successfully]]></system-out>
         <system-err><![CDATA[]]></system-err>
      </testcase>
      <testcase name="Test Cases/Start page" classname="Test Cases/Start page" status="PASSED">
         <system-out><![CDATA[2018-06-04 12:37:46 - [TEST_CASE][PASSED] - Test Cases/Start page: Test Cases/Start page

2018-06-04 12:37:46 - [TEST_STEP][PASSED] - openBrowser: Browser is opened with url: ''

2018-06-04 12:37:57 - [MESSAGE][PASSED] - Browser is opened with url: ''

2018-06-04 12:37:57 - [TEST_STEP][PASSED] - maximizeWindow: Current window maximized

2018-06-04 12:37:57 - [MESSAGE][PASSED] - Current window maximized

2018-06-04 12:37:57 - [TEST_STEP][PASSED] - navigateToUrl: Navigate to 'http://ahusonline.utv.derome.se/' successfully

2018-06-04 12:38:45 - [MESSAGE][PASSED] - Navigate to 'http://ahusonline.utv.derome.se/' successfully

2018-06-04 12:38:45 - [TEST_STEP][PASSED] - waitForElementVisible: Object 'Object Repository/Element in start page' is visible

2018-06-04 12:38:45 - [MESSAGE][PASSED] - Object 'Object Repository/Element in start page' is visible

2018-06-04 12:38:45 - [TEST_STEP][PASSED] - click: Object: 'Object Repository/Customer registration from HB/Close - strt page popup' is clicked on

2018-06-04 12:38:45 - [MESSAGE][PASSED] - Object: 'Object Repository/Customer registration from HB/Close - strt page popup' is clicked on]]></system-out>
         <system-err><![CDATA[]]></system-err>
      </testcase>
      <testcase name="Test Cases/Customer-Login" classname="Test Cases/Customer-Login" status="PASSED">
         <system-out><![CDATA[2018-06-04 12:38:45 - [TEST_CASE][PASSED] - Test Cases/Customer-Login: Test Cases/Customer-Login

2018-06-04 12:38:45 - [TEST_STEP][PASSED] - click: Object: 'Object Repository/Customer registration from HB/a_Login' is clicked on

2018-06-04 12:38:47 - [MESSAGE][PASSED] - Object: 'Object Repository/Customer registration from HB/a_Login' is clicked on

2018-06-04 12:38:47 - [TEST_STEP][PASSED] - setText: Text 'test@spara.com' is set on object 'Object Repository/Login-username'

2018-06-04 12:38:50 - [MESSAGE][PASSED] - Text 'test@spara.com' is set on object 'Object Repository/Login-username'

2018-06-04 12:38:50 - [TEST_STEP][PASSED] - setText: Text '1234' is set on object 'Object Repository/Login-password'

2018-06-04 12:38:50 - [MESSAGE][PASSED] - Text '1234' is set on object 'Object Repository/Login-password'

2018-06-04 12:38:50 - [TEST_STEP][PASSED] - click: Object: 'Object Repository/button_Logga in' is clicked on

2018-06-04 12:38:50 - [MESSAGE][PASSED] - Object: 'Object Repository/button_Logga in' is clicked on

2018-06-04 12:38:50 - [TEST_STEP][PASSED] - waitForPageLoad: Wait for page load successfully

2018-06-04 12:38:50 - [MESSAGE][PASSED] - Wait for page load successfully]]></system-out>
         <system-err><![CDATA[]]></system-err>
      </testcase>
      <testcase name="Test Cases/Move to Start Page" classname="Test Cases/Move to Start Page" status="PASSED">
         <system-out><![CDATA[2018-06-04 12:38:50 - [TEST_CASE][PASSED] - Test Cases/Move to Start Page: Test Cases/Move to Start Page

2018-06-04 12:38:50 - [TEST_STEP][PASSED] - click: Object: 'Object Repository/Move to home page from logged in' is clicked on

2018-06-04 12:38:51 - [MESSAGE][PASSED] - Object: 'Object Repository/Move to home page from logged in' is clicked on

2018-06-04 12:38:51 - [TEST_STEP][PASSED] - waitForElementVisible: Web element with id: 'Object Repository/Element after login from start page' located by 'By.xpath: //form[@class='login-box']//a' not found

2018-06-04 12:39:24 - [MESSAGE][WARNING] - Web element with id: 'Object Repository/Element after login from start page' located by 'By.xpath: //form[@class='login-box']//a' not found]]></system-out>
         <system-err><![CDATA[]]></system-err>
      </testcase>
      <testcase name="Test Cases/Municipality dropdown field-start page" classname="Test Cases/Municipality dropdown field-start page" status="PASSED">
         <system-out><![CDATA[2018-06-04 12:39:24 - [TEST_CASE][PASSED] - Test Cases/Municipality dropdown field-start page: Test Cases/Municipality dropdown field-start page

2018-06-04 12:39:25 - [TEST_STEP][PASSED] - click: Object: 'Object Repository/Start page elements/Municipality select field' is clicked on

2018-06-04 12:39:25 - [MESSAGE][PASSED] - Object: 'Object Repository/Start page elements/Municipality select field' is clicked on]]></system-out>
         <system-err><![CDATA[]]></system-err>
      </testcase>
      <testcase name="Test Cases/Select Municiplality from Start page" classname="Test Cases/Select Municiplality from Start page" status="PASSED">
         <system-out><![CDATA[2018-06-04 12:39:25 - [TEST_CASE][PASSED] - Test Cases/Select Municiplality from Start page: Test Cases/Select Municiplality from Start page

2018-06-04 12:39:25 - [TEST_STEP][PASSED] - click: Object: 'Object Repository/Start page elements/Select Municipality-start page' is clicked on

2018-06-04 12:39:25 - [MESSAGE][PASSED] - Object: 'Object Repository/Start page elements/Select Municipality-start page' is clicked on]]></system-out>
         <system-err><![CDATA[]]></system-err>
      </testcase>
      <testcase name="Test Cases/Select House From House Listing Page - HB" classname="Test Cases/Select House From House Listing Page - HB" status="PASSED">
         <system-out><![CDATA[2018-06-04 12:39:25 - [TEST_CASE][PASSED] - Test Cases/Select House From House Listing Page - HB: Test Cases/Select House From House Listing Page - HB

2018-06-04 12:39:25 - [TEST_STEP][PASSED] - click: Object: 'Object Repository/House Listing Page/Select House from House listing' is clicked on

2018-06-04 12:39:52 - [MESSAGE][PASSED] - Object: 'Object Repository/House Listing Page/Select House from House listing' is clicked on]]></system-out>
         <system-err><![CDATA[]]></system-err>
      </testcase>
      <testcase name="Test Cases/Make Changes in Configuration - Customer" classname="Test Cases/Make Changes in Configuration - Customer" status="FAILED">
         <failure type="FAILED" message="Unable to click on object (Root cause: java.lang.IllegalArgumentException: Object is null)"/>
         <system-out><![CDATA[2018-06-04 12:39:52 - [TEST_CASE][FAILED] - Test Cases/Make Changes in Configuration - Customer: Test Cases/Make Changes in Configuration - Customer FAILED because (of) Unable to click on object (Root cause: java.lang.IllegalArgumentException: Object is null)

2018-06-04 12:39:52 - [TEST_STEP][PASSED] - click: Object: 'Object Repository/Make Changes in Configuration/Configuration change - utvandiga val' is clicked on

2018-06-04 12:39:52 - [MESSAGE][PASSED] - Object: 'Object Repository/Make Changes in Configuration/Configuration change - utvandiga val' is clicked on

2018-06-04 12:39:52 - [TEST_STEP][FAILED] - click: Unable to click on object (Root cause: java.lang.IllegalArgumentException: Object is null)

2018-06-04 12:39:52 - [MESSAGE][WARNING] - Test object with id 'Object Repository/null' does not exist

2018-06-04 12:39:52 - [MESSAGE][WARNING] - Test object with id 'Object Repository/' does not exist

2018-06-04 12:39:56 - [MESSAGE][FAILED] - Unable to click on object (Root cause: java.lang.IllegalArgumentException: Object is null)
[[ATTACHMENT|E:\\Ahus-Katalon-Git\\Reports\\Customer Portal\\20180604_122518\\1528096192889.png]]]]></system-out>
         <system-err><![CDATA[2018-06-04 12:39:52 - [TEST_CASE][FAILED] - Test Cases/Make Changes in Configuration - Customer: Test Cases/Make Changes in Configuration - Customer FAILED because (of) Unable to click on object (Root cause: java.lang.IllegalArgumentException: Object is null)]]></system-err>
      </testcase>
      <testcase name="Test Cases/Save Configuration" classname="Test Cases/Save Configuration" status="FAILED">
         <failure type="FAILED" message="Unable to click on object 'Object Repository/Save Configuration/span_Spara' (Root cause: com.kms.katalon.core.webui.exception.WebElementNotFoundException: Web element with id: 'Object Repository/Save Configuration/span_Spara' located by 'By.xpath: //span[contains(.,'Spara')]' not found)"/>
         <system-out><![CDATA[2018-06-04 12:39:56 - [TEST_CASE][FAILED] - Test Cases/Save Configuration: Test Cases/Save Configuration FAILED because (of) Unable to click on object 'Object Repository/Save Configuration/span_Spara' (Root cause: com.kms.katalon.core.webui.exception.WebElementNotFoundException: Web element with id: 'Object Repository/Save Configuration/span_Spara' located by 'By.xpath: //span[contains(.,'Spara')]' not found)

2018-06-04 12:39:56 - [TEST_STEP][PASSED] - waitForPageLoad: Wait for page load successfully

2018-06-04 12:39:56 - [MESSAGE][PASSED] - Wait for page load successfully

2018-06-04 12:39:56 - [TEST_STEP][PASSED] - getText: Text of object 'Object Repository/Save Configuration/Get text From Save Configuration' is: 'Byggsats,'

2018-06-04 12:39:56 - [MESSAGE][PASSED] - Text of object 'Object Repository/Save Configuration/Get text From Save Configuration' is: 'Byggsats,'

2018-06-04 12:39:56 - [TEST_STEP][FAILED] - click: Unable to click on object 'Object Repository/Save Configuration/span_Spara' (Root cause: com.kms.katalon.core.webui.exception.WebElementNotFoundException: Web element with id: 'Object Repository/Save Configuration/span_Spara' located by 'By.xpath: //span[contains(.,'Spara')]' not found)

2018-06-04 12:40:31 - [MESSAGE][FAILED] - Unable to click on object 'Object Repository/Save Configuration/span_Spara' (Root cause: com.kms.katalon.core.webui.exception.WebElementNotFoundException: Web element with id: 'Object Repository/Save Configuration/span_Spara' located by 'By.xpath: //span[contains(.,'Spara')]' not found)
[[ATTACHMENT|E:\\Ahus-Katalon-Git\\Reports\\Customer Portal\\20180604_122518\\1528096230185.png]]]]></system-out>
         <system-err><![CDATA[2018-06-04 12:39:56 - [TEST_CASE][FAILED] - Test Cases/Save Configuration: Test Cases/Save Configuration FAILED because (of) Unable to click on object 'Object Repository/Save Configuration/span_Spara' (Root cause: com.kms.katalon.core.webui.exception.WebElementNotFoundException: Web element with id: 'Object Repository/Save Configuration/span_Spara' located by 'By.xpath: //span[contains(.,'Spara')]' not found)]]></system-err>
      </testcase>
      <testcase name="Test Cases/Navigation to Offert Popup" classname="Test Cases/Navigation to Offert Popup" status="FAILED">
         <failure type="FAILED" message="Unable to click on object 'Object Repository/Move to Offert Popup/Offert Button Click - Offert Popup' (Root cause: com.kms.katalon.core.webui.exception.WebElementNotFoundException: Web element with id: 'Object Repository/Move to Offert Popup/Offert Button Click - Offert Popup' located by 'By.xpath: //a[(text() = 'Offert' or . = 'Offert')]' not found)"/>
         <system-out><![CDATA[2018-06-04 12:40:31 - [TEST_CASE][FAILED] - Test Cases/Navigation to Offert Popup: Test Cases/Navigation to Offert Popup FAILED because (of) Unable to click on object 'Object Repository/Move to Offert Popup/Offert Button Click - Offert Popup' (Root cause: com.kms.katalon.core.webui.exception.WebElementNotFoundException: Web element with id: 'Object Repository/Move to Offert Popup/Offert Button Click - Offert Popup' located by 'By.xpath: //a[(text() = 'Offert' or . = 'Offert')]' not found)

2018-06-04 12:40:31 - [TEST_STEP][FAILED] - click: Unable to click on object 'Object Repository/Move to Offert Popup/Offert Button Click - Offert Popup' (Root cause: com.kms.katalon.core.webui.exception.WebElementNotFoundException: Web element with id: 'Object Repository/Move to Offert Popup/Offert Button Click - Offert Popup' located by 'By.xpath: //a[(text() = 'Offert' or . = 'Offert')]' not found)

2018-06-04 12:41:06 - [MESSAGE][FAILED] - Unable to click on object 'Object Repository/Move to Offert Popup/Offert Button Click - Offert Popup' (Root cause: com.kms.katalon.core.webui.exception.WebElementNotFoundException: Web element with id: 'Object Repository/Move to Offert Popup/Offert Button Click - Offert Popup' located by 'By.xpath: //a[(text() = 'Offert' or . = 'Offert')]' not found)
[[ATTACHMENT|E:\\Ahus-Katalon-Git\\Reports\\Customer Portal\\20180604_122518\\1528096264975.png]]]]></system-out>
         <system-err><![CDATA[2018-06-04 12:40:31 - [TEST_CASE][FAILED] - Test Cases/Navigation to Offert Popup: Test Cases/Navigation to Offert Popup FAILED because (of) Unable to click on object 'Object Repository/Move to Offert Popup/Offert Button Click - Offert Popup' (Root cause: com.kms.katalon.core.webui.exception.WebElementNotFoundException: Web element with id: 'Object Repository/Move to Offert Popup/Offert Button Click - Offert Popup' located by 'By.xpath: //a[(text() = 'Offert' or . = 'Offert')]' not found)]]></system-err>
      </testcase>
      <testcase name="Test Cases/Fill into Offert Form" classname="Test Cases/Fill into Offert Form" status="FAILED">
         <failure type="FAILED" message="Unable to click on object 'Object Repository/Fill Offert From/Construction Type RadioButton' (Root cause: com.kms.katalon.core.webui.exception.WebElementNotFoundException: Web element with id: 'Object Repository/Fill Offert From/Construction Type RadioButton' located by 'By.xpath: //input[@ng-reflect-value=&quot;Totalentreprenad&quot;]' not found)"/>
         <system-out><![CDATA[2018-06-04 12:41:06 - [TEST_CASE][FAILED] - Test Cases/Fill into Offert Form: Test Cases/Fill into Offert Form FAILED because (of) Unable to click on object 'Object Repository/Fill Offert From/Construction Type RadioButton' (Root cause: com.kms.katalon.core.webui.exception.WebElementNotFoundException: Web element with id: 'Object Repository/Fill Offert From/Construction Type RadioButton' located by 'By.xpath: //input[@ng-reflect-value="Totalentreprenad"]' not found)

2018-06-04 12:41:06 - [TEST_STEP][FAILED] - click: Unable to click on object 'Object Repository/Fill Offert From/Construction Type RadioButton' (Root cause: com.kms.katalon.core.webui.exception.WebElementNotFoundException: Web element with id: 'Object Repository/Fill Offert From/Construction Type RadioButton' located by 'By.xpath: //input[@ng-reflect-value="Totalentreprenad"]' not found)

2018-06-04 12:41:41 - [MESSAGE][FAILED] - Unable to click on object 'Object Repository/Fill Offert From/Construction Type RadioButton' (Root cause: com.kms.katalon.core.webui.exception.WebElementNotFoundException: Web element with id: 'Object Repository/Fill Offert From/Construction Type RadioButton' located by 'By.xpath: //input[@ng-reflect-value="Totalentreprenad"]' not found)
[[ATTACHMENT|E:\\Ahus-Katalon-Git\\Reports\\Customer Portal\\20180604_122518\\1528096300178.png]]]]></system-out>
         <system-err><![CDATA[2018-06-04 12:41:06 - [TEST_CASE][FAILED] - Test Cases/Fill into Offert Form: Test Cases/Fill into Offert Form FAILED because (of) Unable to click on object 'Object Repository/Fill Offert From/Construction Type RadioButton' (Root cause: com.kms.katalon.core.webui.exception.WebElementNotFoundException: Web element with id: 'Object Repository/Fill Offert From/Construction Type RadioButton' located by 'By.xpath: //input[@ng-reflect-value="Totalentreprenad"]' not found)]]></system-err>
      </testcase>
      <testcase name="Test Cases/Accept OFFERTFORFRAGAN popup" classname="Test Cases/Accept OFFERTFORFRAGAN popup" status="FAILED">
         <failure type="FAILED" message="Unable to click on object 'Object Repository/OFFERTFORFRAGAN Popup/Okay Button From OFFERTFORFRAGAN Popup' (Root cause: com.kms.katalon.core.webui.exception.WebElementNotFoundException: Web element with id: 'Object Repository/OFFERTFORFRAGAN Popup/Okay Button From OFFERTFORFRAGAN Popup' located by 'By.xpath: //a[(text() = 'Ok' or . = 'Ok')]' not found)"/>
         <system-out><![CDATA[2018-06-04 12:41:41 - [TEST_CASE][FAILED] - Test Cases/Accept OFFERTFORFRAGAN popup: Test Cases/Accept OFFERTFORFRAGAN popup FAILED because (of) Unable to click on object 'Object Repository/OFFERTFORFRAGAN Popup/Okay Button From OFFERTFORFRAGAN Popup' (Root cause: com.kms.katalon.core.webui.exception.WebElementNotFoundException: Web element with id: 'Object Repository/OFFERTFORFRAGAN Popup/Okay Button From OFFERTFORFRAGAN Popup' located by 'By.xpath: //a[(text() = 'Ok' or . = 'Ok')]' not found)

2018-06-04 12:41:41 - [TEST_STEP][FAILED] - click: Unable to click on object 'Object Repository/OFFERTFORFRAGAN Popup/Okay Button From OFFERTFORFRAGAN Popup' (Root cause: com.kms.katalon.core.webui.exception.WebElementNotFoundException: Web element with id: 'Object Repository/OFFERTFORFRAGAN Popup/Okay Button From OFFERTFORFRAGAN Popup' located by 'By.xpath: //a[(text() = 'Ok' or . = 'Ok')]' not found)

2018-06-04 12:42:16 - [MESSAGE][FAILED] - Unable to click on object 'Object Repository/OFFERTFORFRAGAN Popup/Okay Button From OFFERTFORFRAGAN Popup' (Root cause: com.kms.katalon.core.webui.exception.WebElementNotFoundException: Web element with id: 'Object Repository/OFFERTFORFRAGAN Popup/Okay Button From OFFERTFORFRAGAN Popup' located by 'By.xpath: //a[(text() = 'Ok' or . = 'Ok')]' not found)
[[ATTACHMENT|E:\\Ahus-Katalon-Git\\Reports\\Customer Portal\\20180604_122518\\1528096335445.png]]]]></system-out>
         <system-err><![CDATA[2018-06-04 12:41:41 - [TEST_CASE][FAILED] - Test Cases/Accept OFFERTFORFRAGAN popup: Test Cases/Accept OFFERTFORFRAGAN popup FAILED because (of) Unable to click on object 'Object Repository/OFFERTFORFRAGAN Popup/Okay Button From OFFERTFORFRAGAN Popup' (Root cause: com.kms.katalon.core.webui.exception.WebElementNotFoundException: Web element with id: 'Object Repository/OFFERTFORFRAGAN Popup/Okay Button From OFFERTFORFRAGAN Popup' located by 'By.xpath: //a[(text() = 'Ok' or . = 'Ok')]' not found)]]></system-err>
      </testcase>
      <testcase name="Test Cases/Move to Compilation Page" classname="Test Cases/Move to Compilation Page" status="FAILED">
         <failure type="FAILED" message="Unable to scroll to object 'Object Repository/Click on Visa Offertforfragan/Click on Button_Visa offertfrfrgan' (Root cause: com.kms.katalon.core.webui.exception.WebElementNotFoundException: Web element with id: 'Object Repository/Click on Visa Offertforfragan/Click on Button_Visa offertfrfrgan' located by 'By.xpath: //button[@type = 'submit' and (text() = 'Visa offertförfrågan' or . = 'Visa offertförfrågan')]' not found)"/>
         <system-out><![CDATA[2018-06-04 12:42:16 - [TEST_CASE][FAILED] - Test Cases/Move to Compilation Page: Test Cases/Move to Compilation Page FAILED because (of) Unable to scroll to object 'Object Repository/Click on Visa Offertforfragan/Click on Button_Visa offertfrfrgan' (Root cause: com.kms.katalon.core.webui.exception.WebElementNotFoundException: Web element with id: 'Object Repository/Click on Visa Offertforfragan/Click on Button_Visa offertfrfrgan' located by 'By.xpath: //button[@type = 'submit' and (text() = 'Visa offertförfrågan' or . = 'Visa offertförfrågan')]' not found)

2018-06-04 12:42:16 - [TEST_STEP][FAILED] - scrollToElement: Unable to scroll to object 'Object Repository/Click on Visa Offertforfragan/Click on Button_Visa offertfrfrgan' (Root cause: com.kms.katalon.core.webui.exception.WebElementNotFoundException: Web element with id: 'Object Repository/Click on Visa Offertforfragan/Click on Button_Visa offertfrfrgan' located by 'By.xpath: //button[@type = 'submit' and (text() = 'Visa offertförfrågan' or . = 'Visa offertförfrågan')]' not found)

2018-06-04 12:42:51 - [MESSAGE][FAILED] - Unable to scroll to object 'Object Repository/Click on Visa Offertforfragan/Click on Button_Visa offertfrfrgan' (Root cause: com.kms.katalon.core.webui.exception.WebElementNotFoundException: Web element with id: 'Object Repository/Click on Visa Offertforfragan/Click on Button_Visa offertfrfrgan' located by 'By.xpath: //button[@type = 'submit' and (text() = 'Visa offertförfrågan' or . = 'Visa offertförfrågan')]' not found)
[[ATTACHMENT|E:\\Ahus-Katalon-Git\\Reports\\Customer Portal\\20180604_122518\\1528096370537.png]]]]></system-out>
         <system-err><![CDATA[2018-06-04 12:42:16 - [TEST_CASE][FAILED] - Test Cases/Move to Compilation Page: Test Cases/Move to Compilation Page FAILED because (of) Unable to scroll to object 'Object Repository/Click on Visa Offertforfragan/Click on Button_Visa offertfrfrgan' (Root cause: com.kms.katalon.core.webui.exception.WebElementNotFoundException: Web element with id: 'Object Repository/Click on Visa Offertforfragan/Click on Button_Visa offertfrfrgan' located by 'By.xpath: //button[@type = 'submit' and (text() = 'Visa offertförfrågan' or . = 'Visa offertförfrågan')]' not found)]]></system-err>
      </testcase>
      <testcase name="Test Cases/Visit Seller Portal" classname="Test Cases/Visit Seller Portal" status="PASSED">
         <system-out><![CDATA[2018-06-04 12:42:51 - [TEST_CASE][PASSED] - Test Cases/Visit Seller Portal: Test Cases/Visit Seller Portal

2018-06-04 12:42:51 - [TEST_STEP][PASSED] - openBrowser: Browser is opened with url: 'http://ahusonline.utv.derome.se/salj-portal'

2018-06-04 12:42:51 - [MESSAGE][WARNING] - A browser is already opened. Closing browser and opening a new one

2018-06-04 12:43:06 - [MESSAGE][PASSED] - Browser is opened with url: 'http://ahusonline.utv.derome.se/salj-portal'

2018-06-04 12:43:06 - [TEST_STEP][PASSED] - maximizeWindow: Current window maximized

2018-06-04 12:43:06 - [MESSAGE][PASSED] - Current window maximized]]></system-out>
         <system-err><![CDATA[]]></system-err>
      </testcase>
      <testcase name="Test Cases/Seller Login" classname="Test Cases/Seller Login" status="PASSED">
         <system-out><![CDATA[2018-06-04 12:43:06 - [TEST_CASE][PASSED] - Test Cases/Seller Login: Test Cases/Seller Login

2018-06-04 12:43:06 - [TEST_STEP][PASSED] - click: Object: 'Object Repository/Login as Seller/Seller Login - Username' is clicked on

2018-06-04 12:43:07 - [MESSAGE][PASSED] - Object: 'Object Repository/Login as Seller/Seller Login - Username' is clicked on

2018-06-04 12:43:07 - [TEST_STEP][PASSED] - sendKeys: Keys 'neethuv' sent to object: 'Object Repository/Login as Seller/Seller Login - Username'

2018-06-04 12:43:07 - [MESSAGE][PASSED] - Keys 'neethuv' sent to object: 'Object Repository/Login as Seller/Seller Login - Username'

2018-06-04 12:43:07 - [TEST_STEP][PASSED] - click: Object: 'Object Repository/Login as Seller/Seller Login - Password' is clicked on

2018-06-04 12:43:08 - [MESSAGE][PASSED] - Object: 'Object Repository/Login as Seller/Seller Login - Password' is clicked on

2018-06-04 12:43:08 - [TEST_STEP][PASSED] - sendKeys: Keys 'Test12345' sent to object: 'Object Repository/Login as Seller/Seller Login - Password'

2018-06-04 12:43:08 - [MESSAGE][PASSED] - Keys 'Test12345' sent to object: 'Object Repository/Login as Seller/Seller Login - Password'

2018-06-04 12:43:08 - [TEST_STEP][PASSED] - click: Object: 'Object Repository/Login as Seller/Login Button' is clicked on

2018-06-04 12:43:16 - [MESSAGE][PASSED] - Object: 'Object Repository/Login as Seller/Login Button' is clicked on

2018-06-04 12:43:16 - [TEST_STEP][PASSED] - waitForPageLoad: Wait for page load successfully

2018-06-04 12:43:16 - [MESSAGE][PASSED] - Wait for page load successfully]]></system-out>
         <system-err><![CDATA[]]></system-err>
      </testcase>
      <system-out><![CDATA[2018-06-04 12:37:45 - [TEST_SUITE][FAILED] - Customer Portal: Test Cases/Make Changes in Configuration - Customer FAILED because (of) Unable to click on object (Root cause: java.lang.IllegalArgumentException: Object is null)]]></system-out>
      <system-err><![CDATA[2018-06-04 12:37:45 - [TEST_SUITE][FAILED] - Customer Portal: Test Cases/Make Changes in Configuration - Customer FAILED because (of) Unable to click on object (Root cause: java.lang.IllegalArgumentException: Object is null)]]></system-err>
   </testsuite>
</testsuites>
