{"devicePlatform":"","logFolder":"E:\\Ahus-Katalon-Git\\Reports\\Customer Portal\\20180604_141413","runData":{"hostName":"Neethu.v - Neethu-v.Bridgeglobal.local","os":"Windows 10 64bit","katalonVersion":"5.4.2.1","browser":"Firefox 56.0","hostAddress":"172.16.12.46","sessionId":"800fc8b4-91ca-439d-8322-8c95abb25b03","seleniumVersion":"3.7.1","proxyInformation":"ProxyInformation{proxyOption\u003dNO_PROXY, proxyServerType\u003dHTTP, password\u003d, proxyServerAddress\u003d, proxyServerPort\u003d0}","platform":"Windows 10"},"type":"TEST_SUITE","name":"Customer Portal","id":"Test Suites/Customer Portal","source":"","message":"Test Cases/Move to Start Page FAILED because (of) Unable to click on object \u0027Object Repository/Move to home page from logged in\u0027 (Root cause: org.openqa.selenium.StaleElementReferenceException: Element not found in the cache - perhaps the page has changed since it was looked up\nCommand duration or timeout: 0 milliseconds)","description":"","startTime":1528103017923,"endTime":1528103353057,"childRecords":[{"isOptional":false,"type":"TEST_CASE","name":"Test Cases/Clear cache","id":"Test Cases/Clear cache","source":"E:\\\\Ahus-Katalon-Git\\\\Test Cases\\\\Clear cache.tc","message":"Test Cases/Clear cache","description":"","startTime":1528103018286,"endTime":1528103018771,"childRecords":[{"testStatus":{"stackTrace":"","statusValue":"INFO"},"type":"MESSAGE","name":"","message":"Evaluating variables for test case","startTime":1528103018305,"endTime":0,"childRecords":[],"interuppted":false},{"index":1,"isIgnoredIfFailed":false,"type":"TEST_STEP","name":"deleteAllCookies","message":"Delete all cookies successfully","description":"","startTime":1528103018478,"endTime":1528103018768,"childRecords":[{"testStatus":{"stackTrace":"","statusValue":"WARNING"},"type":"MESSAGE","name":"","message":"Cannot delete cookies because browser is closed","startTime":1528103018766,"endTime":0,"childRecords":[],"interuppted":false},{"testStatus":{"stackTrace":"","statusValue":"PASSED"},"type":"MESSAGE","name":"","message":"Delete all cookies successfully","startTime":1528103018767,"endTime":0,"childRecords":[],"interuppted":false}],"interuppted":false},{"testStatus":{"stackTrace":"","statusValue":"PASSED"},"type":"MESSAGE","name":"","message":"Test Cases/Clear cache","startTime":1528103018770,"endTime":0,"childRecords":[],"interuppted":false}],"interuppted":false},{"isOptional":false,"type":"TEST_CASE","name":"Test Cases/Start page","id":"Test Cases/Start page","source":"E:\\\\Ahus-Katalon-Git\\\\Test Cases\\\\Start page.tc","message":"Test Cases/Start page","description":"","startTime":1528103018775,"endTime":1528103046417,"childRecords":[{"testStatus":{"stackTrace":"","statusValue":"INFO"},"type":"MESSAGE","name":"","message":"Evaluating variables for test case","startTime":1528103018791,"endTime":0,"childRecords":[],"interuppted":false},{"index":1,"isIgnoredIfFailed":false,"type":"TEST_STEP","name":"openBrowser","message":"Browser is opened with url: \u0027\u0027","description":"","startTime":1528103018876,"endTime":1528103030252,"childRecords":[{"testStatus":{"stackTrace":"","statusValue":"PASSED"},"type":"MESSAGE","name":"","message":"Browser is opened with url: \u0027\u0027","startTime":1528103030251,"endTime":0,"childRecords":[],"interuppted":false}],"interuppted":false},{"index":2,"isIgnoredIfFailed":false,"type":"TEST_STEP","name":"maximizeWindow","message":"Current window maximized","description":"","startTime":1528103030252,"endTime":1528103030342,"childRecords":[{"testStatus":{"stackTrace":"","statusValue":"PASSED"},"type":"MESSAGE","name":"","message":"Current window maximized","startTime":1528103030341,"endTime":0,"childRecords":[],"interuppted":false}],"interuppted":false},{"index":3,"isIgnoredIfFailed":false,"type":"TEST_STEP","name":"navigateToUrl","message":"Navigate to \u0027http://ahusonline.utv.derome.se/\u0027 successfully","description":"","startTime":1528103030342,"endTime":1528103045873,"childRecords":[{"testStatus":{"stackTrace":"","statusValue":"PASSED"},"type":"MESSAGE","name":"","message":"Navigate to \u0027http://ahusonline.utv.derome.se/\u0027 successfully","startTime":1528103045872,"endTime":0,"childRecords":[],"interuppted":false}],"interuppted":false},{"index":4,"isIgnoredIfFailed":false,"type":"TEST_STEP","name":"waitForElementVisible","message":"Object \u0027Object Repository/Element in start page\u0027 is visible","description":"","startTime":1528103045873,"endTime":1528103046069,"childRecords":[{"testStatus":{"stackTrace":"","statusValue":"PASSED"},"type":"MESSAGE","name":"","message":"Object \u0027Object Repository/Element in start page\u0027 is visible","startTime":1528103046068,"endTime":0,"childRecords":[],"interuppted":false}],"interuppted":false},{"index":5,"isIgnoredIfFailed":false,"type":"TEST_STEP","name":"click","message":"Object: \u0027Object Repository/Customer registration from HB/Close - strt page popup\u0027 is clicked on","description":"","startTime":1528103046069,"endTime":1528103046417,"childRecords":[{"testStatus":{"stackTrace":"","statusValue":"PASSED"},"type":"MESSAGE","name":"","message":"Object: \u0027Object Repository/Customer registration from HB/Close - strt page popup\u0027 is clicked on","startTime":1528103046416,"endTime":0,"childRecords":[],"interuppted":false}],"interuppted":false},{"testStatus":{"stackTrace":"","statusValue":"PASSED"},"type":"MESSAGE","name":"","message":"Test Cases/Start page","startTime":1528103046417,"endTime":0,"childRecords":[],"interuppted":false}],"interuppted":false},{"isOptional":false,"type":"TEST_CASE","name":"Test Cases/Customer-Login","id":"Test Cases/Customer-Login","source":"E:\\\\Ahus-Katalon-Git\\\\Test Cases\\\\Customer-Login.tc","message":"Test Cases/Customer-Login","description":"","startTime":1528103046419,"endTime":1528103051324,"childRecords":[{"testStatus":{"stackTrace":"","statusValue":"INFO"},"type":"MESSAGE","name":"","message":"Evaluating variables for test case","startTime":1528103046424,"endTime":0,"childRecords":[],"interuppted":false},{"index":1,"isIgnoredIfFailed":false,"type":"TEST_STEP","name":"click","message":"Object: \u0027Object Repository/Customer registration from HB/a_Login\u0027 is clicked on","description":"","startTime":1528103046508,"endTime":1528103048145,"childRecords":[{"testStatus":{"stackTrace":"","statusValue":"PASSED"},"type":"MESSAGE","name":"","message":"Object: \u0027Object Repository/Customer registration from HB/a_Login\u0027 is clicked on","startTime":1528103048145,"endTime":0,"childRecords":[],"interuppted":false}],"interuppted":false},{"index":2,"isIgnoredIfFailed":false,"type":"TEST_STEP","name":"setText","message":"Text \u0027test@spara.com\u0027 is set on object \u0027Object Repository/Login-username\u0027","description":"","startTime":1528103048146,"endTime":1528103050388,"childRecords":[{"testStatus":{"stackTrace":"","statusValue":"PASSED"},"type":"MESSAGE","name":"","message":"Text \u0027test@spara.com\u0027 is set on object \u0027Object Repository/Login-username\u0027","startTime":1528103050388,"endTime":0,"childRecords":[],"interuppted":false}],"interuppted":false},{"index":3,"isIgnoredIfFailed":false,"type":"TEST_STEP","name":"setText","message":"Text \u00271234\u0027 is set on object \u0027Object Repository/Login-password\u0027","description":"","startTime":1528103050388,"endTime":1528103051008,"childRecords":[{"testStatus":{"stackTrace":"","statusValue":"PASSED"},"type":"MESSAGE","name":"","message":"Text \u00271234\u0027 is set on object \u0027Object Repository/Login-password\u0027","startTime":1528103051008,"endTime":0,"childRecords":[],"interuppted":false}],"interuppted":false},{"index":4,"isIgnoredIfFailed":false,"type":"TEST_STEP","name":"click","message":"Object: \u0027Object Repository/button_Logga in\u0027 is clicked on","description":"","startTime":1528103051009,"endTime":1528103051208,"childRecords":[{"testStatus":{"stackTrace":"","statusValue":"PASSED"},"type":"MESSAGE","name":"","message":"Object: \u0027Object Repository/button_Logga in\u0027 is clicked on","startTime":1528103051208,"endTime":0,"childRecords":[],"interuppted":false}],"interuppted":false},{"index":5,"isIgnoredIfFailed":false,"type":"TEST_STEP","name":"waitForPageLoad","message":"Wait for page load successfully","description":"","startTime":1528103051209,"endTime":1528103051323,"childRecords":[{"testStatus":{"stackTrace":"","statusValue":"PASSED"},"type":"MESSAGE","name":"","message":"Wait for page load successfully","startTime":1528103051323,"endTime":0,"childRecords":[],"interuppted":false}],"interuppted":false},{"testStatus":{"stackTrace":"","statusValue":"PASSED"},"type":"MESSAGE","name":"","message":"Test Cases/Customer-Login","startTime":1528103051324,"endTime":0,"childRecords":[],"interuppted":false}],"interuppted":false},{"isOptional":false,"type":"TEST_CASE","name":"Test Cases/Move to Start Page","id":"Test Cases/Move to Start Page","source":"E:\\\\Ahus-Katalon-Git\\\\Test Cases\\\\Move to Start Page.tc","message":"Test Cases/Move to Start Page FAILED because (of) Unable to click on object \u0027Object Repository/Move to home page from logged in\u0027 (Root cause: org.openqa.selenium.StaleElementReferenceException: Element not found in the cache - perhaps the page has changed since it was looked up\nCommand duration or timeout: 0 milliseconds)","description":"","startTime":1528103051326,"endTime":1528103054931,"childRecords":[{"testStatus":{"stackTrace":"","statusValue":"INFO"},"type":"MESSAGE","name":"","message":"Evaluating variables for test case","startTime":1528103051329,"endTime":0,"childRecords":[],"interuppted":false},{"attachment":"1528103053739.png","index":1,"isIgnoredIfFailed":false,"type":"TEST_STEP","name":"click","message":"Unable to click on object \u0027Object Repository/Move to home page from logged in\u0027 (Root cause: org.openqa.selenium.StaleElementReferenceException: Element not found in the cache - perhaps the page has changed since it was looked up\nCommand duration or timeout: 0 milliseconds)","description":"","startTime":1528103051405,"endTime":1528103054930,"childRecords":[{"testStatus":{"stackTrace":"","statusValue":"FAILED"},"attachment":"1528103053739.png","type":"MESSAGE","name":"","message":"Unable to click on object \u0027Object Repository/Move to home page from logged in\u0027 (Root cause: org.openqa.selenium.StaleElementReferenceException: Element not found in the cache - perhaps the page has changed since it was looked up\nCommand duration or timeout: 0 milliseconds)","startTime":1528103054929,"endTime":0,"childRecords":[],"interuppted":false}],"interuppted":false},{"testStatus":{"stackTrace":"","statusValue":"FAILED"},"type":"MESSAGE","name":"","message":"Test Cases/Move to Start Page FAILED because (of) Unable to click on object \u0027Object Repository/Move to home page from logged in\u0027 (Root cause: org.openqa.selenium.StaleElementReferenceException: Element not found in the cache - perhaps the page has changed since it was looked up\nCommand duration or timeout: 0 milliseconds)","startTime":1528103054930,"endTime":0,"childRecords":[],"interuppted":false}],"interuppted":false},{"isOptional":false,"type":"TEST_CASE","name":"Test Cases/Municipality dropdown field-start page","id":"Test Cases/Municipality dropdown field-start page","source":"E:\\\\Ahus-Katalon-Git\\\\Test Cases\\\\Municipality dropdown field-start page.tc","message":"Test Cases/Municipality dropdown field-start page FAILED because (of) Unable to click on object \u0027Object Repository/Start page elements/Municipality select field\u0027 (Root cause: com.kms.katalon.core.webui.exception.WebElementNotFoundException: Web element with id: \u0027Object Repository/Start page elements/Municipality select field\u0027 located by \u0027By.xpath: //select[@data-required-text\u003d\u0027Du behöver välja kommun/område för att fortsätta\u0027]\u0027 not found)","description":"","startTime":1528103054933,"endTime":1528103088425,"childRecords":[{"testStatus":{"stackTrace":"","statusValue":"INFO"},"type":"MESSAGE","name":"","message":"Evaluating variables for test case","startTime":1528103054938,"endTime":0,"childRecords":[],"interuppted":false},{"attachment":"1528103087272.png","index":1,"isIgnoredIfFailed":false,"type":"TEST_STEP","name":"click","message":"Unable to click on object \u0027Object Repository/Start page elements/Municipality select field\u0027 (Root cause: com.kms.katalon.core.webui.exception.WebElementNotFoundException: Web element with id: \u0027Object Repository/Start page elements/Municipality select field\u0027 located by \u0027By.xpath: //select[@data-required-text\u003d\u0027Du behöver välja kommun/område för att fortsätta\u0027]\u0027 not found)","description":"","startTime":1528103055010,"endTime":1528103088424,"childRecords":[{"testStatus":{"stackTrace":"","statusValue":"FAILED"},"attachment":"1528103087272.png","type":"MESSAGE","name":"","message":"Unable to click on object \u0027Object Repository/Start page elements/Municipality select field\u0027 (Root cause: com.kms.katalon.core.webui.exception.WebElementNotFoundException: Web element with id: \u0027Object Repository/Start page elements/Municipality select field\u0027 located by \u0027By.xpath: //select[@data-required-text\u003d\u0027Du behöver välja kommun/område för att fortsätta\u0027]\u0027 not found)","startTime":1528103088422,"endTime":0,"childRecords":[],"interuppted":false}],"interuppted":false},{"testStatus":{"stackTrace":"","statusValue":"FAILED"},"type":"MESSAGE","name":"","message":"Test Cases/Municipality dropdown field-start page FAILED because (of) Unable to click on object \u0027Object Repository/Start page elements/Municipality select field\u0027 (Root cause: com.kms.katalon.core.webui.exception.WebElementNotFoundException: Web element with id: \u0027Object Repository/Start page elements/Municipality select field\u0027 located by \u0027By.xpath: //select[@data-required-text\u003d\u0027Du behöver välja kommun/område för att fortsätta\u0027]\u0027 not found)","startTime":1528103088424,"endTime":0,"childRecords":[],"interuppted":false}],"interuppted":false},{"isOptional":false,"type":"TEST_CASE","name":"Test Cases/Select Municiplality from Start page","id":"Test Cases/Select Municiplality from Start page","source":"E:\\\\Ahus-Katalon-Git\\\\Test Cases\\\\Select Municiplality from Start page.tc","message":"Test Cases/Select Municiplality from Start page FAILED because (of) Unable to click on object \u0027Object Repository/Start page elements/Select Municipality-start page\u0027 (Root cause: com.kms.katalon.core.webui.exception.WebElementNotFoundException: Web element with id: \u0027Object Repository/Start page elements/Select Municipality-start page\u0027 located by \u0027By.xpath: //option[@value\u003d\u00277670aa51-d0b7-4c72-82a5-3f414da5c895|Ale|1\u0027]\u0027 not found)","description":"","startTime":1528103088429,"endTime":1528103122090,"childRecords":[{"testStatus":{"stackTrace":"","statusValue":"INFO"},"type":"MESSAGE","name":"","message":"Evaluating variables for test case","startTime":1528103088437,"endTime":0,"childRecords":[],"interuppted":false},{"attachment":"1528103120950.png","index":1,"isIgnoredIfFailed":false,"type":"TEST_STEP","name":"click","message":"Unable to click on object \u0027Object Repository/Start page elements/Select Municipality-start page\u0027 (Root cause: com.kms.katalon.core.webui.exception.WebElementNotFoundException: Web element with id: \u0027Object Repository/Start page elements/Select Municipality-start page\u0027 located by \u0027By.xpath: //option[@value\u003d\u00277670aa51-d0b7-4c72-82a5-3f414da5c895|Ale|1\u0027]\u0027 not found)","description":"","startTime":1528103088532,"endTime":1528103122089,"childRecords":[{"testStatus":{"stackTrace":"","statusValue":"FAILED"},"attachment":"1528103120950.png","type":"MESSAGE","name":"","message":"Unable to click on object \u0027Object Repository/Start page elements/Select Municipality-start page\u0027 (Root cause: com.kms.katalon.core.webui.exception.WebElementNotFoundException: Web element with id: \u0027Object Repository/Start page elements/Select Municipality-start page\u0027 located by \u0027By.xpath: //option[@value\u003d\u00277670aa51-d0b7-4c72-82a5-3f414da5c895|Ale|1\u0027]\u0027 not found)","startTime":1528103122088,"endTime":0,"childRecords":[],"interuppted":false}],"interuppted":false},{"testStatus":{"stackTrace":"","statusValue":"FAILED"},"type":"MESSAGE","name":"","message":"Test Cases/Select Municiplality from Start page FAILED because (of) Unable to click on object \u0027Object Repository/Start page elements/Select Municipality-start page\u0027 (Root cause: com.kms.katalon.core.webui.exception.WebElementNotFoundException: Web element with id: \u0027Object Repository/Start page elements/Select Municipality-start page\u0027 located by \u0027By.xpath: //option[@value\u003d\u00277670aa51-d0b7-4c72-82a5-3f414da5c895|Ale|1\u0027]\u0027 not found)","startTime":1528103122089,"endTime":0,"childRecords":[],"interuppted":false}],"interuppted":false},{"isOptional":false,"type":"TEST_CASE","name":"Test Cases/Select House From House Listing Page - HB","id":"Test Cases/Select House From House Listing Page - HB","source":"E:\\\\Ahus-Katalon-Git\\\\Test Cases\\\\Select House From House Listing Page - HB.tc","message":"Test Cases/Select House From House Listing Page - HB FAILED because (of) Unable to click on object \u0027Object Repository/House Listing Page/Select House from House listing\u0027 (Root cause: com.kms.katalon.core.webui.exception.WebElementNotFoundException: Web element with id: \u0027Object Repository/House Listing Page/Select House from House listing\u0027 located by \u0027By.xpath: //input[@type \u003d \u0027submit\u0027]\u0027 not found)","description":"","startTime":1528103122092,"endTime":1528103155482,"childRecords":[{"testStatus":{"stackTrace":"","statusValue":"INFO"},"type":"MESSAGE","name":"","message":"Evaluating variables for test case","startTime":1528103122100,"endTime":0,"childRecords":[],"interuppted":false},{"attachment":"1528103154319.png","index":1,"isIgnoredIfFailed":false,"type":"TEST_STEP","name":"click","message":"Unable to click on object \u0027Object Repository/House Listing Page/Select House from House listing\u0027 (Root cause: com.kms.katalon.core.webui.exception.WebElementNotFoundException: Web element with id: \u0027Object Repository/House Listing Page/Select House from House listing\u0027 located by \u0027By.xpath: //input[@type \u003d \u0027submit\u0027]\u0027 not found)","description":"","startTime":1528103122173,"endTime":1528103155481,"childRecords":[{"testStatus":{"stackTrace":"","statusValue":"FAILED"},"attachment":"1528103154319.png","type":"MESSAGE","name":"","message":"Unable to click on object \u0027Object Repository/House Listing Page/Select House from House listing\u0027 (Root cause: com.kms.katalon.core.webui.exception.WebElementNotFoundException: Web element with id: \u0027Object Repository/House Listing Page/Select House from House listing\u0027 located by \u0027By.xpath: //input[@type \u003d \u0027submit\u0027]\u0027 not found)","startTime":1528103155481,"endTime":0,"childRecords":[],"interuppted":false}],"interuppted":false},{"testStatus":{"stackTrace":"","statusValue":"FAILED"},"type":"MESSAGE","name":"","message":"Test Cases/Select House From House Listing Page - HB FAILED because (of) Unable to click on object \u0027Object Repository/House Listing Page/Select House from House listing\u0027 (Root cause: com.kms.katalon.core.webui.exception.WebElementNotFoundException: Web element with id: \u0027Object Repository/House Listing Page/Select House from House listing\u0027 located by \u0027By.xpath: //input[@type \u003d \u0027submit\u0027]\u0027 not found)","startTime":1528103155481,"endTime":0,"childRecords":[],"interuppted":false}],"interuppted":false},{"isOptional":false,"type":"TEST_CASE","name":"Test Cases/Make Changes in Configuration - Customer","id":"Test Cases/Make Changes in Configuration - Customer","source":"E:\\\\Ahus-Katalon-Git\\\\Test Cases\\\\Make Changes in Configuration - Customer.tc","message":"Test Cases/Make Changes in Configuration - Customer FAILED because (of) Unable to click on object \u0027Object Repository/Make Changes in Configuration/Configuration change - utvandiga val\u0027 (Root cause: com.kms.katalon.core.webui.exception.WebElementNotFoundException: Web element with id: \u0027Object Repository/Make Changes in Configuration/Configuration change - utvandiga val\u0027 located by \u0027By.xpath: //span[contains(.,\u0027         Vindskivor och foder              \u0027)]\u0027 not found)","description":"","startTime":1528103155484,"endTime":1528103190134,"childRecords":[{"testStatus":{"stackTrace":"","statusValue":"INFO"},"type":"MESSAGE","name":"","message":"Evaluating variables for test case","startTime":1528103155489,"endTime":0,"childRecords":[],"interuppted":false},{"attachment":"1528103188990.png","index":1,"isIgnoredIfFailed":false,"type":"TEST_STEP","name":"click","message":"Unable to click on object \u0027Object Repository/Make Changes in Configuration/Configuration change - utvandiga val\u0027 (Root cause: com.kms.katalon.core.webui.exception.WebElementNotFoundException: Web element with id: \u0027Object Repository/Make Changes in Configuration/Configuration change - utvandiga val\u0027 located by \u0027By.xpath: //span[contains(.,\u0027         Vindskivor och foder              \u0027)]\u0027 not found)","description":"","startTime":1528103155562,"endTime":1528103190134,"childRecords":[{"testStatus":{"stackTrace":"","statusValue":"FAILED"},"attachment":"1528103188990.png","type":"MESSAGE","name":"","message":"Unable to click on object \u0027Object Repository/Make Changes in Configuration/Configuration change - utvandiga val\u0027 (Root cause: com.kms.katalon.core.webui.exception.WebElementNotFoundException: Web element with id: \u0027Object Repository/Make Changes in Configuration/Configuration change - utvandiga val\u0027 located by \u0027By.xpath: //span[contains(.,\u0027         Vindskivor och foder              \u0027)]\u0027 not found)","startTime":1528103190133,"endTime":0,"childRecords":[],"interuppted":false}],"interuppted":false},{"testStatus":{"stackTrace":"","statusValue":"FAILED"},"type":"MESSAGE","name":"","message":"Test Cases/Make Changes in Configuration - Customer FAILED because (of) Unable to click on object \u0027Object Repository/Make Changes in Configuration/Configuration change - utvandiga val\u0027 (Root cause: com.kms.katalon.core.webui.exception.WebElementNotFoundException: Web element with id: \u0027Object Repository/Make Changes in Configuration/Configuration change - utvandiga val\u0027 located by \u0027By.xpath: //span[contains(.,\u0027         Vindskivor och foder              \u0027)]\u0027 not found)","startTime":1528103190134,"endTime":0,"childRecords":[],"interuppted":false}],"interuppted":false},{"isOptional":false,"type":"TEST_CASE","name":"Test Cases/Save Configuration","id":"Test Cases/Save Configuration","source":"E:\\\\Ahus-Katalon-Git\\\\Test Cases\\\\Save Configuration.tc","message":"Test Cases/Save Configuration FAILED because (of) Unable to get text of object \u0027Object Repository/Save Configuration/Get text From Save Configuration\u0027 (Root cause: com.kms.katalon.core.webui.exception.WebElementNotFoundException: Web element with id: \u0027Object Repository/Save Configuration/Get text From Save Configuration\u0027 located by \u0027By.xpath: //pricebox//div[@class\u003d\"pricebox-info inline\"]\u0027 not found)","description":"","startTime":1528103190137,"endTime":1528103223711,"childRecords":[{"testStatus":{"stackTrace":"","statusValue":"INFO"},"type":"MESSAGE","name":"","message":"Evaluating variables for test case","startTime":1528103190140,"endTime":0,"childRecords":[],"interuppted":false},{"index":1,"isIgnoredIfFailed":false,"type":"TEST_STEP","name":"waitForPageLoad","message":"Wait for page load successfully","description":"","startTime":1528103190223,"endTime":1528103190253,"childRecords":[{"testStatus":{"stackTrace":"","statusValue":"PASSED"},"type":"MESSAGE","name":"","message":"Wait for page load successfully","startTime":1528103190253,"endTime":0,"childRecords":[],"interuppted":false}],"interuppted":false},{"attachment":"1528103222548.png","index":2,"isIgnoredIfFailed":false,"type":"TEST_STEP","name":"getText","message":"Unable to get text of object \u0027Object Repository/Save Configuration/Get text From Save Configuration\u0027 (Root cause: com.kms.katalon.core.webui.exception.WebElementNotFoundException: Web element with id: \u0027Object Repository/Save Configuration/Get text From Save Configuration\u0027 located by \u0027By.xpath: //pricebox//div[@class\u003d\"pricebox-info inline\"]\u0027 not found)","description":"","startTime":1528103190254,"endTime":1528103223710,"childRecords":[{"testStatus":{"stackTrace":"","statusValue":"FAILED"},"attachment":"1528103222548.png","type":"MESSAGE","name":"","message":"Unable to get text of object \u0027Object Repository/Save Configuration/Get text From Save Configuration\u0027 (Root cause: com.kms.katalon.core.webui.exception.WebElementNotFoundException: Web element with id: \u0027Object Repository/Save Configuration/Get text From Save Configuration\u0027 located by \u0027By.xpath: //pricebox//div[@class\u003d\"pricebox-info inline\"]\u0027 not found)","startTime":1528103223709,"endTime":0,"childRecords":[],"interuppted":false}],"interuppted":false},{"testStatus":{"stackTrace":"","statusValue":"FAILED"},"type":"MESSAGE","name":"","message":"Test Cases/Save Configuration FAILED because (of) Unable to get text of object \u0027Object Repository/Save Configuration/Get text From Save Configuration\u0027 (Root cause: com.kms.katalon.core.webui.exception.WebElementNotFoundException: Web element with id: \u0027Object Repository/Save Configuration/Get text From Save Configuration\u0027 located by \u0027By.xpath: //pricebox//div[@class\u003d\"pricebox-info inline\"]\u0027 not found)","startTime":1528103223710,"endTime":0,"childRecords":[],"interuppted":false}],"interuppted":false},{"isOptional":false,"type":"TEST_CASE","name":"Test Cases/Navigation to Offert Popup","id":"Test Cases/Navigation to Offert Popup","source":"E:\\\\Ahus-Katalon-Git\\\\Test Cases\\\\Navigation to Offert Popup.tc","message":"Test Cases/Navigation to Offert Popup FAILED because (of) Unable to click on object \u0027Object Repository/Move to Offert Popup/Offert Button Click - Offert Popup\u0027 (Root cause: com.kms.katalon.core.webui.exception.WebElementNotFoundException: Web element with id: \u0027Object Repository/Move to Offert Popup/Offert Button Click - Offert Popup\u0027 located by \u0027By.xpath: //a[(text() \u003d \u0027Offert\u0027 or . \u003d \u0027Offert\u0027)]\u0027 not found)","description":"","startTime":1528103223713,"endTime":1528103257318,"childRecords":[{"testStatus":{"stackTrace":"","statusValue":"INFO"},"type":"MESSAGE","name":"","message":"Evaluating variables for test case","startTime":1528103223717,"endTime":0,"childRecords":[],"interuppted":false},{"attachment":"1528103256102.png","index":1,"isIgnoredIfFailed":false,"type":"TEST_STEP","name":"click","message":"Unable to click on object \u0027Object Repository/Move to Offert Popup/Offert Button Click - Offert Popup\u0027 (Root cause: com.kms.katalon.core.webui.exception.WebElementNotFoundException: Web element with id: \u0027Object Repository/Move to Offert Popup/Offert Button Click - Offert Popup\u0027 located by \u0027By.xpath: //a[(text() \u003d \u0027Offert\u0027 or . \u003d \u0027Offert\u0027)]\u0027 not found)","description":"","startTime":1528103223783,"endTime":1528103257317,"childRecords":[{"testStatus":{"stackTrace":"","statusValue":"FAILED"},"attachment":"1528103256102.png","type":"MESSAGE","name":"","message":"Unable to click on object \u0027Object Repository/Move to Offert Popup/Offert Button Click - Offert Popup\u0027 (Root cause: com.kms.katalon.core.webui.exception.WebElementNotFoundException: Web element with id: \u0027Object Repository/Move to Offert Popup/Offert Button Click - Offert Popup\u0027 located by \u0027By.xpath: //a[(text() \u003d \u0027Offert\u0027 or . \u003d \u0027Offert\u0027)]\u0027 not found)","startTime":1528103257316,"endTime":0,"childRecords":[],"interuppted":false}],"interuppted":false},{"testStatus":{"stackTrace":"","statusValue":"FAILED"},"type":"MESSAGE","name":"","message":"Test Cases/Navigation to Offert Popup FAILED because (of) Unable to click on object \u0027Object Repository/Move to Offert Popup/Offert Button Click - Offert Popup\u0027 (Root cause: com.kms.katalon.core.webui.exception.WebElementNotFoundException: Web element with id: \u0027Object Repository/Move to Offert Popup/Offert Button Click - Offert Popup\u0027 located by \u0027By.xpath: //a[(text() \u003d \u0027Offert\u0027 or . \u003d \u0027Offert\u0027)]\u0027 not found)","startTime":1528103257317,"endTime":0,"childRecords":[],"interuppted":false}],"interuppted":false},{"isOptional":false,"type":"TEST_CASE","name":"Test Cases/Fill into Offert Form","id":"Test Cases/Fill into Offert Form","source":"E:\\\\Ahus-Katalon-Git\\\\Test Cases\\\\Fill into Offert Form.tc","message":"Test Cases/Fill into Offert Form FAILED because (of) Unable to click on object \u0027Object Repository/Fill Offert From/Construction Type RadioButton\u0027 (Root cause: com.kms.katalon.core.webui.exception.WebElementNotFoundException: Web element with id: \u0027Object Repository/Fill Offert From/Construction Type RadioButton\u0027 located by \u0027By.xpath: //input[@ng-reflect-value\u003d\"Totalentreprenad\"]\u0027 not found)","description":"","startTime":1528103257320,"endTime":1528103290530,"childRecords":[{"testStatus":{"stackTrace":"","statusValue":"INFO"},"type":"MESSAGE","name":"","message":"Evaluating variables for test case","startTime":1528103257324,"endTime":0,"childRecords":[],"interuppted":false},{"attachment":"1528103289259.png","index":1,"isIgnoredIfFailed":false,"type":"TEST_STEP","name":"click","message":"Unable to click on object \u0027Object Repository/Fill Offert From/Construction Type RadioButton\u0027 (Root cause: com.kms.katalon.core.webui.exception.WebElementNotFoundException: Web element with id: \u0027Object Repository/Fill Offert From/Construction Type RadioButton\u0027 located by \u0027By.xpath: //input[@ng-reflect-value\u003d\"Totalentreprenad\"]\u0027 not found)","description":"","startTime":1528103257399,"endTime":1528103290528,"childRecords":[{"testStatus":{"stackTrace":"","statusValue":"FAILED"},"attachment":"1528103289259.png","type":"MESSAGE","name":"","message":"Unable to click on object \u0027Object Repository/Fill Offert From/Construction Type RadioButton\u0027 (Root cause: com.kms.katalon.core.webui.exception.WebElementNotFoundException: Web element with id: \u0027Object Repository/Fill Offert From/Construction Type RadioButton\u0027 located by \u0027By.xpath: //input[@ng-reflect-value\u003d\"Totalentreprenad\"]\u0027 not found)","startTime":1528103290528,"endTime":0,"childRecords":[],"interuppted":false}],"interuppted":false},{"testStatus":{"stackTrace":"","statusValue":"FAILED"},"type":"MESSAGE","name":"","message":"Test Cases/Fill into Offert Form FAILED because (of) Unable to click on object \u0027Object Repository/Fill Offert From/Construction Type RadioButton\u0027 (Root cause: com.kms.katalon.core.webui.exception.WebElementNotFoundException: Web element with id: \u0027Object Repository/Fill Offert From/Construction Type RadioButton\u0027 located by \u0027By.xpath: //input[@ng-reflect-value\u003d\"Totalentreprenad\"]\u0027 not found)","startTime":1528103290529,"endTime":0,"childRecords":[],"interuppted":false}],"interuppted":false},{"isOptional":false,"type":"TEST_CASE","name":"Test Cases/Accept OFFERTFORFRAGAN popup","id":"Test Cases/Accept OFFERTFORFRAGAN popup","source":"E:\\\\Ahus-Katalon-Git\\\\Test Cases\\\\Accept OFFERTFORFRAGAN popup.tc","message":"Test Cases/Accept OFFERTFORFRAGAN popup FAILED because (of) Unable to click on object \u0027Object Repository/OFFERTFORFRAGAN Popup/Okay Button From OFFERTFORFRAGAN Popup\u0027 (Root cause: org.openqa.selenium.ElementNotVisibleException: Element is not currently visible and so may not be interacted with\nCommand duration or timeout: 0 milliseconds)","description":"","startTime":1528103290532,"endTime":1528103291949,"childRecords":[{"testStatus":{"stackTrace":"","statusValue":"INFO"},"type":"MESSAGE","name":"","message":"Evaluating variables for test case","startTime":1528103290537,"endTime":0,"childRecords":[],"interuppted":false},{"attachment":"1528103290751.png","index":1,"isIgnoredIfFailed":false,"type":"TEST_STEP","name":"click","message":"Unable to click on object \u0027Object Repository/OFFERTFORFRAGAN Popup/Okay Button From OFFERTFORFRAGAN Popup\u0027 (Root cause: org.openqa.selenium.ElementNotVisibleException: Element is not currently visible and so may not be interacted with\nCommand duration or timeout: 0 milliseconds)","description":"","startTime":1528103290621,"endTime":1528103291948,"childRecords":[{"testStatus":{"stackTrace":"","statusValue":"FAILED"},"attachment":"1528103290751.png","type":"MESSAGE","name":"","message":"Unable to click on object \u0027Object Repository/OFFERTFORFRAGAN Popup/Okay Button From OFFERTFORFRAGAN Popup\u0027 (Root cause: org.openqa.selenium.ElementNotVisibleException: Element is not currently visible and so may not be interacted with\nCommand duration or timeout: 0 milliseconds)","startTime":1528103291948,"endTime":0,"childRecords":[],"interuppted":false}],"interuppted":false},{"testStatus":{"stackTrace":"","statusValue":"FAILED"},"type":"MESSAGE","name":"","message":"Test Cases/Accept OFFERTFORFRAGAN popup FAILED because (of) Unable to click on object \u0027Object Repository/OFFERTFORFRAGAN Popup/Okay Button From OFFERTFORFRAGAN Popup\u0027 (Root cause: org.openqa.selenium.ElementNotVisibleException: Element is not currently visible and so may not be interacted with\nCommand duration or timeout: 0 milliseconds)","startTime":1528103291948,"endTime":0,"childRecords":[],"interuppted":false}],"interuppted":false},{"isOptional":false,"type":"TEST_CASE","name":"Test Cases/Move to Compilation Page","id":"Test Cases/Move to Compilation Page","source":"E:\\\\Ahus-Katalon-Git\\\\Test Cases\\\\Move to Compilation Page.tc","message":"Test Cases/Move to Compilation Page FAILED because (of) Unable to scroll to object \u0027Object Repository/Click on Visa Offertforfragan/Click on Button_Visa offertfrfrgan\u0027 (Root cause: com.kms.katalon.core.webui.exception.WebElementNotFoundException: Web element with id: \u0027Object Repository/Click on Visa Offertforfragan/Click on Button_Visa offertfrfrgan\u0027 located by \u0027By.xpath: //button[@type \u003d \u0027submit\u0027 and (text() \u003d \u0027Visa offertförfrågan\u0027 or . \u003d \u0027Visa offertförfrågan\u0027)]\u0027 not found)","description":"","startTime":1528103291951,"endTime":1528103325430,"childRecords":[{"testStatus":{"stackTrace":"","statusValue":"INFO"},"type":"MESSAGE","name":"","message":"Evaluating variables for test case","startTime":1528103291954,"endTime":0,"childRecords":[],"interuppted":false},{"attachment":"1528103324240.png","index":1,"isIgnoredIfFailed":false,"type":"TEST_STEP","name":"scrollToElement","message":"Unable to scroll to object \u0027Object Repository/Click on Visa Offertforfragan/Click on Button_Visa offertfrfrgan\u0027 (Root cause: com.kms.katalon.core.webui.exception.WebElementNotFoundException: Web element with id: \u0027Object Repository/Click on Visa Offertforfragan/Click on Button_Visa offertfrfrgan\u0027 located by \u0027By.xpath: //button[@type \u003d \u0027submit\u0027 and (text() \u003d \u0027Visa offertförfrågan\u0027 or . \u003d \u0027Visa offertförfrågan\u0027)]\u0027 not found)","description":"","startTime":1528103292014,"endTime":1528103325429,"childRecords":[{"testStatus":{"stackTrace":"","statusValue":"FAILED"},"attachment":"1528103324240.png","type":"MESSAGE","name":"","message":"Unable to scroll to object \u0027Object Repository/Click on Visa Offertforfragan/Click on Button_Visa offertfrfrgan\u0027 (Root cause: com.kms.katalon.core.webui.exception.WebElementNotFoundException: Web element with id: \u0027Object Repository/Click on Visa Offertforfragan/Click on Button_Visa offertfrfrgan\u0027 located by \u0027By.xpath: //button[@type \u003d \u0027submit\u0027 and (text() \u003d \u0027Visa offertförfrågan\u0027 or . \u003d \u0027Visa offertförfrågan\u0027)]\u0027 not found)","startTime":1528103325429,"endTime":0,"childRecords":[],"interuppted":false}],"interuppted":false},{"testStatus":{"stackTrace":"","statusValue":"FAILED"},"type":"MESSAGE","name":"","message":"Test Cases/Move to Compilation Page FAILED because (of) Unable to scroll to object \u0027Object Repository/Click on Visa Offertforfragan/Click on Button_Visa offertfrfrgan\u0027 (Root cause: com.kms.katalon.core.webui.exception.WebElementNotFoundException: Web element with id: \u0027Object Repository/Click on Visa Offertforfragan/Click on Button_Visa offertfrfrgan\u0027 located by \u0027By.xpath: //button[@type \u003d \u0027submit\u0027 and (text() \u003d \u0027Visa offertförfrågan\u0027 or . \u003d \u0027Visa offertförfrågan\u0027)]\u0027 not found)","startTime":1528103325430,"endTime":0,"childRecords":[],"interuppted":false}],"interuppted":false},{"isOptional":false,"type":"TEST_CASE","name":"Test Cases/Visit Seller Portal","id":"Test Cases/Visit Seller Portal","source":"E:\\\\Ahus-Katalon-Git\\\\Test Cases\\\\Visit Seller Portal.tc","message":"Test Cases/Visit Seller Portal","description":"","startTime":1528103325475,"endTime":1528103345965,"childRecords":[{"testStatus":{"stackTrace":"","statusValue":"INFO"},"type":"MESSAGE","name":"","message":"Evaluating variables for test case","startTime":1528103325478,"endTime":0,"childRecords":[],"interuppted":false},{"index":1,"isIgnoredIfFailed":false,"type":"TEST_STEP","name":"openBrowser","message":"Browser is opened with url: \u0027http://ahusonline.utv.derome.se/salj-portal\u0027","description":"","startTime":1528103325537,"endTime":1528103345877,"childRecords":[{"testStatus":{"stackTrace":"","statusValue":"WARNING"},"type":"MESSAGE","name":"","message":"A browser is already opened. Closing browser and opening a new one","startTime":1528103325538,"endTime":0,"childRecords":[],"interuppted":false},{"testStatus":{"stackTrace":"","statusValue":"PASSED"},"type":"MESSAGE","name":"","message":"Browser is opened with url: \u0027http://ahusonline.utv.derome.se/salj-portal\u0027","startTime":1528103345877,"endTime":0,"childRecords":[],"interuppted":false}],"interuppted":false},{"index":2,"isIgnoredIfFailed":false,"type":"TEST_STEP","name":"maximizeWindow","message":"Current window maximized","description":"","startTime":1528103345877,"endTime":1528103345965,"childRecords":[{"testStatus":{"stackTrace":"","statusValue":"PASSED"},"type":"MESSAGE","name":"","message":"Current window maximized","startTime":1528103345964,"endTime":0,"childRecords":[],"interuppted":false}],"interuppted":false},{"testStatus":{"stackTrace":"","statusValue":"PASSED"},"type":"MESSAGE","name":"","message":"Test Cases/Visit Seller Portal","startTime":1528103345965,"endTime":0,"childRecords":[],"interuppted":false}],"interuppted":false},{"isOptional":false,"type":"TEST_CASE","name":"Test Cases/Seller Login","id":"Test Cases/Seller Login","source":"E:\\\\Ahus-Katalon-Git\\\\Test Cases\\\\Seller Login.tc","message":"Test Cases/Seller Login","description":"","startTime":1528103345967,"endTime":1528103353057,"childRecords":[{"testStatus":{"stackTrace":"","statusValue":"INFO"},"type":"MESSAGE","name":"","message":"Evaluating variables for test case","startTime":1528103345978,"endTime":0,"childRecords":[],"interuppted":false},{"index":1,"isIgnoredIfFailed":false,"type":"TEST_STEP","name":"click","message":"Object: \u0027Object Repository/Login as Seller/Seller Login - Username\u0027 is clicked on","description":"","startTime":1528103346055,"endTime":1528103346349,"childRecords":[{"testStatus":{"stackTrace":"","statusValue":"PASSED"},"type":"MESSAGE","name":"","message":"Object: \u0027Object Repository/Login as Seller/Seller Login - Username\u0027 is clicked on","startTime":1528103346348,"endTime":0,"childRecords":[],"interuppted":false}],"interuppted":false},{"index":2,"isIgnoredIfFailed":false,"type":"TEST_STEP","name":"sendKeys","message":"Keys \u0027neethuv\u0027 sent to object: \u0027Object Repository/Login as Seller/Seller Login - Username\u0027","description":"","startTime":1528103346349,"endTime":1528103346583,"childRecords":[{"testStatus":{"stackTrace":"","statusValue":"PASSED"},"type":"MESSAGE","name":"","message":"Keys \u0027neethuv\u0027 sent to object: \u0027Object Repository/Login as Seller/Seller Login - Username\u0027","startTime":1528103346582,"endTime":0,"childRecords":[],"interuppted":false}],"interuppted":false},{"index":3,"isIgnoredIfFailed":false,"type":"TEST_STEP","name":"click","message":"Object: \u0027Object Repository/Login as Seller/Seller Login - Password\u0027 is clicked on","description":"","startTime":1528103346583,"endTime":1528103346922,"childRecords":[{"testStatus":{"stackTrace":"","statusValue":"PASSED"},"type":"MESSAGE","name":"","message":"Object: \u0027Object Repository/Login as Seller/Seller Login - Password\u0027 is clicked on","startTime":1528103346922,"endTime":0,"childRecords":[],"interuppted":false}],"interuppted":false},{"index":4,"isIgnoredIfFailed":false,"type":"TEST_STEP","name":"sendKeys","message":"Keys \u0027Test12345\u0027 sent to object: \u0027Object Repository/Login as Seller/Seller Login - Password\u0027","description":"","startTime":1528103346922,"endTime":1528103347050,"childRecords":[{"testStatus":{"stackTrace":"","statusValue":"PASSED"},"type":"MESSAGE","name":"","message":"Keys \u0027Test12345\u0027 sent to object: \u0027Object Repository/Login as Seller/Seller Login - Password\u0027","startTime":1528103347050,"endTime":0,"childRecords":[],"interuppted":false}],"interuppted":false},{"index":5,"isIgnoredIfFailed":false,"type":"TEST_STEP","name":"click","message":"Object: \u0027Object Repository/Login as Seller/Login Button\u0027 is clicked on","description":"","startTime":1528103347050,"endTime":1528103353025,"childRecords":[{"testStatus":{"stackTrace":"","statusValue":"PASSED"},"type":"MESSAGE","name":"","message":"Object: \u0027Object Repository/Login as Seller/Login Button\u0027 is clicked on","startTime":1528103353024,"endTime":0,"childRecords":[],"interuppted":false}],"interuppted":false},{"index":6,"isIgnoredIfFailed":false,"type":"TEST_STEP","name":"waitForPageLoad","message":"Wait for page load successfully","description":"","startTime":1528103353025,"endTime":1528103353056,"childRecords":[{"testStatus":{"stackTrace":"","statusValue":"PASSED"},"type":"MESSAGE","name":"","message":"Wait for page load successfully","startTime":1528103353056,"endTime":0,"childRecords":[],"interuppted":false}],"interuppted":false},{"testStatus":{"stackTrace":"","statusValue":"PASSED"},"type":"MESSAGE","name":"","message":"Test Cases/Seller Login","startTime":1528103353057,"endTime":0,"childRecords":[],"interuppted":false}],"interuppted":false}],"interuppted":false}