{"devicePlatform":"","logFolder":"E:\\Ahus-Katalon-Git\\Reports\\Customer Portal\\20180604_122519","runData":{"hostName":"Neethu.v - Neethu-v.Bridgeglobal.local","os":"Windows 10 64bit","katalonVersion":"5.4.2.1","browser":"Firefox 56.0","hostAddress":"172.16.12.46","sessionId":"c4d64843-41f1-4990-b3ac-5ab9b9ef0a8d","seleniumVersion":"3.7.1","proxyInformation":"ProxyInformation{proxyOption\u003dNO_PROXY, proxyServerType\u003dHTTP, password\u003d, proxyServerAddress\u003d, proxyServerPort\u003d0}","platform":"Windows 10"},"type":"TEST_SUITE","name":"Customer Portal","id":"Test Suites/Customer Portal","source":"","message":"Test Cases/Start page FAILED because (of) Unable to click on object \u0027Object Repository/Customer registration from HB/Close - strt page popup\u0027 (Root cause: com.kms.katalon.core.webui.exception.WebElementNotFoundException: Web element with id: \u0027Object Repository/Customer registration from HB/Close - strt page popup\u0027 located by \u0027By.xpath: //a[@href \u003d \u0027http://ahusonline.utv.derome.se\u0027 and (text() \u003d \u0027CLOSE\u0027 or . \u003d \u0027CLOSE\u0027)]\u0027 not found)","description":"","startTime":1528096401328,"endTime":1528096741429,"childRecords":[{"isOptional":false,"type":"TEST_CASE","name":"Test Cases/Clear cache","id":"Test Cases/Clear cache","source":"E:\\\\Ahus-Katalon-Git\\\\Test Cases\\\\Clear cache.tc","message":"Test Cases/Clear cache","description":"","startTime":1528096401664,"endTime":1528096402188,"childRecords":[{"testStatus":{"stackTrace":"","statusValue":"INFO"},"type":"MESSAGE","name":"","message":"Evaluating variables for test case","startTime":1528096401700,"endTime":0,"childRecords":[],"interuppted":false},{"index":1,"isIgnoredIfFailed":false,"type":"TEST_STEP","name":"deleteAllCookies","message":"Delete all cookies successfully","description":"","startTime":1528096401912,"endTime":1528096402184,"childRecords":[{"testStatus":{"stackTrace":"","statusValue":"WARNING"},"type":"MESSAGE","name":"","message":"Cannot delete cookies because browser is closed","startTime":1528096402182,"endTime":0,"childRecords":[],"interuppted":false},{"testStatus":{"stackTrace":"","statusValue":"PASSED"},"type":"MESSAGE","name":"","message":"Delete all cookies successfully","startTime":1528096402183,"endTime":0,"childRecords":[],"interuppted":false}],"interuppted":false},{"testStatus":{"stackTrace":"","statusValue":"PASSED"},"type":"MESSAGE","name":"","message":"Test Cases/Clear cache","startTime":1528096402184,"endTime":0,"childRecords":[],"interuppted":false}],"interuppted":false},{"isOptional":false,"type":"TEST_CASE","name":"Test Cases/Start page","id":"Test Cases/Start page","source":"E:\\\\Ahus-Katalon-Git\\\\Test Cases\\\\Start page.tc","message":"Test Cases/Start page FAILED because (of) Unable to click on object \u0027Object Repository/Customer registration from HB/Close - strt page popup\u0027 (Root cause: com.kms.katalon.core.webui.exception.WebElementNotFoundException: Web element with id: \u0027Object Repository/Customer registration from HB/Close - strt page popup\u0027 located by \u0027By.xpath: //a[@href \u003d \u0027http://ahusonline.utv.derome.se\u0027 and (text() \u003d \u0027CLOSE\u0027 or . \u003d \u0027CLOSE\u0027)]\u0027 not found)","description":"","startTime":1528096402191,"endTime":1528096478319,"childRecords":[{"testStatus":{"stackTrace":"","statusValue":"INFO"},"type":"MESSAGE","name":"","message":"Evaluating variables for test case","startTime":1528096402201,"endTime":0,"childRecords":[],"interuppted":false},{"index":1,"isIgnoredIfFailed":false,"type":"TEST_STEP","name":"openBrowser","message":"Browser is opened with url: \u0027\u0027","description":"","startTime":1528096402312,"endTime":1528096412853,"childRecords":[{"testStatus":{"stackTrace":"","statusValue":"PASSED"},"type":"MESSAGE","name":"","message":"Browser is opened with url: \u0027\u0027","startTime":1528096412853,"endTime":0,"childRecords":[],"interuppted":false}],"interuppted":false},{"index":2,"isIgnoredIfFailed":false,"type":"TEST_STEP","name":"maximizeWindow","message":"Current window maximized","description":"","startTime":1528096412854,"endTime":1528096412904,"childRecords":[{"testStatus":{"stackTrace":"","statusValue":"PASSED"},"type":"MESSAGE","name":"","message":"Current window maximized","startTime":1528096412903,"endTime":0,"childRecords":[],"interuppted":false}],"interuppted":false},{"index":3,"isIgnoredIfFailed":false,"type":"TEST_STEP","name":"navigateToUrl","message":"Navigate to \u0027http://ahusonline.utv.derome.se/\u0027 successfully","description":"","startTime":1528096412906,"endTime":1528096414028,"childRecords":[{"testStatus":{"stackTrace":"","statusValue":"PASSED"},"type":"MESSAGE","name":"","message":"Navigate to \u0027http://ahusonline.utv.derome.se/\u0027 successfully","startTime":1528096414028,"endTime":0,"childRecords":[],"interuppted":false}],"interuppted":false},{"index":4,"isIgnoredIfFailed":false,"type":"TEST_STEP","name":"waitForElementVisible","message":"Web element with id: \u0027Object Repository/Element in start page\u0027 located by \u0027By.xpath: //a[@href\u003d\"/inloggning\"]\u0027 not found","description":"","startTime":1528096414028,"endTime":1528096446269,"childRecords":[{"testStatus":{"stackTrace":"","statusValue":"WARNING"},"type":"MESSAGE","name":"","message":"Web element with id: \u0027Object Repository/Element in start page\u0027 located by \u0027By.xpath: //a[@href\u003d\"/inloggning\"]\u0027 not found","startTime":1528096446265,"endTime":0,"childRecords":[],"interuppted":false}],"interuppted":false},{"attachment":"1528096478232.png","index":5,"isIgnoredIfFailed":false,"type":"TEST_STEP","name":"click","message":"Unable to click on object \u0027Object Repository/Customer registration from HB/Close - strt page popup\u0027 (Root cause: com.kms.katalon.core.webui.exception.WebElementNotFoundException: Web element with id: \u0027Object Repository/Customer registration from HB/Close - strt page popup\u0027 located by \u0027By.xpath: //a[@href \u003d \u0027http://ahusonline.utv.derome.se\u0027 and (text() \u003d \u0027CLOSE\u0027 or . \u003d \u0027CLOSE\u0027)]\u0027 not found)","description":"","startTime":1528096446270,"endTime":1528096478317,"childRecords":[{"testStatus":{"stackTrace":"","statusValue":"FAILED"},"attachment":"1528096478232.png","type":"MESSAGE","name":"","message":"Unable to click on object \u0027Object Repository/Customer registration from HB/Close - strt page popup\u0027 (Root cause: com.kms.katalon.core.webui.exception.WebElementNotFoundException: Web element with id: \u0027Object Repository/Customer registration from HB/Close - strt page popup\u0027 located by \u0027By.xpath: //a[@href \u003d \u0027http://ahusonline.utv.derome.se\u0027 and (text() \u003d \u0027CLOSE\u0027 or . \u003d \u0027CLOSE\u0027)]\u0027 not found)","startTime":1528096478317,"endTime":0,"childRecords":[],"interuppted":false}],"interuppted":false},{"testStatus":{"stackTrace":"","statusValue":"FAILED"},"type":"MESSAGE","name":"","message":"Test Cases/Start page FAILED because (of) Unable to click on object \u0027Object Repository/Customer registration from HB/Close - strt page popup\u0027 (Root cause: com.kms.katalon.core.webui.exception.WebElementNotFoundException: Web element with id: \u0027Object Repository/Customer registration from HB/Close - strt page popup\u0027 located by \u0027By.xpath: //a[@href \u003d \u0027http://ahusonline.utv.derome.se\u0027 and (text() \u003d \u0027CLOSE\u0027 or . \u003d \u0027CLOSE\u0027)]\u0027 not found)","startTime":1528096478318,"endTime":0,"childRecords":[],"interuppted":false}],"interuppted":false},{"isOptional":false,"type":"TEST_CASE","name":"Test Cases/Customer-Login","id":"Test Cases/Customer-Login","source":"E:\\\\Ahus-Katalon-Git\\\\Test Cases\\\\Customer-Login.tc","message":"Test Cases/Customer-Login FAILED because (of) Unable to click on object \u0027Object Repository/Customer registration from HB/a_Login\u0027 (Root cause: com.kms.katalon.core.webui.exception.WebElementNotFoundException: Web element with id: \u0027Object Repository/Customer registration from HB/a_Login\u0027 located by \u0027By.xpath: //a[@href \u003d \u0027/inloggning\u0027 and (text() \u003d \u0027\n            Login\n        \u0027 or . \u003d \u0027\n            Login\n        \u0027)]\u0027 not found)","description":"","startTime":1528096478321,"endTime":1528096510373,"childRecords":[{"testStatus":{"stackTrace":"","statusValue":"INFO"},"type":"MESSAGE","name":"","message":"Evaluating variables for test case","startTime":1528096478332,"endTime":0,"childRecords":[],"interuppted":false},{"attachment":"1528096510293.png","index":1,"isIgnoredIfFailed":false,"type":"TEST_STEP","name":"click","message":"Unable to click on object \u0027Object Repository/Customer registration from HB/a_Login\u0027 (Root cause: com.kms.katalon.core.webui.exception.WebElementNotFoundException: Web element with id: \u0027Object Repository/Customer registration from HB/a_Login\u0027 located by \u0027By.xpath: //a[@href \u003d \u0027/inloggning\u0027 and (text() \u003d \u0027\n            Login\n        \u0027 or . \u003d \u0027\n            Login\n        \u0027)]\u0027 not found)","description":"","startTime":1528096478408,"endTime":1528096510372,"childRecords":[{"testStatus":{"stackTrace":"","statusValue":"FAILED"},"attachment":"1528096510293.png","type":"MESSAGE","name":"","message":"Unable to click on object \u0027Object Repository/Customer registration from HB/a_Login\u0027 (Root cause: com.kms.katalon.core.webui.exception.WebElementNotFoundException: Web element with id: \u0027Object Repository/Customer registration from HB/a_Login\u0027 located by \u0027By.xpath: //a[@href \u003d \u0027/inloggning\u0027 and (text() \u003d \u0027\n            Login\n        \u0027 or . \u003d \u0027\n            Login\n        \u0027)]\u0027 not found)","startTime":1528096510372,"endTime":0,"childRecords":[],"interuppted":false}],"interuppted":false},{"testStatus":{"stackTrace":"","statusValue":"FAILED"},"type":"MESSAGE","name":"","message":"Test Cases/Customer-Login FAILED because (of) Unable to click on object \u0027Object Repository/Customer registration from HB/a_Login\u0027 (Root cause: com.kms.katalon.core.webui.exception.WebElementNotFoundException: Web element with id: \u0027Object Repository/Customer registration from HB/a_Login\u0027 located by \u0027By.xpath: //a[@href \u003d \u0027/inloggning\u0027 and (text() \u003d \u0027\n            Login\n        \u0027 or . \u003d \u0027\n            Login\n        \u0027)]\u0027 not found)","startTime":1528096510373,"endTime":0,"childRecords":[],"interuppted":false}],"interuppted":false},{"isOptional":false,"type":"TEST_CASE","name":"Test Cases/Move to Start Page","id":"Test Cases/Move to Start Page","source":"E:\\\\Ahus-Katalon-Git\\\\Test Cases\\\\Move to Start Page.tc","message":"Test Cases/Move to Start Page FAILED because (of) Unable to click on object \u0027Object Repository/Move to home page from logged in\u0027 (Root cause: com.kms.katalon.core.webui.exception.WebElementNotFoundException: Web element with id: \u0027Object Repository/Move to home page from logged in\u0027 located by \u0027By.xpath: //span[(text() \u003d \u0027\n            Hem\n        \u0027 or . \u003d \u0027\n            Hem\n        \u0027)]\u0027 not found)","description":"","startTime":1528096510376,"endTime":1528096542800,"childRecords":[{"testStatus":{"stackTrace":"","statusValue":"INFO"},"type":"MESSAGE","name":"","message":"Evaluating variables for test case","startTime":1528096510380,"endTime":0,"childRecords":[],"interuppted":false},{"attachment":"1528096542682.png","index":1,"isIgnoredIfFailed":false,"type":"TEST_STEP","name":"click","message":"Unable to click on object \u0027Object Repository/Move to home page from logged in\u0027 (Root cause: com.kms.katalon.core.webui.exception.WebElementNotFoundException: Web element with id: \u0027Object Repository/Move to home page from logged in\u0027 located by \u0027By.xpath: //span[(text() \u003d \u0027\n            Hem\n        \u0027 or . \u003d \u0027\n            Hem\n        \u0027)]\u0027 not found)","description":"","startTime":1528096510449,"endTime":1528096542799,"childRecords":[{"testStatus":{"stackTrace":"","statusValue":"FAILED"},"attachment":"1528096542682.png","type":"MESSAGE","name":"","message":"Unable to click on object \u0027Object Repository/Move to home page from logged in\u0027 (Root cause: com.kms.katalon.core.webui.exception.WebElementNotFoundException: Web element with id: \u0027Object Repository/Move to home page from logged in\u0027 located by \u0027By.xpath: //span[(text() \u003d \u0027\n            Hem\n        \u0027 or . \u003d \u0027\n            Hem\n        \u0027)]\u0027 not found)","startTime":1528096542799,"endTime":0,"childRecords":[],"interuppted":false}],"interuppted":false},{"testStatus":{"stackTrace":"","statusValue":"FAILED"},"type":"MESSAGE","name":"","message":"Test Cases/Move to Start Page FAILED because (of) Unable to click on object \u0027Object Repository/Move to home page from logged in\u0027 (Root cause: com.kms.katalon.core.webui.exception.WebElementNotFoundException: Web element with id: \u0027Object Repository/Move to home page from logged in\u0027 located by \u0027By.xpath: //span[(text() \u003d \u0027\n            Hem\n        \u0027 or . \u003d \u0027\n            Hem\n        \u0027)]\u0027 not found)","startTime":1528096542800,"endTime":0,"childRecords":[],"interuppted":false}],"interuppted":false},{"isOptional":false,"type":"TEST_CASE","name":"Test Cases/Municipality dropdown field-start page","id":"Test Cases/Municipality dropdown field-start page","source":"E:\\\\Ahus-Katalon-Git\\\\Test Cases\\\\Municipality dropdown field-start page.tc","message":"Test Cases/Municipality dropdown field-start page FAILED because (of) Unable to click on object \u0027Object Repository/Start page elements/Municipality select field\u0027 (Root cause: com.kms.katalon.core.webui.exception.WebElementNotFoundException: Web element with id: \u0027Object Repository/Start page elements/Municipality select field\u0027 located by \u0027By.xpath: //select[@data-required-text\u003d\u0027Du behöver välja kommun/område för att fortsätta\u0027]\u0027 not found)","description":"","startTime":1528096542803,"endTime":1528096575025,"childRecords":[{"testStatus":{"stackTrace":"","statusValue":"INFO"},"type":"MESSAGE","name":"","message":"Evaluating variables for test case","startTime":1528096542807,"endTime":0,"childRecords":[],"interuppted":false},{"attachment":"1528096574948.png","index":1,"isIgnoredIfFailed":false,"type":"TEST_STEP","name":"click","message":"Unable to click on object \u0027Object Repository/Start page elements/Municipality select field\u0027 (Root cause: com.kms.katalon.core.webui.exception.WebElementNotFoundException: Web element with id: \u0027Object Repository/Start page elements/Municipality select field\u0027 located by \u0027By.xpath: //select[@data-required-text\u003d\u0027Du behöver välja kommun/område för att fortsätta\u0027]\u0027 not found)","description":"","startTime":1528096542876,"endTime":1528096575024,"childRecords":[{"testStatus":{"stackTrace":"","statusValue":"FAILED"},"attachment":"1528096574948.png","type":"MESSAGE","name":"","message":"Unable to click on object \u0027Object Repository/Start page elements/Municipality select field\u0027 (Root cause: com.kms.katalon.core.webui.exception.WebElementNotFoundException: Web element with id: \u0027Object Repository/Start page elements/Municipality select field\u0027 located by \u0027By.xpath: //select[@data-required-text\u003d\u0027Du behöver välja kommun/område för att fortsätta\u0027]\u0027 not found)","startTime":1528096575023,"endTime":0,"childRecords":[],"interuppted":false}],"interuppted":false},{"testStatus":{"stackTrace":"","statusValue":"FAILED"},"type":"MESSAGE","name":"","message":"Test Cases/Municipality dropdown field-start page FAILED because (of) Unable to click on object \u0027Object Repository/Start page elements/Municipality select field\u0027 (Root cause: com.kms.katalon.core.webui.exception.WebElementNotFoundException: Web element with id: \u0027Object Repository/Start page elements/Municipality select field\u0027 located by \u0027By.xpath: //select[@data-required-text\u003d\u0027Du behöver välja kommun/område för att fortsätta\u0027]\u0027 not found)","startTime":1528096575024,"endTime":0,"childRecords":[],"interuppted":false}],"interuppted":false},{"isOptional":false,"type":"TEST_CASE","name":"Test Cases/Select Municiplality from Start page","id":"Test Cases/Select Municiplality from Start page","source":"E:\\\\Ahus-Katalon-Git\\\\Test Cases\\\\Select Municiplality from Start page.tc","message":"Test Cases/Select Municiplality from Start page FAILED because (of) Unable to click on object \u0027Object Repository/Start page elements/Select Municipality-start page\u0027 (Root cause: com.kms.katalon.core.webui.exception.WebElementNotFoundException: Web element with id: \u0027Object Repository/Start page elements/Select Municipality-start page\u0027 located by \u0027By.xpath: //option[@value\u003d\u00277670aa51-d0b7-4c72-82a5-3f414da5c895|Ale|1\u0027]\u0027 not found)","description":"","startTime":1528096575028,"endTime":1528096607199,"childRecords":[{"testStatus":{"stackTrace":"","statusValue":"INFO"},"type":"MESSAGE","name":"","message":"Evaluating variables for test case","startTime":1528096575032,"endTime":0,"childRecords":[],"interuppted":false},{"attachment":"1528096607117.png","index":1,"isIgnoredIfFailed":false,"type":"TEST_STEP","name":"click","message":"Unable to click on object \u0027Object Repository/Start page elements/Select Municipality-start page\u0027 (Root cause: com.kms.katalon.core.webui.exception.WebElementNotFoundException: Web element with id: \u0027Object Repository/Start page elements/Select Municipality-start page\u0027 located by \u0027By.xpath: //option[@value\u003d\u00277670aa51-d0b7-4c72-82a5-3f414da5c895|Ale|1\u0027]\u0027 not found)","description":"","startTime":1528096575120,"endTime":1528096607198,"childRecords":[{"testStatus":{"stackTrace":"","statusValue":"FAILED"},"attachment":"1528096607117.png","type":"MESSAGE","name":"","message":"Unable to click on object \u0027Object Repository/Start page elements/Select Municipality-start page\u0027 (Root cause: com.kms.katalon.core.webui.exception.WebElementNotFoundException: Web element with id: \u0027Object Repository/Start page elements/Select Municipality-start page\u0027 located by \u0027By.xpath: //option[@value\u003d\u00277670aa51-d0b7-4c72-82a5-3f414da5c895|Ale|1\u0027]\u0027 not found)","startTime":1528096607197,"endTime":0,"childRecords":[],"interuppted":false}],"interuppted":false},{"testStatus":{"stackTrace":"","statusValue":"FAILED"},"type":"MESSAGE","name":"","message":"Test Cases/Select Municiplality from Start page FAILED because (of) Unable to click on object \u0027Object Repository/Start page elements/Select Municipality-start page\u0027 (Root cause: com.kms.katalon.core.webui.exception.WebElementNotFoundException: Web element with id: \u0027Object Repository/Start page elements/Select Municipality-start page\u0027 located by \u0027By.xpath: //option[@value\u003d\u00277670aa51-d0b7-4c72-82a5-3f414da5c895|Ale|1\u0027]\u0027 not found)","startTime":1528096607198,"endTime":0,"childRecords":[],"interuppted":false}],"interuppted":false},{"isOptional":false,"type":"TEST_CASE","name":"Test Cases/Select House From House Listing Page - HB","id":"Test Cases/Select House From House Listing Page - HB","source":"E:\\\\Ahus-Katalon-Git\\\\Test Cases\\\\Select House From House Listing Page - HB.tc","message":"Test Cases/Select House From House Listing Page - HB FAILED because (of) Unable to click on object \u0027Object Repository/House Listing Page/Select House from House listing\u0027 (Root cause: com.kms.katalon.core.webui.exception.WebElementNotFoundException: Web element with id: \u0027Object Repository/House Listing Page/Select House from House listing\u0027 located by \u0027By.xpath: //input[@type \u003d \u0027submit\u0027]\u0027 not found)","description":"","startTime":1528096607201,"endTime":1528096639573,"childRecords":[{"testStatus":{"stackTrace":"","statusValue":"INFO"},"type":"MESSAGE","name":"","message":"Evaluating variables for test case","startTime":1528096607206,"endTime":0,"childRecords":[],"interuppted":false},{"attachment":"1528096639494.png","index":1,"isIgnoredIfFailed":false,"type":"TEST_STEP","name":"click","message":"Unable to click on object \u0027Object Repository/House Listing Page/Select House from House listing\u0027 (Root cause: com.kms.katalon.core.webui.exception.WebElementNotFoundException: Web element with id: \u0027Object Repository/House Listing Page/Select House from House listing\u0027 located by \u0027By.xpath: //input[@type \u003d \u0027submit\u0027]\u0027 not found)","description":"","startTime":1528096607270,"endTime":1528096639572,"childRecords":[{"testStatus":{"stackTrace":"","statusValue":"FAILED"},"attachment":"1528096639494.png","type":"MESSAGE","name":"","message":"Unable to click on object \u0027Object Repository/House Listing Page/Select House from House listing\u0027 (Root cause: com.kms.katalon.core.webui.exception.WebElementNotFoundException: Web element with id: \u0027Object Repository/House Listing Page/Select House from House listing\u0027 located by \u0027By.xpath: //input[@type \u003d \u0027submit\u0027]\u0027 not found)","startTime":1528096639571,"endTime":0,"childRecords":[],"interuppted":false}],"interuppted":false},{"testStatus":{"stackTrace":"","statusValue":"FAILED"},"type":"MESSAGE","name":"","message":"Test Cases/Select House From House Listing Page - HB FAILED because (of) Unable to click on object \u0027Object Repository/House Listing Page/Select House from House listing\u0027 (Root cause: com.kms.katalon.core.webui.exception.WebElementNotFoundException: Web element with id: \u0027Object Repository/House Listing Page/Select House from House listing\u0027 located by \u0027By.xpath: //input[@type \u003d \u0027submit\u0027]\u0027 not found)","startTime":1528096639572,"endTime":0,"childRecords":[],"interuppted":false}],"interuppted":false},{"isOptional":false,"type":"TEST_CASE","name":"Test Cases/Make Changes in Configuration - Customer","id":"Test Cases/Make Changes in Configuration - Customer","source":"E:\\\\Ahus-Katalon-Git\\\\Test Cases\\\\Make Changes in Configuration - Customer.tc","message":"Test Cases/Make Changes in Configuration - Customer FAILED because (of) Unable to click on object \u0027Object Repository/Make Changes in Configuration/Configuration change - utvandiga val\u0027 (Root cause: com.kms.katalon.core.webui.exception.WebElementNotFoundException: Web element with id: \u0027Object Repository/Make Changes in Configuration/Configuration change - utvandiga val\u0027 located by \u0027By.xpath: //span[@href \u003d \u0027#\u0027 and (text() \u003d \u0027         Vindskivor och foder              \u0027 or . \u003d \u0027         Vindskivor och foder              \u0027)]\u0027 not found)","description":"","startTime":1528096639575,"endTime":1528096671646,"childRecords":[{"testStatus":{"stackTrace":"","statusValue":"INFO"},"type":"MESSAGE","name":"","message":"Evaluating variables for test case","startTime":1528096639580,"endTime":0,"childRecords":[],"interuppted":false},{"attachment":"1528096671567.png","index":1,"isIgnoredIfFailed":false,"type":"TEST_STEP","name":"click","message":"Unable to click on object \u0027Object Repository/Make Changes in Configuration/Configuration change - utvandiga val\u0027 (Root cause: com.kms.katalon.core.webui.exception.WebElementNotFoundException: Web element with id: \u0027Object Repository/Make Changes in Configuration/Configuration change - utvandiga val\u0027 located by \u0027By.xpath: //span[@href \u003d \u0027#\u0027 and (text() \u003d \u0027         Vindskivor och foder              \u0027 or . \u003d \u0027         Vindskivor och foder              \u0027)]\u0027 not found)","description":"","startTime":1528096639650,"endTime":1528096671645,"childRecords":[{"testStatus":{"stackTrace":"","statusValue":"FAILED"},"attachment":"1528096671567.png","type":"MESSAGE","name":"","message":"Unable to click on object \u0027Object Repository/Make Changes in Configuration/Configuration change - utvandiga val\u0027 (Root cause: com.kms.katalon.core.webui.exception.WebElementNotFoundException: Web element with id: \u0027Object Repository/Make Changes in Configuration/Configuration change - utvandiga val\u0027 located by \u0027By.xpath: //span[@href \u003d \u0027#\u0027 and (text() \u003d \u0027         Vindskivor och foder              \u0027 or . \u003d \u0027         Vindskivor och foder              \u0027)]\u0027 not found)","startTime":1528096671645,"endTime":0,"childRecords":[],"interuppted":false}],"interuppted":false},{"testStatus":{"stackTrace":"","statusValue":"FAILED"},"type":"MESSAGE","name":"","message":"Test Cases/Make Changes in Configuration - Customer FAILED because (of) Unable to click on object \u0027Object Repository/Make Changes in Configuration/Configuration change - utvandiga val\u0027 (Root cause: com.kms.katalon.core.webui.exception.WebElementNotFoundException: Web element with id: \u0027Object Repository/Make Changes in Configuration/Configuration change - utvandiga val\u0027 located by \u0027By.xpath: //span[@href \u003d \u0027#\u0027 and (text() \u003d \u0027         Vindskivor och foder              \u0027 or . \u003d \u0027         Vindskivor och foder              \u0027)]\u0027 not found)","startTime":1528096671646,"endTime":0,"childRecords":[],"interuppted":false}],"interuppted":false},{"isOptional":false,"type":"TEST_CASE","name":"Test Cases/Save Configuration","id":"Test Cases/Save Configuration","source":"E:\\\\Ahus-Katalon-Git\\\\Test Cases\\\\Save Configuration.tc","message":"Test Cases/Save Configuration FAILED because (of) Unable to get text of object \u0027Object Repository/Save Configuration/Get text From Save Configuration\u0027 (Root cause: org.openqa.selenium.WebDriverException: org.apache.http.conn.HttpHostConnectException: Connect to localhost:13936 [localhost/127.0.0.1, localhost/0:0:0:0:0:0:0:1] failed: Connection refused: connect\nBuild info: version: \u00273.7.1\u0027, revision: \u00278a0099a\u0027, time: \u00272017-11-06T21:07:36.161Z\u0027\nSystem info: host: \u0027NEETHU-V\u0027, ip: \u0027172.16.12.46\u0027, os.name: \u0027Windows 10\u0027, os.arch: \u0027amd64\u0027, os.version: \u002710.0\u0027, java.version: \u00271.8.0_102\u0027\nDriver info: driver.version: RemoteWebDriver)","description":"","startTime":1528096671649,"endTime":1528096722525,"childRecords":[{"testStatus":{"stackTrace":"","statusValue":"INFO"},"type":"MESSAGE","name":"","message":"Evaluating variables for test case","startTime":1528096671652,"endTime":0,"childRecords":[],"interuppted":false},{"index":1,"isIgnoredIfFailed":false,"type":"TEST_STEP","name":"waitForPageLoad","message":"Wait for page load successfully","description":"","startTime":1528096671729,"endTime":1528096671780,"childRecords":[{"testStatus":{"stackTrace":"","statusValue":"PASSED"},"type":"MESSAGE","name":"","message":"Wait for page load successfully","startTime":1528096671779,"endTime":0,"childRecords":[],"interuppted":false}],"interuppted":false},{"index":2,"isIgnoredIfFailed":false,"type":"TEST_STEP","name":"getText","message":"Unable to get text of object \u0027Object Repository/Save Configuration/Get text From Save Configuration\u0027 (Root cause: org.openqa.selenium.WebDriverException: org.apache.http.conn.HttpHostConnectException: Connect to localhost:13936 [localhost/127.0.0.1, localhost/0:0:0:0:0:0:0:1] failed: Connection refused: connect\nBuild info: version: \u00273.7.1\u0027, revision: \u00278a0099a\u0027, time: \u00272017-11-06T21:07:36.161Z\u0027\nSystem info: host: \u0027NEETHU-V\u0027, ip: \u0027172.16.12.46\u0027, os.name: \u0027Windows 10\u0027, os.arch: \u0027amd64\u0027, os.version: \u002710.0\u0027, java.version: \u00271.8.0_102\u0027\nDriver info: driver.version: RemoteWebDriver)","description":"","startTime":1528096671780,"endTime":1528096722523,"childRecords":[{"testStatus":{"stackTrace":"","statusValue":"WARNING"},"type":"MESSAGE","name":"","message":"Cannot take screenshot","startTime":1528096722520,"endTime":0,"childRecords":[],"interuppted":false},{"testStatus":{"stackTrace":"","statusValue":"FAILED"},"type":"MESSAGE","name":"","message":"Unable to get text of object \u0027Object Repository/Save Configuration/Get text From Save Configuration\u0027 (Root cause: org.openqa.selenium.WebDriverException: org.apache.http.conn.HttpHostConnectException: Connect to localhost:13936 [localhost/127.0.0.1, localhost/0:0:0:0:0:0:0:1] failed: Connection refused: connect\nBuild info: version: \u00273.7.1\u0027, revision: \u00278a0099a\u0027, time: \u00272017-11-06T21:07:36.161Z\u0027\nSystem info: host: \u0027NEETHU-V\u0027, ip: \u0027172.16.12.46\u0027, os.name: \u0027Windows 10\u0027, os.arch: \u0027amd64\u0027, os.version: \u002710.0\u0027, java.version: \u00271.8.0_102\u0027\nDriver info: driver.version: RemoteWebDriver)","startTime":1528096722522,"endTime":0,"childRecords":[],"interuppted":false}],"interuppted":false},{"testStatus":{"stackTrace":"","statusValue":"FAILED"},"type":"MESSAGE","name":"","message":"Test Cases/Save Configuration FAILED because (of) Unable to get text of object \u0027Object Repository/Save Configuration/Get text From Save Configuration\u0027 (Root cause: org.openqa.selenium.WebDriverException: org.apache.http.conn.HttpHostConnectException: Connect to localhost:13936 [localhost/127.0.0.1, localhost/0:0:0:0:0:0:0:1] failed: Connection refused: connect\nBuild info: version: \u00273.7.1\u0027, revision: \u00278a0099a\u0027, time: \u00272017-11-06T21:07:36.161Z\u0027\nSystem info: host: \u0027NEETHU-V\u0027, ip: \u0027172.16.12.46\u0027, os.name: \u0027Windows 10\u0027, os.arch: \u0027amd64\u0027, os.version: \u002710.0\u0027, java.version: \u00271.8.0_102\u0027\nDriver info: driver.version: RemoteWebDriver)","startTime":1528096722524,"endTime":0,"childRecords":[],"interuppted":false}],"interuppted":false},{"isOptional":false,"type":"TEST_CASE","name":"Test Cases/Navigation to Offert Popup","id":"Test Cases/Navigation to Offert Popup","source":"E:\\\\Ahus-Katalon-Git\\\\Test Cases\\\\Navigation to Offert Popup.tc","message":"Test Cases/Navigation to Offert Popup FAILED because (of) Unable to click on object \u0027Object Repository/Move to Offert Popup/Offert Button Click - Offert Popup\u0027 (Root cause: org.openqa.selenium.WebDriverException: org.apache.http.conn.HttpHostConnectException: Connect to localhost:13936 [localhost/127.0.0.1, localhost/0:0:0:0:0:0:0:1] failed: Connection refused: connect\nBuild info: version: \u00273.7.1\u0027, revision: \u00278a0099a\u0027, time: \u00272017-11-06T21:07:36.161Z\u0027\nSystem info: host: \u0027NEETHU-V\u0027, ip: \u0027172.16.12.46\u0027, os.name: \u0027Windows 10\u0027, os.arch: \u0027amd64\u0027, os.version: \u002710.0\u0027, java.version: \u00271.8.0_102\u0027\nDriver info: driver.version: RemoteWebDriver)","description":"","startTime":1528096722533,"endTime":1528096726676,"childRecords":[{"testStatus":{"stackTrace":"","statusValue":"INFO"},"type":"MESSAGE","name":"","message":"Evaluating variables for test case","startTime":1528096722544,"endTime":0,"childRecords":[],"interuppted":false},{"index":1,"isIgnoredIfFailed":false,"type":"TEST_STEP","name":"click","message":"Unable to click on object \u0027Object Repository/Move to Offert Popup/Offert Button Click - Offert Popup\u0027 (Root cause: org.openqa.selenium.WebDriverException: org.apache.http.conn.HttpHostConnectException: Connect to localhost:13936 [localhost/127.0.0.1, localhost/0:0:0:0:0:0:0:1] failed: Connection refused: connect\nBuild info: version: \u00273.7.1\u0027, revision: \u00278a0099a\u0027, time: \u00272017-11-06T21:07:36.161Z\u0027\nSystem info: host: \u0027NEETHU-V\u0027, ip: \u0027172.16.12.46\u0027, os.name: \u0027Windows 10\u0027, os.arch: \u0027amd64\u0027, os.version: \u002710.0\u0027, java.version: \u00271.8.0_102\u0027\nDriver info: driver.version: RemoteWebDriver)","description":"","startTime":1528096722625,"endTime":1528096726674,"childRecords":[{"testStatus":{"stackTrace":"","statusValue":"WARNING"},"type":"MESSAGE","name":"","message":"Cannot take screenshot","startTime":1528096726672,"endTime":0,"childRecords":[],"interuppted":false},{"testStatus":{"stackTrace":"","statusValue":"FAILED"},"type":"MESSAGE","name":"","message":"Unable to click on object \u0027Object Repository/Move to Offert Popup/Offert Button Click - Offert Popup\u0027 (Root cause: org.openqa.selenium.WebDriverException: org.apache.http.conn.HttpHostConnectException: Connect to localhost:13936 [localhost/127.0.0.1, localhost/0:0:0:0:0:0:0:1] failed: Connection refused: connect\nBuild info: version: \u00273.7.1\u0027, revision: \u00278a0099a\u0027, time: \u00272017-11-06T21:07:36.161Z\u0027\nSystem info: host: \u0027NEETHU-V\u0027, ip: \u0027172.16.12.46\u0027, os.name: \u0027Windows 10\u0027, os.arch: \u0027amd64\u0027, os.version: \u002710.0\u0027, java.version: \u00271.8.0_102\u0027\nDriver info: driver.version: RemoteWebDriver)","startTime":1528096726673,"endTime":0,"childRecords":[],"interuppted":false}],"interuppted":false},{"testStatus":{"stackTrace":"","statusValue":"FAILED"},"type":"MESSAGE","name":"","message":"Test Cases/Navigation to Offert Popup FAILED because (of) Unable to click on object \u0027Object Repository/Move to Offert Popup/Offert Button Click - Offert Popup\u0027 (Root cause: org.openqa.selenium.WebDriverException: org.apache.http.conn.HttpHostConnectException: Connect to localhost:13936 [localhost/127.0.0.1, localhost/0:0:0:0:0:0:0:1] failed: Connection refused: connect\nBuild info: version: \u00273.7.1\u0027, revision: \u00278a0099a\u0027, time: \u00272017-11-06T21:07:36.161Z\u0027\nSystem info: host: \u0027NEETHU-V\u0027, ip: \u0027172.16.12.46\u0027, os.name: \u0027Windows 10\u0027, os.arch: \u0027amd64\u0027, os.version: \u002710.0\u0027, java.version: \u00271.8.0_102\u0027\nDriver info: driver.version: RemoteWebDriver)","startTime":1528096726674,"endTime":0,"childRecords":[],"interuppted":false}],"interuppted":false},{"isOptional":false,"type":"TEST_CASE","name":"Test Cases/Fill into Offert Form","id":"Test Cases/Fill into Offert Form","source":"E:\\\\Ahus-Katalon-Git\\\\Test Cases\\\\Fill into Offert Form.tc","message":"Test Cases/Fill into Offert Form FAILED because (of) Unable to click on object \u0027Object Repository/Fill Offert From/Construction Type RadioButton\u0027 (Root cause: org.openqa.selenium.WebDriverException: org.apache.http.conn.HttpHostConnectException: Connect to localhost:13936 [localhost/127.0.0.1, localhost/0:0:0:0:0:0:0:1] failed: Connection refused: connect\nBuild info: version: \u00273.7.1\u0027, revision: \u00278a0099a\u0027, time: \u00272017-11-06T21:07:36.161Z\u0027\nSystem info: host: \u0027NEETHU-V\u0027, ip: \u0027172.16.12.46\u0027, os.name: \u0027Windows 10\u0027, os.arch: \u0027amd64\u0027, os.version: \u002710.0\u0027, java.version: \u00271.8.0_102\u0027\nDriver info: driver.version: RemoteWebDriver)","description":"","startTime":1528096726680,"endTime":1528096730806,"childRecords":[{"testStatus":{"stackTrace":"","statusValue":"INFO"},"type":"MESSAGE","name":"","message":"Evaluating variables for test case","startTime":1528096726688,"endTime":0,"childRecords":[],"interuppted":false},{"index":1,"isIgnoredIfFailed":false,"type":"TEST_STEP","name":"click","message":"Unable to click on object \u0027Object Repository/Fill Offert From/Construction Type RadioButton\u0027 (Root cause: org.openqa.selenium.WebDriverException: org.apache.http.conn.HttpHostConnectException: Connect to localhost:13936 [localhost/127.0.0.1, localhost/0:0:0:0:0:0:0:1] failed: Connection refused: connect\nBuild info: version: \u00273.7.1\u0027, revision: \u00278a0099a\u0027, time: \u00272017-11-06T21:07:36.161Z\u0027\nSystem info: host: \u0027NEETHU-V\u0027, ip: \u0027172.16.12.46\u0027, os.name: \u0027Windows 10\u0027, os.arch: \u0027amd64\u0027, os.version: \u002710.0\u0027, java.version: \u00271.8.0_102\u0027\nDriver info: driver.version: RemoteWebDriver)","description":"","startTime":1528096726781,"endTime":1528096730802,"childRecords":[{"testStatus":{"stackTrace":"","statusValue":"WARNING"},"type":"MESSAGE","name":"","message":"Cannot take screenshot","startTime":1528096730800,"endTime":0,"childRecords":[],"interuppted":false},{"testStatus":{"stackTrace":"","statusValue":"FAILED"},"type":"MESSAGE","name":"","message":"Unable to click on object \u0027Object Repository/Fill Offert From/Construction Type RadioButton\u0027 (Root cause: org.openqa.selenium.WebDriverException: org.apache.http.conn.HttpHostConnectException: Connect to localhost:13936 [localhost/127.0.0.1, localhost/0:0:0:0:0:0:0:1] failed: Connection refused: connect\nBuild info: version: \u00273.7.1\u0027, revision: \u00278a0099a\u0027, time: \u00272017-11-06T21:07:36.161Z\u0027\nSystem info: host: \u0027NEETHU-V\u0027, ip: \u0027172.16.12.46\u0027, os.name: \u0027Windows 10\u0027, os.arch: \u0027amd64\u0027, os.version: \u002710.0\u0027, java.version: \u00271.8.0_102\u0027\nDriver info: driver.version: RemoteWebDriver)","startTime":1528096730801,"endTime":0,"childRecords":[],"interuppted":false}],"interuppted":false},{"testStatus":{"stackTrace":"","statusValue":"FAILED"},"type":"MESSAGE","name":"","message":"Test Cases/Fill into Offert Form FAILED because (of) Unable to click on object \u0027Object Repository/Fill Offert From/Construction Type RadioButton\u0027 (Root cause: org.openqa.selenium.WebDriverException: org.apache.http.conn.HttpHostConnectException: Connect to localhost:13936 [localhost/127.0.0.1, localhost/0:0:0:0:0:0:0:1] failed: Connection refused: connect\nBuild info: version: \u00273.7.1\u0027, revision: \u00278a0099a\u0027, time: \u00272017-11-06T21:07:36.161Z\u0027\nSystem info: host: \u0027NEETHU-V\u0027, ip: \u0027172.16.12.46\u0027, os.name: \u0027Windows 10\u0027, os.arch: \u0027amd64\u0027, os.version: \u002710.0\u0027, java.version: \u00271.8.0_102\u0027\nDriver info: driver.version: RemoteWebDriver)","startTime":1528096730803,"endTime":0,"childRecords":[],"interuppted":false}],"interuppted":false},{"isOptional":false,"type":"TEST_CASE","name":"Test Cases/Accept OFFERTFORFRAGAN popup","id":"Test Cases/Accept OFFERTFORFRAGAN popup","source":"E:\\\\Ahus-Katalon-Git\\\\Test Cases\\\\Accept OFFERTFORFRAGAN popup.tc","message":"Test Cases/Accept OFFERTFORFRAGAN popup FAILED because (of) Unable to click on object \u0027Object Repository/OFFERTFORFRAGAN Popup/Okay Button From OFFERTFORFRAGAN Popup\u0027 (Root cause: org.openqa.selenium.WebDriverException: org.apache.http.conn.HttpHostConnectException: Connect to localhost:13936 [localhost/127.0.0.1, localhost/0:0:0:0:0:0:0:1] failed: Connection refused: connect\nBuild info: version: \u00273.7.1\u0027, revision: \u00278a0099a\u0027, time: \u00272017-11-06T21:07:36.161Z\u0027\nSystem info: host: \u0027NEETHU-V\u0027, ip: \u0027172.16.12.46\u0027, os.name: \u0027Windows 10\u0027, os.arch: \u0027amd64\u0027, os.version: \u002710.0\u0027, java.version: \u00271.8.0_102\u0027\nDriver info: driver.version: RemoteWebDriver)","description":"","startTime":1528096730813,"endTime":1528096734959,"childRecords":[{"testStatus":{"stackTrace":"","statusValue":"INFO"},"type":"MESSAGE","name":"","message":"Evaluating variables for test case","startTime":1528096730823,"endTime":0,"childRecords":[],"interuppted":false},{"index":1,"isIgnoredIfFailed":false,"type":"TEST_STEP","name":"click","message":"Unable to click on object \u0027Object Repository/OFFERTFORFRAGAN Popup/Okay Button From OFFERTFORFRAGAN Popup\u0027 (Root cause: org.openqa.selenium.WebDriverException: org.apache.http.conn.HttpHostConnectException: Connect to localhost:13936 [localhost/127.0.0.1, localhost/0:0:0:0:0:0:0:1] failed: Connection refused: connect\nBuild info: version: \u00273.7.1\u0027, revision: \u00278a0099a\u0027, time: \u00272017-11-06T21:07:36.161Z\u0027\nSystem info: host: \u0027NEETHU-V\u0027, ip: \u0027172.16.12.46\u0027, os.name: \u0027Windows 10\u0027, os.arch: \u0027amd64\u0027, os.version: \u002710.0\u0027, java.version: \u00271.8.0_102\u0027\nDriver info: driver.version: RemoteWebDriver)","description":"","startTime":1528096730918,"endTime":1528096734958,"childRecords":[{"testStatus":{"stackTrace":"","statusValue":"WARNING"},"type":"MESSAGE","name":"","message":"Cannot take screenshot","startTime":1528096734956,"endTime":0,"childRecords":[],"interuppted":false},{"testStatus":{"stackTrace":"","statusValue":"FAILED"},"type":"MESSAGE","name":"","message":"Unable to click on object \u0027Object Repository/OFFERTFORFRAGAN Popup/Okay Button From OFFERTFORFRAGAN Popup\u0027 (Root cause: org.openqa.selenium.WebDriverException: org.apache.http.conn.HttpHostConnectException: Connect to localhost:13936 [localhost/127.0.0.1, localhost/0:0:0:0:0:0:0:1] failed: Connection refused: connect\nBuild info: version: \u00273.7.1\u0027, revision: \u00278a0099a\u0027, time: \u00272017-11-06T21:07:36.161Z\u0027\nSystem info: host: \u0027NEETHU-V\u0027, ip: \u0027172.16.12.46\u0027, os.name: \u0027Windows 10\u0027, os.arch: \u0027amd64\u0027, os.version: \u002710.0\u0027, java.version: \u00271.8.0_102\u0027\nDriver info: driver.version: RemoteWebDriver)","startTime":1528096734957,"endTime":0,"childRecords":[],"interuppted":false}],"interuppted":false},{"testStatus":{"stackTrace":"","statusValue":"FAILED"},"type":"MESSAGE","name":"","message":"Test Cases/Accept OFFERTFORFRAGAN popup FAILED because (of) Unable to click on object \u0027Object Repository/OFFERTFORFRAGAN Popup/Okay Button From OFFERTFORFRAGAN Popup\u0027 (Root cause: org.openqa.selenium.WebDriverException: org.apache.http.conn.HttpHostConnectException: Connect to localhost:13936 [localhost/127.0.0.1, localhost/0:0:0:0:0:0:0:1] failed: Connection refused: connect\nBuild info: version: \u00273.7.1\u0027, revision: \u00278a0099a\u0027, time: \u00272017-11-06T21:07:36.161Z\u0027\nSystem info: host: \u0027NEETHU-V\u0027, ip: \u0027172.16.12.46\u0027, os.name: \u0027Windows 10\u0027, os.arch: \u0027amd64\u0027, os.version: \u002710.0\u0027, java.version: \u00271.8.0_102\u0027\nDriver info: driver.version: RemoteWebDriver)","startTime":1528096734958,"endTime":0,"childRecords":[],"interuppted":false}],"interuppted":false},{"isOptional":false,"type":"TEST_CASE","name":"Test Cases/Move to Compilation Page","id":"Test Cases/Move to Compilation Page","source":"E:\\\\Ahus-Katalon-Git\\\\Test Cases\\\\Move to Compilation Page.tc","message":"Test Cases/Move to Compilation Page FAILED because (of) Unable to scroll to object \u0027Object Repository/Click on Visa Offertforfragan/Click on Button_Visa offertfrfrgan\u0027 (Root cause: org.openqa.selenium.WebDriverException: org.apache.http.conn.HttpHostConnectException: Connect to localhost:13936 [localhost/127.0.0.1, localhost/0:0:0:0:0:0:0:1] failed: Connection refused: connect\nBuild info: version: \u00273.7.1\u0027, revision: \u00278a0099a\u0027, time: \u00272017-11-06T21:07:36.161Z\u0027\nSystem info: host: \u0027NEETHU-V\u0027, ip: \u0027172.16.12.46\u0027, os.name: \u0027Windows 10\u0027, os.arch: \u0027amd64\u0027, os.version: \u002710.0\u0027, java.version: \u00271.8.0_102\u0027\nDriver info: driver.version: RemoteWebDriver)","description":"","startTime":1528096734963,"endTime":1528096739077,"childRecords":[{"testStatus":{"stackTrace":"","statusValue":"INFO"},"type":"MESSAGE","name":"","message":"Evaluating variables for test case","startTime":1528096734969,"endTime":0,"childRecords":[],"interuppted":false},{"index":1,"isIgnoredIfFailed":false,"type":"TEST_STEP","name":"scrollToElement","message":"Unable to scroll to object \u0027Object Repository/Click on Visa Offertforfragan/Click on Button_Visa offertfrfrgan\u0027 (Root cause: org.openqa.selenium.WebDriverException: org.apache.http.conn.HttpHostConnectException: Connect to localhost:13936 [localhost/127.0.0.1, localhost/0:0:0:0:0:0:0:1] failed: Connection refused: connect\nBuild info: version: \u00273.7.1\u0027, revision: \u00278a0099a\u0027, time: \u00272017-11-06T21:07:36.161Z\u0027\nSystem info: host: \u0027NEETHU-V\u0027, ip: \u0027172.16.12.46\u0027, os.name: \u0027Windows 10\u0027, os.arch: \u0027amd64\u0027, os.version: \u002710.0\u0027, java.version: \u00271.8.0_102\u0027\nDriver info: driver.version: RemoteWebDriver)","description":"","startTime":1528096735041,"endTime":1528096739075,"childRecords":[{"testStatus":{"stackTrace":"","statusValue":"WARNING"},"type":"MESSAGE","name":"","message":"Cannot take screenshot","startTime":1528096739073,"endTime":0,"childRecords":[],"interuppted":false},{"testStatus":{"stackTrace":"","statusValue":"FAILED"},"type":"MESSAGE","name":"","message":"Unable to scroll to object \u0027Object Repository/Click on Visa Offertforfragan/Click on Button_Visa offertfrfrgan\u0027 (Root cause: org.openqa.selenium.WebDriverException: org.apache.http.conn.HttpHostConnectException: Connect to localhost:13936 [localhost/127.0.0.1, localhost/0:0:0:0:0:0:0:1] failed: Connection refused: connect\nBuild info: version: \u00273.7.1\u0027, revision: \u00278a0099a\u0027, time: \u00272017-11-06T21:07:36.161Z\u0027\nSystem info: host: \u0027NEETHU-V\u0027, ip: \u0027172.16.12.46\u0027, os.name: \u0027Windows 10\u0027, os.arch: \u0027amd64\u0027, os.version: \u002710.0\u0027, java.version: \u00271.8.0_102\u0027\nDriver info: driver.version: RemoteWebDriver)","startTime":1528096739074,"endTime":0,"childRecords":[],"interuppted":false}],"interuppted":false},{"testStatus":{"stackTrace":"","statusValue":"FAILED"},"type":"MESSAGE","name":"","message":"Test Cases/Move to Compilation Page FAILED because (of) Unable to scroll to object \u0027Object Repository/Click on Visa Offertforfragan/Click on Button_Visa offertfrfrgan\u0027 (Root cause: org.openqa.selenium.WebDriverException: org.apache.http.conn.HttpHostConnectException: Connect to localhost:13936 [localhost/127.0.0.1, localhost/0:0:0:0:0:0:0:1] failed: Connection refused: connect\nBuild info: version: \u00273.7.1\u0027, revision: \u00278a0099a\u0027, time: \u00272017-11-06T21:07:36.161Z\u0027\nSystem info: host: \u0027NEETHU-V\u0027, ip: \u0027172.16.12.46\u0027, os.name: \u0027Windows 10\u0027, os.arch: \u0027amd64\u0027, os.version: \u002710.0\u0027, java.version: \u00271.8.0_102\u0027\nDriver info: driver.version: RemoteWebDriver)","startTime":1528096739075,"endTime":0,"childRecords":[],"interuppted":false}],"interuppted":false},{"isOptional":false,"type":"TEST_CASE","name":"Test Cases/Visit Seller Portal","id":"Test Cases/Visit Seller Portal","source":"E:\\\\Ahus-Katalon-Git\\\\Test Cases\\\\Visit Seller Portal.tc","message":"Test Cases/Visit Seller Portal FAILED because (of) Unable to open browser with url: \u0027http://ahusonline.utv.derome.se/salj-portal\u0027 (Root cause: org.openqa.selenium.WebDriverException: org.apache.http.conn.HttpHostConnectException: Connect to localhost:13936 [localhost/127.0.0.1, localhost/0:0:0:0:0:0:0:1] failed: Connection refused: connect\nBuild info: version: \u00273.7.1\u0027, revision: \u00278a0099a\u0027, time: \u00272017-11-06T21:07:36.161Z\u0027\nSystem info: host: \u0027NEETHU-V\u0027, ip: \u0027172.16.12.46\u0027, os.name: \u0027Windows 10\u0027, os.arch: \u0027amd64\u0027, os.version: \u002710.0\u0027, java.version: \u00271.8.0_102\u0027\nDriver info: driver.version: RemoteWebDriver)","description":"","startTime":1528096739081,"endTime":1528096741343,"childRecords":[{"testStatus":{"stackTrace":"","statusValue":"INFO"},"type":"MESSAGE","name":"","message":"Evaluating variables for test case","startTime":1528096739088,"endTime":0,"childRecords":[],"interuppted":false},{"index":1,"isIgnoredIfFailed":false,"type":"TEST_STEP","name":"openBrowser","message":"Unable to open browser with url: \u0027http://ahusonline.utv.derome.se/salj-portal\u0027 (Root cause: org.openqa.selenium.WebDriverException: org.apache.http.conn.HttpHostConnectException: Connect to localhost:13936 [localhost/127.0.0.1, localhost/0:0:0:0:0:0:0:1] failed: Connection refused: connect\nBuild info: version: \u00273.7.1\u0027, revision: \u00278a0099a\u0027, time: \u00272017-11-06T21:07:36.161Z\u0027\nSystem info: host: \u0027NEETHU-V\u0027, ip: \u0027172.16.12.46\u0027, os.name: \u0027Windows 10\u0027, os.arch: \u0027amd64\u0027, os.version: \u002710.0\u0027, java.version: \u00271.8.0_102\u0027\nDriver info: driver.version: RemoteWebDriver)","description":"","startTime":1528096739162,"endTime":1528096741342,"childRecords":[{"testStatus":{"stackTrace":"","statusValue":"WARNING"},"type":"MESSAGE","name":"","message":"A browser is already opened. Closing browser and opening a new one","startTime":1528096739162,"endTime":0,"childRecords":[],"interuppted":false},{"testStatus":{"stackTrace":"","statusValue":"FAILED"},"type":"MESSAGE","name":"","message":"Unable to open browser with url: \u0027http://ahusonline.utv.derome.se/salj-portal\u0027 (Root cause: org.openqa.selenium.WebDriverException: org.apache.http.conn.HttpHostConnectException: Connect to localhost:13936 [localhost/127.0.0.1, localhost/0:0:0:0:0:0:0:1] failed: Connection refused: connect\nBuild info: version: \u00273.7.1\u0027, revision: \u00278a0099a\u0027, time: \u00272017-11-06T21:07:36.161Z\u0027\nSystem info: host: \u0027NEETHU-V\u0027, ip: \u0027172.16.12.46\u0027, os.name: \u0027Windows 10\u0027, os.arch: \u0027amd64\u0027, os.version: \u002710.0\u0027, java.version: \u00271.8.0_102\u0027\nDriver info: driver.version: RemoteWebDriver)","startTime":1528096741341,"endTime":0,"childRecords":[],"interuppted":false}],"interuppted":false},{"testStatus":{"stackTrace":"","statusValue":"FAILED"},"type":"MESSAGE","name":"","message":"Test Cases/Visit Seller Portal FAILED because (of) Unable to open browser with url: \u0027http://ahusonline.utv.derome.se/salj-portal\u0027 (Root cause: org.openqa.selenium.WebDriverException: org.apache.http.conn.HttpHostConnectException: Connect to localhost:13936 [localhost/127.0.0.1, localhost/0:0:0:0:0:0:0:1] failed: Connection refused: connect\nBuild info: version: \u00273.7.1\u0027, revision: \u00278a0099a\u0027, time: \u00272017-11-06T21:07:36.161Z\u0027\nSystem info: host: \u0027NEETHU-V\u0027, ip: \u0027172.16.12.46\u0027, os.name: \u0027Windows 10\u0027, os.arch: \u0027amd64\u0027, os.version: \u002710.0\u0027, java.version: \u00271.8.0_102\u0027\nDriver info: driver.version: RemoteWebDriver)","startTime":1528096741342,"endTime":0,"childRecords":[],"interuppted":false}],"interuppted":false},{"isOptional":false,"type":"TEST_CASE","name":"Test Cases/Seller Login","id":"Test Cases/Seller Login","source":"E:\\\\Ahus-Katalon-Git\\\\Test Cases\\\\Seller Login.tc","message":"Test Cases/Seller Login FAILED because (of) Unable to click on object \u0027Object Repository/Login as Seller/Seller Login - Username\u0027 (Root cause: org.openqa.selenium.NoSuchSessionException: Session ID is null. Using WebDriver after calling quit()?\nBuild info: version: \u00273.7.1\u0027, revision: \u00278a0099a\u0027, time: \u00272017-11-06T21:07:36.161Z\u0027\nSystem info: host: \u0027NEETHU-V\u0027, ip: \u0027172.16.12.46\u0027, os.name: \u0027Windows 10\u0027, os.arch: \u0027amd64\u0027, os.version: \u002710.0\u0027, java.version: \u00271.8.0_102\u0027\nDriver info: driver.version: CFirefoxDriver)","description":"","startTime":1528096741345,"endTime":1528096741428,"childRecords":[{"testStatus":{"stackTrace":"","statusValue":"INFO"},"type":"MESSAGE","name":"","message":"Evaluating variables for test case","startTime":1528096741360,"endTime":0,"childRecords":[],"interuppted":false},{"index":1,"isIgnoredIfFailed":false,"type":"TEST_STEP","name":"click","message":"Unable to click on object \u0027Object Repository/Login as Seller/Seller Login - Username\u0027 (Root cause: org.openqa.selenium.NoSuchSessionException: Session ID is null. Using WebDriver after calling quit()?\nBuild info: version: \u00273.7.1\u0027, revision: \u00278a0099a\u0027, time: \u00272017-11-06T21:07:36.161Z\u0027\nSystem info: host: \u0027NEETHU-V\u0027, ip: \u0027172.16.12.46\u0027, os.name: \u0027Windows 10\u0027, os.arch: \u0027amd64\u0027, os.version: \u002710.0\u0027, java.version: \u00271.8.0_102\u0027\nDriver info: driver.version: CFirefoxDriver)","description":"","startTime":1528096741421,"endTime":1528096741428,"childRecords":[{"testStatus":{"stackTrace":"","statusValue":"WARNING"},"type":"MESSAGE","name":"","message":"Cannot take screenshot","startTime":1528096741427,"endTime":0,"childRecords":[],"interuppted":false},{"testStatus":{"stackTrace":"","statusValue":"FAILED"},"type":"MESSAGE","name":"","message":"Unable to click on object \u0027Object Repository/Login as Seller/Seller Login - Username\u0027 (Root cause: org.openqa.selenium.NoSuchSessionException: Session ID is null. Using WebDriver after calling quit()?\nBuild info: version: \u00273.7.1\u0027, revision: \u00278a0099a\u0027, time: \u00272017-11-06T21:07:36.161Z\u0027\nSystem info: host: \u0027NEETHU-V\u0027, ip: \u0027172.16.12.46\u0027, os.name: \u0027Windows 10\u0027, os.arch: \u0027amd64\u0027, os.version: \u002710.0\u0027, java.version: \u00271.8.0_102\u0027\nDriver info: driver.version: CFirefoxDriver)","startTime":1528096741427,"endTime":0,"childRecords":[],"interuppted":false}],"interuppted":false},{"testStatus":{"stackTrace":"","statusValue":"FAILED"},"type":"MESSAGE","name":"","message":"Test Cases/Seller Login FAILED because (of) Unable to click on object \u0027Object Repository/Login as Seller/Seller Login - Username\u0027 (Root cause: org.openqa.selenium.NoSuchSessionException: Session ID is null. Using WebDriver after calling quit()?\nBuild info: version: \u00273.7.1\u0027, revision: \u00278a0099a\u0027, time: \u00272017-11-06T21:07:36.161Z\u0027\nSystem info: host: \u0027NEETHU-V\u0027, ip: \u0027172.16.12.46\u0027, os.name: \u0027Windows 10\u0027, os.arch: \u0027amd64\u0027, os.version: \u002710.0\u0027, java.version: \u00271.8.0_102\u0027\nDriver info: driver.version: CFirefoxDriver)","startTime":1528096741428,"endTime":0,"childRecords":[],"interuppted":false}],"interuppted":false}],"interuppted":false}