<?xml version="1.0" encoding="UTF-8"?>
<testsuites name="Customer Portal" time="340" tests="1" failures="14" errors="0">
   <testsuite name="Customer Portal" tests="1" failures="14" errors="0" time="340" timestamp="2018-06-04 12:43:21" hostname="Neethu.v - Neethu-v.Bridgeglobal.local" id="Test Suites/Customer Portal">
      <properties>
         <property name="deviceName" value=""/>
         <property name="devicePlatform" value=""/>
         <property name="logFolder" value="E:\\Ahus-Katalon-Git\\Reports\\Customer Portal\\20180604_122519"/>
         <property name="logFiles" value="E:\\Ahus-Katalon-Git\\Reports\\Customer Portal\\20180604_122519\\execution0.log"/>
         <property name="attachments" value="E:\\Ahus-Katalon-Git\\Reports\\Customer Portal\\20180604_122519\\1528096478232.png, E:\\Ahus-Katalon-Git\\Reports\\Customer Portal\\20180604_122519\\1528096510293.png, E:\\Ahus-Katalon-Git\\Reports\\Customer Portal\\20180604_122519\\1528096542682.png, E:\\Ahus-Katalon-Git\\Reports\\Customer Portal\\20180604_122519\\1528096574948.png, E:\\Ahus-Katalon-Git\\Reports\\Customer Portal\\20180604_122519\\1528096607117.png, E:\\Ahus-Katalon-Git\\Reports\\Customer Portal\\20180604_122519\\1528096639494.png, E:\\Ahus-Katalon-Git\\Reports\\Customer Portal\\20180604_122519\\1528096671567.png"/>
         <property name="hostName" value="Neethu.v - Neethu-v.Bridgeglobal.local"/>
         <property name="os" value="Windows 10 64bit"/>
         <property name="katalonVersion" value="5.4.2.1"/>
         <property name="browser" value="Firefox 56.0"/>
         <property name="hostAddress" value="172.16.12.46"/>
         <property name="sessionId" value="c4d64843-41f1-4990-b3ac-5ab9b9ef0a8d"/>
         <property name="seleniumVersion" value="3.7.1"/>
         <property name="proxyInformation" value="ProxyInformation{proxyOption=NO_PROXY, proxyServerType=HTTP, password=, proxyServerAddress=, proxyServerPort=0}"/>
         <property name="platform" value="Windows 10"/>
      </properties>
      <testcase name="Test Cases/Clear cache" classname="Test Cases/Clear cache" status="PASSED">
         <system-out><![CDATA[2018-06-04 12:43:21 - [TEST_CASE][PASSED] - Test Cases/Clear cache: Test Cases/Clear cache

2018-06-04 12:43:21 - [TEST_STEP][PASSED] - deleteAllCookies: Delete all cookies successfully

2018-06-04 12:43:22 - [MESSAGE][WARNING] - Cannot delete cookies because browser is closed

2018-06-04 12:43:22 - [MESSAGE][PASSED] - Delete all cookies successfully]]></system-out>
         <system-err><![CDATA[]]></system-err>
      </testcase>
      <testcase name="Test Cases/Start page" classname="Test Cases/Start page" status="FAILED">
         <failure type="FAILED" message="Unable to click on object 'Object Repository/Customer registration from HB/Close - strt page popup' (Root cause: com.kms.katalon.core.webui.exception.WebElementNotFoundException: Web element with id: 'Object Repository/Customer registration from HB/Close - strt page popup' located by 'By.xpath: //a[@href = 'http://ahusonline.utv.derome.se' and (text() = 'CLOSE' or . = 'CLOSE')]' not found)"/>
         <system-out><![CDATA[2018-06-04 12:43:22 - [TEST_CASE][FAILED] - Test Cases/Start page: Test Cases/Start page FAILED because (of) Unable to click on object 'Object Repository/Customer registration from HB/Close - strt page popup' (Root cause: com.kms.katalon.core.webui.exception.WebElementNotFoundException: Web element with id: 'Object Repository/Customer registration from HB/Close - strt page popup' located by 'By.xpath: //a[@href = 'http://ahusonline.utv.derome.se' and (text() = 'CLOSE' or . = 'CLOSE')]' not found)

2018-06-04 12:43:22 - [TEST_STEP][PASSED] - openBrowser: Browser is opened with url: ''

2018-06-04 12:43:32 - [MESSAGE][PASSED] - Browser is opened with url: ''

2018-06-04 12:43:32 - [TEST_STEP][PASSED] - maximizeWindow: Current window maximized

2018-06-04 12:43:32 - [MESSAGE][PASSED] - Current window maximized

2018-06-04 12:43:32 - [TEST_STEP][PASSED] - navigateToUrl: Navigate to 'http://ahusonline.utv.derome.se/' successfully

2018-06-04 12:43:34 - [MESSAGE][PASSED] - Navigate to 'http://ahusonline.utv.derome.se/' successfully

2018-06-04 12:43:34 - [TEST_STEP][PASSED] - waitForElementVisible: Web element with id: 'Object Repository/Element in start page' located by 'By.xpath: //a[@href="/inloggning"]' not found

2018-06-04 12:44:06 - [MESSAGE][WARNING] - Web element with id: 'Object Repository/Element in start page' located by 'By.xpath: //a[@href="/inloggning"]' not found

2018-06-04 12:44:06 - [TEST_STEP][FAILED] - click: Unable to click on object 'Object Repository/Customer registration from HB/Close - strt page popup' (Root cause: com.kms.katalon.core.webui.exception.WebElementNotFoundException: Web element with id: 'Object Repository/Customer registration from HB/Close - strt page popup' located by 'By.xpath: //a[@href = 'http://ahusonline.utv.derome.se' and (text() = 'CLOSE' or . = 'CLOSE')]' not found)

2018-06-04 12:44:38 - [MESSAGE][FAILED] - Unable to click on object 'Object Repository/Customer registration from HB/Close - strt page popup' (Root cause: com.kms.katalon.core.webui.exception.WebElementNotFoundException: Web element with id: 'Object Repository/Customer registration from HB/Close - strt page popup' located by 'By.xpath: //a[@href = 'http://ahusonline.utv.derome.se' and (text() = 'CLOSE' or . = 'CLOSE')]' not found)
[[ATTACHMENT|E:\\Ahus-Katalon-Git\\Reports\\Customer Portal\\20180604_122519\\1528096478232.png]]]]></system-out>
         <system-err><![CDATA[2018-06-04 12:43:22 - [TEST_CASE][FAILED] - Test Cases/Start page: Test Cases/Start page FAILED because (of) Unable to click on object 'Object Repository/Customer registration from HB/Close - strt page popup' (Root cause: com.kms.katalon.core.webui.exception.WebElementNotFoundException: Web element with id: 'Object Repository/Customer registration from HB/Close - strt page popup' located by 'By.xpath: //a[@href = 'http://ahusonline.utv.derome.se' and (text() = 'CLOSE' or . = 'CLOSE')]' not found)]]></system-err>
      </testcase>
      <testcase name="Test Cases/Customer-Login" classname="Test Cases/Customer-Login" status="FAILED">
         <failure type="FAILED" message="Unable to click on object 'Object Repository/Customer registration from HB/a_Login' (Root cause: com.kms.katalon.core.webui.exception.WebElementNotFoundException: Web element with id: 'Object Repository/Customer registration from HB/a_Login' located by 'By.xpath: //a[@href = '/inloggning' and (text() = '
            Login
        ' or . = '
            Login
        ')]' not found)"/>
         <system-out><![CDATA[2018-06-04 12:44:38 - [TEST_CASE][FAILED] - Test Cases/Customer-Login: Test Cases/Customer-Login FAILED because (of) Unable to click on object 'Object Repository/Customer registration from HB/a_Login' (Root cause: com.kms.katalon.core.webui.exception.WebElementNotFoundException: Web element with id: 'Object Repository/Customer registration from HB/a_Login' located by 'By.xpath: //a[@href = '/inloggning' and (text() = '
            Login
        ' or . = '
            Login
        ')]' not found)

2018-06-04 12:44:38 - [TEST_STEP][FAILED] - click: Unable to click on object 'Object Repository/Customer registration from HB/a_Login' (Root cause: com.kms.katalon.core.webui.exception.WebElementNotFoundException: Web element with id: 'Object Repository/Customer registration from HB/a_Login' located by 'By.xpath: //a[@href = '/inloggning' and (text() = '
            Login
        ' or . = '
            Login
        ')]' not found)

2018-06-04 12:45:10 - [MESSAGE][FAILED] - Unable to click on object 'Object Repository/Customer registration from HB/a_Login' (Root cause: com.kms.katalon.core.webui.exception.WebElementNotFoundException: Web element with id: 'Object Repository/Customer registration from HB/a_Login' located by 'By.xpath: //a[@href = '/inloggning' and (text() = '
            Login
        ' or . = '
            Login
        ')]' not found)
[[ATTACHMENT|E:\\Ahus-Katalon-Git\\Reports\\Customer Portal\\20180604_122519\\1528096510293.png]]]]></system-out>
         <system-err><![CDATA[2018-06-04 12:44:38 - [TEST_CASE][FAILED] - Test Cases/Customer-Login: Test Cases/Customer-Login FAILED because (of) Unable to click on object 'Object Repository/Customer registration from HB/a_Login' (Root cause: com.kms.katalon.core.webui.exception.WebElementNotFoundException: Web element with id: 'Object Repository/Customer registration from HB/a_Login' located by 'By.xpath: //a[@href = '/inloggning' and (text() = '
            Login
        ' or . = '
            Login
        ')]' not found)]]></system-err>
      </testcase>
      <testcase name="Test Cases/Move to Start Page" classname="Test Cases/Move to Start Page" status="FAILED">
         <failure type="FAILED" message="Unable to click on object 'Object Repository/Move to home page from logged in' (Root cause: com.kms.katalon.core.webui.exception.WebElementNotFoundException: Web element with id: 'Object Repository/Move to home page from logged in' located by 'By.xpath: //span[(text() = '
            Hem
        ' or . = '
            Hem
        ')]' not found)"/>
         <system-out><![CDATA[2018-06-04 12:45:10 - [TEST_CASE][FAILED] - Test Cases/Move to Start Page: Test Cases/Move to Start Page FAILED because (of) Unable to click on object 'Object Repository/Move to home page from logged in' (Root cause: com.kms.katalon.core.webui.exception.WebElementNotFoundException: Web element with id: 'Object Repository/Move to home page from logged in' located by 'By.xpath: //span[(text() = '
            Hem
        ' or . = '
            Hem
        ')]' not found)

2018-06-04 12:45:10 - [TEST_STEP][FAILED] - click: Unable to click on object 'Object Repository/Move to home page from logged in' (Root cause: com.kms.katalon.core.webui.exception.WebElementNotFoundException: Web element with id: 'Object Repository/Move to home page from logged in' located by 'By.xpath: //span[(text() = '
            Hem
        ' or . = '
            Hem
        ')]' not found)

2018-06-04 12:45:42 - [MESSAGE][FAILED] - Unable to click on object 'Object Repository/Move to home page from logged in' (Root cause: com.kms.katalon.core.webui.exception.WebElementNotFoundException: Web element with id: 'Object Repository/Move to home page from logged in' located by 'By.xpath: //span[(text() = '
            Hem
        ' or . = '
            Hem
        ')]' not found)
[[ATTACHMENT|E:\\Ahus-Katalon-Git\\Reports\\Customer Portal\\20180604_122519\\1528096542682.png]]]]></system-out>
         <system-err><![CDATA[2018-06-04 12:45:10 - [TEST_CASE][FAILED] - Test Cases/Move to Start Page: Test Cases/Move to Start Page FAILED because (of) Unable to click on object 'Object Repository/Move to home page from logged in' (Root cause: com.kms.katalon.core.webui.exception.WebElementNotFoundException: Web element with id: 'Object Repository/Move to home page from logged in' located by 'By.xpath: //span[(text() = '
            Hem
        ' or . = '
            Hem
        ')]' not found)]]></system-err>
      </testcase>
      <testcase name="Test Cases/Municipality dropdown field-start page" classname="Test Cases/Municipality dropdown field-start page" status="FAILED">
         <failure type="FAILED" message="Unable to click on object 'Object Repository/Start page elements/Municipality select field' (Root cause: com.kms.katalon.core.webui.exception.WebElementNotFoundException: Web element with id: 'Object Repository/Start page elements/Municipality select field' located by 'By.xpath: //select[@data-required-text='Du behöver välja kommun/område för att fortsätta']' not found)"/>
         <system-out><![CDATA[2018-06-04 12:45:42 - [TEST_CASE][FAILED] - Test Cases/Municipality dropdown field-start page: Test Cases/Municipality dropdown field-start page FAILED because (of) Unable to click on object 'Object Repository/Start page elements/Municipality select field' (Root cause: com.kms.katalon.core.webui.exception.WebElementNotFoundException: Web element with id: 'Object Repository/Start page elements/Municipality select field' located by 'By.xpath: //select[@data-required-text='Du behöver välja kommun/område för att fortsätta']' not found)

2018-06-04 12:45:42 - [TEST_STEP][FAILED] - click: Unable to click on object 'Object Repository/Start page elements/Municipality select field' (Root cause: com.kms.katalon.core.webui.exception.WebElementNotFoundException: Web element with id: 'Object Repository/Start page elements/Municipality select field' located by 'By.xpath: //select[@data-required-text='Du behöver välja kommun/område för att fortsätta']' not found)

2018-06-04 12:46:15 - [MESSAGE][FAILED] - Unable to click on object 'Object Repository/Start page elements/Municipality select field' (Root cause: com.kms.katalon.core.webui.exception.WebElementNotFoundException: Web element with id: 'Object Repository/Start page elements/Municipality select field' located by 'By.xpath: //select[@data-required-text='Du behöver välja kommun/område för att fortsätta']' not found)
[[ATTACHMENT|E:\\Ahus-Katalon-Git\\Reports\\Customer Portal\\20180604_122519\\1528096574948.png]]]]></system-out>
         <system-err><![CDATA[2018-06-04 12:45:42 - [TEST_CASE][FAILED] - Test Cases/Municipality dropdown field-start page: Test Cases/Municipality dropdown field-start page FAILED because (of) Unable to click on object 'Object Repository/Start page elements/Municipality select field' (Root cause: com.kms.katalon.core.webui.exception.WebElementNotFoundException: Web element with id: 'Object Repository/Start page elements/Municipality select field' located by 'By.xpath: //select[@data-required-text='Du behöver välja kommun/område för att fortsätta']' not found)]]></system-err>
      </testcase>
      <testcase name="Test Cases/Select Municiplality from Start page" classname="Test Cases/Select Municiplality from Start page" status="FAILED">
         <failure type="FAILED" message="Unable to click on object 'Object Repository/Start page elements/Select Municipality-start page' (Root cause: com.kms.katalon.core.webui.exception.WebElementNotFoundException: Web element with id: 'Object Repository/Start page elements/Select Municipality-start page' located by 'By.xpath: //option[@value='7670aa51-d0b7-4c72-82a5-3f414da5c895|Ale|1']' not found)"/>
         <system-out><![CDATA[2018-06-04 12:46:15 - [TEST_CASE][FAILED] - Test Cases/Select Municiplality from Start page: Test Cases/Select Municiplality from Start page FAILED because (of) Unable to click on object 'Object Repository/Start page elements/Select Municipality-start page' (Root cause: com.kms.katalon.core.webui.exception.WebElementNotFoundException: Web element with id: 'Object Repository/Start page elements/Select Municipality-start page' located by 'By.xpath: //option[@value='7670aa51-d0b7-4c72-82a5-3f414da5c895|Ale|1']' not found)

2018-06-04 12:46:15 - [TEST_STEP][FAILED] - click: Unable to click on object 'Object Repository/Start page elements/Select Municipality-start page' (Root cause: com.kms.katalon.core.webui.exception.WebElementNotFoundException: Web element with id: 'Object Repository/Start page elements/Select Municipality-start page' located by 'By.xpath: //option[@value='7670aa51-d0b7-4c72-82a5-3f414da5c895|Ale|1']' not found)

2018-06-04 12:46:47 - [MESSAGE][FAILED] - Unable to click on object 'Object Repository/Start page elements/Select Municipality-start page' (Root cause: com.kms.katalon.core.webui.exception.WebElementNotFoundException: Web element with id: 'Object Repository/Start page elements/Select Municipality-start page' located by 'By.xpath: //option[@value='7670aa51-d0b7-4c72-82a5-3f414da5c895|Ale|1']' not found)
[[ATTACHMENT|E:\\Ahus-Katalon-Git\\Reports\\Customer Portal\\20180604_122519\\1528096607117.png]]]]></system-out>
         <system-err><![CDATA[2018-06-04 12:46:15 - [TEST_CASE][FAILED] - Test Cases/Select Municiplality from Start page: Test Cases/Select Municiplality from Start page FAILED because (of) Unable to click on object 'Object Repository/Start page elements/Select Municipality-start page' (Root cause: com.kms.katalon.core.webui.exception.WebElementNotFoundException: Web element with id: 'Object Repository/Start page elements/Select Municipality-start page' located by 'By.xpath: //option[@value='7670aa51-d0b7-4c72-82a5-3f414da5c895|Ale|1']' not found)]]></system-err>
      </testcase>
      <testcase name="Test Cases/Select House From House Listing Page - HB" classname="Test Cases/Select House From House Listing Page - HB" status="FAILED">
         <failure type="FAILED" message="Unable to click on object 'Object Repository/House Listing Page/Select House from House listing' (Root cause: com.kms.katalon.core.webui.exception.WebElementNotFoundException: Web element with id: 'Object Repository/House Listing Page/Select House from House listing' located by 'By.xpath: //input[@type = 'submit']' not found)"/>
         <system-out><![CDATA[2018-06-04 12:46:47 - [TEST_CASE][FAILED] - Test Cases/Select House From House Listing Page - HB: Test Cases/Select House From House Listing Page - HB FAILED because (of) Unable to click on object 'Object Repository/House Listing Page/Select House from House listing' (Root cause: com.kms.katalon.core.webui.exception.WebElementNotFoundException: Web element with id: 'Object Repository/House Listing Page/Select House from House listing' located by 'By.xpath: //input[@type = 'submit']' not found)

2018-06-04 12:46:47 - [TEST_STEP][FAILED] - click: Unable to click on object 'Object Repository/House Listing Page/Select House from House listing' (Root cause: com.kms.katalon.core.webui.exception.WebElementNotFoundException: Web element with id: 'Object Repository/House Listing Page/Select House from House listing' located by 'By.xpath: //input[@type = 'submit']' not found)

2018-06-04 12:47:19 - [MESSAGE][FAILED] - Unable to click on object 'Object Repository/House Listing Page/Select House from House listing' (Root cause: com.kms.katalon.core.webui.exception.WebElementNotFoundException: Web element with id: 'Object Repository/House Listing Page/Select House from House listing' located by 'By.xpath: //input[@type = 'submit']' not found)
[[ATTACHMENT|E:\\Ahus-Katalon-Git\\Reports\\Customer Portal\\20180604_122519\\1528096639494.png]]]]></system-out>
         <system-err><![CDATA[2018-06-04 12:46:47 - [TEST_CASE][FAILED] - Test Cases/Select House From House Listing Page - HB: Test Cases/Select House From House Listing Page - HB FAILED because (of) Unable to click on object 'Object Repository/House Listing Page/Select House from House listing' (Root cause: com.kms.katalon.core.webui.exception.WebElementNotFoundException: Web element with id: 'Object Repository/House Listing Page/Select House from House listing' located by 'By.xpath: //input[@type = 'submit']' not found)]]></system-err>
      </testcase>
      <testcase name="Test Cases/Make Changes in Configuration - Customer" classname="Test Cases/Make Changes in Configuration - Customer" status="FAILED">
         <failure type="FAILED" message="Unable to click on object 'Object Repository/Make Changes in Configuration/Configuration change - utvandiga val' (Root cause: com.kms.katalon.core.webui.exception.WebElementNotFoundException: Web element with id: 'Object Repository/Make Changes in Configuration/Configuration change - utvandiga val' located by 'By.xpath: //span[@href = '#' and (text() = '         Vindskivor och foder              ' or . = '         Vindskivor och foder              ')]' not found)"/>
         <system-out><![CDATA[2018-06-04 12:47:19 - [TEST_CASE][FAILED] - Test Cases/Make Changes in Configuration - Customer: Test Cases/Make Changes in Configuration - Customer FAILED because (of) Unable to click on object 'Object Repository/Make Changes in Configuration/Configuration change - utvandiga val' (Root cause: com.kms.katalon.core.webui.exception.WebElementNotFoundException: Web element with id: 'Object Repository/Make Changes in Configuration/Configuration change - utvandiga val' located by 'By.xpath: //span[@href = '#' and (text() = '         Vindskivor och foder              ' or . = '         Vindskivor och foder              ')]' not found)

2018-06-04 12:47:19 - [TEST_STEP][FAILED] - click: Unable to click on object 'Object Repository/Make Changes in Configuration/Configuration change - utvandiga val' (Root cause: com.kms.katalon.core.webui.exception.WebElementNotFoundException: Web element with id: 'Object Repository/Make Changes in Configuration/Configuration change - utvandiga val' located by 'By.xpath: //span[@href = '#' and (text() = '         Vindskivor och foder              ' or . = '         Vindskivor och foder              ')]' not found)

2018-06-04 12:47:51 - [MESSAGE][FAILED] - Unable to click on object 'Object Repository/Make Changes in Configuration/Configuration change - utvandiga val' (Root cause: com.kms.katalon.core.webui.exception.WebElementNotFoundException: Web element with id: 'Object Repository/Make Changes in Configuration/Configuration change - utvandiga val' located by 'By.xpath: //span[@href = '#' and (text() = '         Vindskivor och foder              ' or . = '         Vindskivor och foder              ')]' not found)
[[ATTACHMENT|E:\\Ahus-Katalon-Git\\Reports\\Customer Portal\\20180604_122519\\1528096671567.png]]]]></system-out>
         <system-err><![CDATA[2018-06-04 12:47:19 - [TEST_CASE][FAILED] - Test Cases/Make Changes in Configuration - Customer: Test Cases/Make Changes in Configuration - Customer FAILED because (of) Unable to click on object 'Object Repository/Make Changes in Configuration/Configuration change - utvandiga val' (Root cause: com.kms.katalon.core.webui.exception.WebElementNotFoundException: Web element with id: 'Object Repository/Make Changes in Configuration/Configuration change - utvandiga val' located by 'By.xpath: //span[@href = '#' and (text() = '         Vindskivor och foder              ' or . = '         Vindskivor och foder              ')]' not found)]]></system-err>
      </testcase>
      <testcase name="Test Cases/Save Configuration" classname="Test Cases/Save Configuration" status="FAILED">
         <failure type="FAILED" message="Unable to get text of object 'Object Repository/Save Configuration/Get text From Save Configuration' (Root cause: org.openqa.selenium.WebDriverException: org.apache.http.conn.HttpHostConnectException: Connect to localhost:13936 [localhost/127.0.0.1, localhost/0:0:0:0:0:0:0:1] failed: Connection refused: connect
Build info: version: '3.7.1', revision: '8a0099a', time: '2017-11-06T21:07:36.161Z'
System info: host: 'NEETHU-V', ip: '172.16.12.46', os.name: 'Windows 10', os.arch: 'amd64', os.version: '10.0', java.version: '1.8.0_102'
Driver info: driver.version: RemoteWebDriver)"/>
         <system-out><![CDATA[2018-06-04 12:47:51 - [TEST_CASE][FAILED] - Test Cases/Save Configuration: Test Cases/Save Configuration FAILED because (of) Unable to get text of object 'Object Repository/Save Configuration/Get text From Save Configuration' (Root cause: org.openqa.selenium.WebDriverException: org.apache.http.conn.HttpHostConnectException: Connect to localhost:13936 [localhost/127.0.0.1, localhost/0:0:0:0:0:0:0:1] failed: Connection refused: connect
Build info: version: '3.7.1', revision: '8a0099a', time: '2017-11-06T21:07:36.161Z'
System info: host: 'NEETHU-V', ip: '172.16.12.46', os.name: 'Windows 10', os.arch: 'amd64', os.version: '10.0', java.version: '1.8.0_102'
Driver info: driver.version: RemoteWebDriver)

2018-06-04 12:47:51 - [TEST_STEP][PASSED] - waitForPageLoad: Wait for page load successfully

2018-06-04 12:47:51 - [MESSAGE][PASSED] - Wait for page load successfully

2018-06-04 12:47:51 - [TEST_STEP][FAILED] - getText: Unable to get text of object 'Object Repository/Save Configuration/Get text From Save Configuration' (Root cause: org.openqa.selenium.WebDriverException: org.apache.http.conn.HttpHostConnectException: Connect to localhost:13936 [localhost/127.0.0.1, localhost/0:0:0:0:0:0:0:1] failed: Connection refused: connect
Build info: version: '3.7.1', revision: '8a0099a', time: '2017-11-06T21:07:36.161Z'
System info: host: 'NEETHU-V', ip: '172.16.12.46', os.name: 'Windows 10', os.arch: 'amd64', os.version: '10.0', java.version: '1.8.0_102'
Driver info: driver.version: RemoteWebDriver)

2018-06-04 12:48:42 - [MESSAGE][WARNING] - Cannot take screenshot

2018-06-04 12:48:42 - [MESSAGE][FAILED] - Unable to get text of object 'Object Repository/Save Configuration/Get text From Save Configuration' (Root cause: org.openqa.selenium.WebDriverException: org.apache.http.conn.HttpHostConnectException: Connect to localhost:13936 [localhost/127.0.0.1, localhost/0:0:0:0:0:0:0:1] failed: Connection refused: connect
Build info: version: '3.7.1', revision: '8a0099a', time: '2017-11-06T21:07:36.161Z'
System info: host: 'NEETHU-V', ip: '172.16.12.46', os.name: 'Windows 10', os.arch: 'amd64', os.version: '10.0', java.version: '1.8.0_102'
Driver info: driver.version: RemoteWebDriver)]]></system-out>
         <system-err><![CDATA[2018-06-04 12:47:51 - [TEST_CASE][FAILED] - Test Cases/Save Configuration: Test Cases/Save Configuration FAILED because (of) Unable to get text of object 'Object Repository/Save Configuration/Get text From Save Configuration' (Root cause: org.openqa.selenium.WebDriverException: org.apache.http.conn.HttpHostConnectException: Connect to localhost:13936 [localhost/127.0.0.1, localhost/0:0:0:0:0:0:0:1] failed: Connection refused: connect
Build info: version: '3.7.1', revision: '8a0099a', time: '2017-11-06T21:07:36.161Z'
System info: host: 'NEETHU-V', ip: '172.16.12.46', os.name: 'Windows 10', os.arch: 'amd64', os.version: '10.0', java.version: '1.8.0_102'
Driver info: driver.version: RemoteWebDriver)]]></system-err>
      </testcase>
      <testcase name="Test Cases/Navigation to Offert Popup" classname="Test Cases/Navigation to Offert Popup" status="FAILED">
         <failure type="FAILED" message="Unable to click on object 'Object Repository/Move to Offert Popup/Offert Button Click - Offert Popup' (Root cause: org.openqa.selenium.WebDriverException: org.apache.http.conn.HttpHostConnectException: Connect to localhost:13936 [localhost/127.0.0.1, localhost/0:0:0:0:0:0:0:1] failed: Connection refused: connect
Build info: version: '3.7.1', revision: '8a0099a', time: '2017-11-06T21:07:36.161Z'
System info: host: 'NEETHU-V', ip: '172.16.12.46', os.name: 'Windows 10', os.arch: 'amd64', os.version: '10.0', java.version: '1.8.0_102'
Driver info: driver.version: RemoteWebDriver)"/>
         <system-out><![CDATA[2018-06-04 12:48:42 - [TEST_CASE][FAILED] - Test Cases/Navigation to Offert Popup: Test Cases/Navigation to Offert Popup FAILED because (of) Unable to click on object 'Object Repository/Move to Offert Popup/Offert Button Click - Offert Popup' (Root cause: org.openqa.selenium.WebDriverException: org.apache.http.conn.HttpHostConnectException: Connect to localhost:13936 [localhost/127.0.0.1, localhost/0:0:0:0:0:0:0:1] failed: Connection refused: connect
Build info: version: '3.7.1', revision: '8a0099a', time: '2017-11-06T21:07:36.161Z'
System info: host: 'NEETHU-V', ip: '172.16.12.46', os.name: 'Windows 10', os.arch: 'amd64', os.version: '10.0', java.version: '1.8.0_102'
Driver info: driver.version: RemoteWebDriver)

2018-06-04 12:48:42 - [TEST_STEP][FAILED] - click: Unable to click on object 'Object Repository/Move to Offert Popup/Offert Button Click - Offert Popup' (Root cause: org.openqa.selenium.WebDriverException: org.apache.http.conn.HttpHostConnectException: Connect to localhost:13936 [localhost/127.0.0.1, localhost/0:0:0:0:0:0:0:1] failed: Connection refused: connect
Build info: version: '3.7.1', revision: '8a0099a', time: '2017-11-06T21:07:36.161Z'
System info: host: 'NEETHU-V', ip: '172.16.12.46', os.name: 'Windows 10', os.arch: 'amd64', os.version: '10.0', java.version: '1.8.0_102'
Driver info: driver.version: RemoteWebDriver)

2018-06-04 12:48:46 - [MESSAGE][WARNING] - Cannot take screenshot

2018-06-04 12:48:46 - [MESSAGE][FAILED] - Unable to click on object 'Object Repository/Move to Offert Popup/Offert Button Click - Offert Popup' (Root cause: org.openqa.selenium.WebDriverException: org.apache.http.conn.HttpHostConnectException: Connect to localhost:13936 [localhost/127.0.0.1, localhost/0:0:0:0:0:0:0:1] failed: Connection refused: connect
Build info: version: '3.7.1', revision: '8a0099a', time: '2017-11-06T21:07:36.161Z'
System info: host: 'NEETHU-V', ip: '172.16.12.46', os.name: 'Windows 10', os.arch: 'amd64', os.version: '10.0', java.version: '1.8.0_102'
Driver info: driver.version: RemoteWebDriver)]]></system-out>
         <system-err><![CDATA[2018-06-04 12:48:42 - [TEST_CASE][FAILED] - Test Cases/Navigation to Offert Popup: Test Cases/Navigation to Offert Popup FAILED because (of) Unable to click on object 'Object Repository/Move to Offert Popup/Offert Button Click - Offert Popup' (Root cause: org.openqa.selenium.WebDriverException: org.apache.http.conn.HttpHostConnectException: Connect to localhost:13936 [localhost/127.0.0.1, localhost/0:0:0:0:0:0:0:1] failed: Connection refused: connect
Build info: version: '3.7.1', revision: '8a0099a', time: '2017-11-06T21:07:36.161Z'
System info: host: 'NEETHU-V', ip: '172.16.12.46', os.name: 'Windows 10', os.arch: 'amd64', os.version: '10.0', java.version: '1.8.0_102'
Driver info: driver.version: RemoteWebDriver)]]></system-err>
      </testcase>
      <testcase name="Test Cases/Fill into Offert Form" classname="Test Cases/Fill into Offert Form" status="FAILED">
         <failure type="FAILED" message="Unable to click on object 'Object Repository/Fill Offert From/Construction Type RadioButton' (Root cause: org.openqa.selenium.WebDriverException: org.apache.http.conn.HttpHostConnectException: Connect to localhost:13936 [localhost/127.0.0.1, localhost/0:0:0:0:0:0:0:1] failed: Connection refused: connect
Build info: version: '3.7.1', revision: '8a0099a', time: '2017-11-06T21:07:36.161Z'
System info: host: 'NEETHU-V', ip: '172.16.12.46', os.name: 'Windows 10', os.arch: 'amd64', os.version: '10.0', java.version: '1.8.0_102'
Driver info: driver.version: RemoteWebDriver)"/>
         <system-out><![CDATA[2018-06-04 12:48:46 - [TEST_CASE][FAILED] - Test Cases/Fill into Offert Form: Test Cases/Fill into Offert Form FAILED because (of) Unable to click on object 'Object Repository/Fill Offert From/Construction Type RadioButton' (Root cause: org.openqa.selenium.WebDriverException: org.apache.http.conn.HttpHostConnectException: Connect to localhost:13936 [localhost/127.0.0.1, localhost/0:0:0:0:0:0:0:1] failed: Connection refused: connect
Build info: version: '3.7.1', revision: '8a0099a', time: '2017-11-06T21:07:36.161Z'
System info: host: 'NEETHU-V', ip: '172.16.12.46', os.name: 'Windows 10', os.arch: 'amd64', os.version: '10.0', java.version: '1.8.0_102'
Driver info: driver.version: RemoteWebDriver)

2018-06-04 12:48:46 - [TEST_STEP][FAILED] - click: Unable to click on object 'Object Repository/Fill Offert From/Construction Type RadioButton' (Root cause: org.openqa.selenium.WebDriverException: org.apache.http.conn.HttpHostConnectException: Connect to localhost:13936 [localhost/127.0.0.1, localhost/0:0:0:0:0:0:0:1] failed: Connection refused: connect
Build info: version: '3.7.1', revision: '8a0099a', time: '2017-11-06T21:07:36.161Z'
System info: host: 'NEETHU-V', ip: '172.16.12.46', os.name: 'Windows 10', os.arch: 'amd64', os.version: '10.0', java.version: '1.8.0_102'
Driver info: driver.version: RemoteWebDriver)

2018-06-04 12:48:50 - [MESSAGE][WARNING] - Cannot take screenshot

2018-06-04 12:48:50 - [MESSAGE][FAILED] - Unable to click on object 'Object Repository/Fill Offert From/Construction Type RadioButton' (Root cause: org.openqa.selenium.WebDriverException: org.apache.http.conn.HttpHostConnectException: Connect to localhost:13936 [localhost/127.0.0.1, localhost/0:0:0:0:0:0:0:1] failed: Connection refused: connect
Build info: version: '3.7.1', revision: '8a0099a', time: '2017-11-06T21:07:36.161Z'
System info: host: 'NEETHU-V', ip: '172.16.12.46', os.name: 'Windows 10', os.arch: 'amd64', os.version: '10.0', java.version: '1.8.0_102'
Driver info: driver.version: RemoteWebDriver)]]></system-out>
         <system-err><![CDATA[2018-06-04 12:48:46 - [TEST_CASE][FAILED] - Test Cases/Fill into Offert Form: Test Cases/Fill into Offert Form FAILED because (of) Unable to click on object 'Object Repository/Fill Offert From/Construction Type RadioButton' (Root cause: org.openqa.selenium.WebDriverException: org.apache.http.conn.HttpHostConnectException: Connect to localhost:13936 [localhost/127.0.0.1, localhost/0:0:0:0:0:0:0:1] failed: Connection refused: connect
Build info: version: '3.7.1', revision: '8a0099a', time: '2017-11-06T21:07:36.161Z'
System info: host: 'NEETHU-V', ip: '172.16.12.46', os.name: 'Windows 10', os.arch: 'amd64', os.version: '10.0', java.version: '1.8.0_102'
Driver info: driver.version: RemoteWebDriver)]]></system-err>
      </testcase>
      <testcase name="Test Cases/Accept OFFERTFORFRAGAN popup" classname="Test Cases/Accept OFFERTFORFRAGAN popup" status="FAILED">
         <failure type="FAILED" message="Unable to click on object 'Object Repository/OFFERTFORFRAGAN Popup/Okay Button From OFFERTFORFRAGAN Popup' (Root cause: org.openqa.selenium.WebDriverException: org.apache.http.conn.HttpHostConnectException: Connect to localhost:13936 [localhost/127.0.0.1, localhost/0:0:0:0:0:0:0:1] failed: Connection refused: connect
Build info: version: '3.7.1', revision: '8a0099a', time: '2017-11-06T21:07:36.161Z'
System info: host: 'NEETHU-V', ip: '172.16.12.46', os.name: 'Windows 10', os.arch: 'amd64', os.version: '10.0', java.version: '1.8.0_102'
Driver info: driver.version: RemoteWebDriver)"/>
         <system-out><![CDATA[2018-06-04 12:48:50 - [TEST_CASE][FAILED] - Test Cases/Accept OFFERTFORFRAGAN popup: Test Cases/Accept OFFERTFORFRAGAN popup FAILED because (of) Unable to click on object 'Object Repository/OFFERTFORFRAGAN Popup/Okay Button From OFFERTFORFRAGAN Popup' (Root cause: org.openqa.selenium.WebDriverException: org.apache.http.conn.HttpHostConnectException: Connect to localhost:13936 [localhost/127.0.0.1, localhost/0:0:0:0:0:0:0:1] failed: Connection refused: connect
Build info: version: '3.7.1', revision: '8a0099a', time: '2017-11-06T21:07:36.161Z'
System info: host: 'NEETHU-V', ip: '172.16.12.46', os.name: 'Windows 10', os.arch: 'amd64', os.version: '10.0', java.version: '1.8.0_102'
Driver info: driver.version: RemoteWebDriver)

2018-06-04 12:48:50 - [TEST_STEP][FAILED] - click: Unable to click on object 'Object Repository/OFFERTFORFRAGAN Popup/Okay Button From OFFERTFORFRAGAN Popup' (Root cause: org.openqa.selenium.WebDriverException: org.apache.http.conn.HttpHostConnectException: Connect to localhost:13936 [localhost/127.0.0.1, localhost/0:0:0:0:0:0:0:1] failed: Connection refused: connect
Build info: version: '3.7.1', revision: '8a0099a', time: '2017-11-06T21:07:36.161Z'
System info: host: 'NEETHU-V', ip: '172.16.12.46', os.name: 'Windows 10', os.arch: 'amd64', os.version: '10.0', java.version: '1.8.0_102'
Driver info: driver.version: RemoteWebDriver)

2018-06-04 12:48:54 - [MESSAGE][WARNING] - Cannot take screenshot

2018-06-04 12:48:54 - [MESSAGE][FAILED] - Unable to click on object 'Object Repository/OFFERTFORFRAGAN Popup/Okay Button From OFFERTFORFRAGAN Popup' (Root cause: org.openqa.selenium.WebDriverException: org.apache.http.conn.HttpHostConnectException: Connect to localhost:13936 [localhost/127.0.0.1, localhost/0:0:0:0:0:0:0:1] failed: Connection refused: connect
Build info: version: '3.7.1', revision: '8a0099a', time: '2017-11-06T21:07:36.161Z'
System info: host: 'NEETHU-V', ip: '172.16.12.46', os.name: 'Windows 10', os.arch: 'amd64', os.version: '10.0', java.version: '1.8.0_102'
Driver info: driver.version: RemoteWebDriver)]]></system-out>
         <system-err><![CDATA[2018-06-04 12:48:50 - [TEST_CASE][FAILED] - Test Cases/Accept OFFERTFORFRAGAN popup: Test Cases/Accept OFFERTFORFRAGAN popup FAILED because (of) Unable to click on object 'Object Repository/OFFERTFORFRAGAN Popup/Okay Button From OFFERTFORFRAGAN Popup' (Root cause: org.openqa.selenium.WebDriverException: org.apache.http.conn.HttpHostConnectException: Connect to localhost:13936 [localhost/127.0.0.1, localhost/0:0:0:0:0:0:0:1] failed: Connection refused: connect
Build info: version: '3.7.1', revision: '8a0099a', time: '2017-11-06T21:07:36.161Z'
System info: host: 'NEETHU-V', ip: '172.16.12.46', os.name: 'Windows 10', os.arch: 'amd64', os.version: '10.0', java.version: '1.8.0_102'
Driver info: driver.version: RemoteWebDriver)]]></system-err>
      </testcase>
      <testcase name="Test Cases/Move to Compilation Page" classname="Test Cases/Move to Compilation Page" status="FAILED">
         <failure type="FAILED" message="Unable to scroll to object 'Object Repository/Click on Visa Offertforfragan/Click on Button_Visa offertfrfrgan' (Root cause: org.openqa.selenium.WebDriverException: org.apache.http.conn.HttpHostConnectException: Connect to localhost:13936 [localhost/127.0.0.1, localhost/0:0:0:0:0:0:0:1] failed: Connection refused: connect
Build info: version: '3.7.1', revision: '8a0099a', time: '2017-11-06T21:07:36.161Z'
System info: host: 'NEETHU-V', ip: '172.16.12.46', os.name: 'Windows 10', os.arch: 'amd64', os.version: '10.0', java.version: '1.8.0_102'
Driver info: driver.version: RemoteWebDriver)"/>
         <system-out><![CDATA[2018-06-04 12:48:54 - [TEST_CASE][FAILED] - Test Cases/Move to Compilation Page: Test Cases/Move to Compilation Page FAILED because (of) Unable to scroll to object 'Object Repository/Click on Visa Offertforfragan/Click on Button_Visa offertfrfrgan' (Root cause: org.openqa.selenium.WebDriverException: org.apache.http.conn.HttpHostConnectException: Connect to localhost:13936 [localhost/127.0.0.1, localhost/0:0:0:0:0:0:0:1] failed: Connection refused: connect
Build info: version: '3.7.1', revision: '8a0099a', time: '2017-11-06T21:07:36.161Z'
System info: host: 'NEETHU-V', ip: '172.16.12.46', os.name: 'Windows 10', os.arch: 'amd64', os.version: '10.0', java.version: '1.8.0_102'
Driver info: driver.version: RemoteWebDriver)

2018-06-04 12:48:55 - [TEST_STEP][FAILED] - scrollToElement: Unable to scroll to object 'Object Repository/Click on Visa Offertforfragan/Click on Button_Visa offertfrfrgan' (Root cause: org.openqa.selenium.WebDriverException: org.apache.http.conn.HttpHostConnectException: Connect to localhost:13936 [localhost/127.0.0.1, localhost/0:0:0:0:0:0:0:1] failed: Connection refused: connect
Build info: version: '3.7.1', revision: '8a0099a', time: '2017-11-06T21:07:36.161Z'
System info: host: 'NEETHU-V', ip: '172.16.12.46', os.name: 'Windows 10', os.arch: 'amd64', os.version: '10.0', java.version: '1.8.0_102'
Driver info: driver.version: RemoteWebDriver)

2018-06-04 12:48:59 - [MESSAGE][WARNING] - Cannot take screenshot

2018-06-04 12:48:59 - [MESSAGE][FAILED] - Unable to scroll to object 'Object Repository/Click on Visa Offertforfragan/Click on Button_Visa offertfrfrgan' (Root cause: org.openqa.selenium.WebDriverException: org.apache.http.conn.HttpHostConnectException: Connect to localhost:13936 [localhost/127.0.0.1, localhost/0:0:0:0:0:0:0:1] failed: Connection refused: connect
Build info: version: '3.7.1', revision: '8a0099a', time: '2017-11-06T21:07:36.161Z'
System info: host: 'NEETHU-V', ip: '172.16.12.46', os.name: 'Windows 10', os.arch: 'amd64', os.version: '10.0', java.version: '1.8.0_102'
Driver info: driver.version: RemoteWebDriver)]]></system-out>
         <system-err><![CDATA[2018-06-04 12:48:54 - [TEST_CASE][FAILED] - Test Cases/Move to Compilation Page: Test Cases/Move to Compilation Page FAILED because (of) Unable to scroll to object 'Object Repository/Click on Visa Offertforfragan/Click on Button_Visa offertfrfrgan' (Root cause: org.openqa.selenium.WebDriverException: org.apache.http.conn.HttpHostConnectException: Connect to localhost:13936 [localhost/127.0.0.1, localhost/0:0:0:0:0:0:0:1] failed: Connection refused: connect
Build info: version: '3.7.1', revision: '8a0099a', time: '2017-11-06T21:07:36.161Z'
System info: host: 'NEETHU-V', ip: '172.16.12.46', os.name: 'Windows 10', os.arch: 'amd64', os.version: '10.0', java.version: '1.8.0_102'
Driver info: driver.version: RemoteWebDriver)]]></system-err>
      </testcase>
      <testcase name="Test Cases/Visit Seller Portal" classname="Test Cases/Visit Seller Portal" status="FAILED">
         <failure type="FAILED" message="Unable to open browser with url: 'http://ahusonline.utv.derome.se/salj-portal' (Root cause: org.openqa.selenium.WebDriverException: org.apache.http.conn.HttpHostConnectException: Connect to localhost:13936 [localhost/127.0.0.1, localhost/0:0:0:0:0:0:0:1] failed: Connection refused: connect
Build info: version: '3.7.1', revision: '8a0099a', time: '2017-11-06T21:07:36.161Z'
System info: host: 'NEETHU-V', ip: '172.16.12.46', os.name: 'Windows 10', os.arch: 'amd64', os.version: '10.0', java.version: '1.8.0_102'
Driver info: driver.version: RemoteWebDriver)"/>
         <system-out><![CDATA[2018-06-04 12:48:59 - [TEST_CASE][FAILED] - Test Cases/Visit Seller Portal: Test Cases/Visit Seller Portal FAILED because (of) Unable to open browser with url: 'http://ahusonline.utv.derome.se/salj-portal' (Root cause: org.openqa.selenium.WebDriverException: org.apache.http.conn.HttpHostConnectException: Connect to localhost:13936 [localhost/127.0.0.1, localhost/0:0:0:0:0:0:0:1] failed: Connection refused: connect
Build info: version: '3.7.1', revision: '8a0099a', time: '2017-11-06T21:07:36.161Z'
System info: host: 'NEETHU-V', ip: '172.16.12.46', os.name: 'Windows 10', os.arch: 'amd64', os.version: '10.0', java.version: '1.8.0_102'
Driver info: driver.version: RemoteWebDriver)

2018-06-04 12:48:59 - [TEST_STEP][FAILED] - openBrowser: Unable to open browser with url: 'http://ahusonline.utv.derome.se/salj-portal' (Root cause: org.openqa.selenium.WebDriverException: org.apache.http.conn.HttpHostConnectException: Connect to localhost:13936 [localhost/127.0.0.1, localhost/0:0:0:0:0:0:0:1] failed: Connection refused: connect
Build info: version: '3.7.1', revision: '8a0099a', time: '2017-11-06T21:07:36.161Z'
System info: host: 'NEETHU-V', ip: '172.16.12.46', os.name: 'Windows 10', os.arch: 'amd64', os.version: '10.0', java.version: '1.8.0_102'
Driver info: driver.version: RemoteWebDriver)

2018-06-04 12:48:59 - [MESSAGE][WARNING] - A browser is already opened. Closing browser and opening a new one

2018-06-04 12:49:01 - [MESSAGE][FAILED] - Unable to open browser with url: 'http://ahusonline.utv.derome.se/salj-portal' (Root cause: org.openqa.selenium.WebDriverException: org.apache.http.conn.HttpHostConnectException: Connect to localhost:13936 [localhost/127.0.0.1, localhost/0:0:0:0:0:0:0:1] failed: Connection refused: connect
Build info: version: '3.7.1', revision: '8a0099a', time: '2017-11-06T21:07:36.161Z'
System info: host: 'NEETHU-V', ip: '172.16.12.46', os.name: 'Windows 10', os.arch: 'amd64', os.version: '10.0', java.version: '1.8.0_102'
Driver info: driver.version: RemoteWebDriver)]]></system-out>
         <system-err><![CDATA[2018-06-04 12:48:59 - [TEST_CASE][FAILED] - Test Cases/Visit Seller Portal: Test Cases/Visit Seller Portal FAILED because (of) Unable to open browser with url: 'http://ahusonline.utv.derome.se/salj-portal' (Root cause: org.openqa.selenium.WebDriverException: org.apache.http.conn.HttpHostConnectException: Connect to localhost:13936 [localhost/127.0.0.1, localhost/0:0:0:0:0:0:0:1] failed: Connection refused: connect
Build info: version: '3.7.1', revision: '8a0099a', time: '2017-11-06T21:07:36.161Z'
System info: host: 'NEETHU-V', ip: '172.16.12.46', os.name: 'Windows 10', os.arch: 'amd64', os.version: '10.0', java.version: '1.8.0_102'
Driver info: driver.version: RemoteWebDriver)]]></system-err>
      </testcase>
      <testcase name="Test Cases/Seller Login" classname="Test Cases/Seller Login" status="FAILED">
         <failure type="FAILED" message="Unable to click on object 'Object Repository/Login as Seller/Seller Login - Username' (Root cause: org.openqa.selenium.NoSuchSessionException: Session ID is null. Using WebDriver after calling quit()?
Build info: version: '3.7.1', revision: '8a0099a', time: '2017-11-06T21:07:36.161Z'
System info: host: 'NEETHU-V', ip: '172.16.12.46', os.name: 'Windows 10', os.arch: 'amd64', os.version: '10.0', java.version: '1.8.0_102'
Driver info: driver.version: CFirefoxDriver)"/>
         <system-out><![CDATA[2018-06-04 12:49:01 - [TEST_CASE][FAILED] - Test Cases/Seller Login: Test Cases/Seller Login FAILED because (of) Unable to click on object 'Object Repository/Login as Seller/Seller Login - Username' (Root cause: org.openqa.selenium.NoSuchSessionException: Session ID is null. Using WebDriver after calling quit()?
Build info: version: '3.7.1', revision: '8a0099a', time: '2017-11-06T21:07:36.161Z'
System info: host: 'NEETHU-V', ip: '172.16.12.46', os.name: 'Windows 10', os.arch: 'amd64', os.version: '10.0', java.version: '1.8.0_102'
Driver info: driver.version: CFirefoxDriver)

2018-06-04 12:49:01 - [TEST_STEP][FAILED] - click: Unable to click on object 'Object Repository/Login as Seller/Seller Login - Username' (Root cause: org.openqa.selenium.NoSuchSessionException: Session ID is null. Using WebDriver after calling quit()?
Build info: version: '3.7.1', revision: '8a0099a', time: '2017-11-06T21:07:36.161Z'
System info: host: 'NEETHU-V', ip: '172.16.12.46', os.name: 'Windows 10', os.arch: 'amd64', os.version: '10.0', java.version: '1.8.0_102'
Driver info: driver.version: CFirefoxDriver)

2018-06-04 12:49:01 - [MESSAGE][WARNING] - Cannot take screenshot

2018-06-04 12:49:01 - [MESSAGE][FAILED] - Unable to click on object 'Object Repository/Login as Seller/Seller Login - Username' (Root cause: org.openqa.selenium.NoSuchSessionException: Session ID is null. Using WebDriver after calling quit()?
Build info: version: '3.7.1', revision: '8a0099a', time: '2017-11-06T21:07:36.161Z'
System info: host: 'NEETHU-V', ip: '172.16.12.46', os.name: 'Windows 10', os.arch: 'amd64', os.version: '10.0', java.version: '1.8.0_102'
Driver info: driver.version: CFirefoxDriver)]]></system-out>
         <system-err><![CDATA[2018-06-04 12:49:01 - [TEST_CASE][FAILED] - Test Cases/Seller Login: Test Cases/Seller Login FAILED because (of) Unable to click on object 'Object Repository/Login as Seller/Seller Login - Username' (Root cause: org.openqa.selenium.NoSuchSessionException: Session ID is null. Using WebDriver after calling quit()?
Build info: version: '3.7.1', revision: '8a0099a', time: '2017-11-06T21:07:36.161Z'
System info: host: 'NEETHU-V', ip: '172.16.12.46', os.name: 'Windows 10', os.arch: 'amd64', os.version: '10.0', java.version: '1.8.0_102'
Driver info: driver.version: CFirefoxDriver)]]></system-err>
      </testcase>
      <system-out><![CDATA[2018-06-04 12:43:21 - [TEST_SUITE][FAILED] - Customer Portal: Test Cases/Start page FAILED because (of) Unable to click on object 'Object Repository/Customer registration from HB/Close - strt page popup' (Root cause: com.kms.katalon.core.webui.exception.WebElementNotFoundException: Web element with id: 'Object Repository/Customer registration from HB/Close - strt page popup' located by 'By.xpath: //a[@href = 'http://ahusonline.utv.derome.se' and (text() = 'CLOSE' or . = 'CLOSE')]' not found)]]></system-out>
      <system-err><![CDATA[2018-06-04 12:43:21 - [TEST_SUITE][FAILED] - Customer Portal: Test Cases/Start page FAILED because (of) Unable to click on object 'Object Repository/Customer registration from HB/Close - strt page popup' (Root cause: com.kms.katalon.core.webui.exception.WebElementNotFoundException: Web element with id: 'Object Repository/Customer registration from HB/Close - strt page popup' located by 'By.xpath: //a[@href = 'http://ahusonline.utv.derome.se' and (text() = 'CLOSE' or . = 'CLOSE')]' not found)]]></system-err>
   </testsuite>
</testsuites>
